INFO  [Systems]: 2018-04-11 15:33:25.936--- [main] Starting MmallApplication on ZGV201U7WAB5CYS with PID 23988 (D:\workspace3\mmall\target\classes started by Administrator in D:\workspace3\mmall) - com.mmall.MmallApplication:
INFO  [Systems]: 2018-04-11 15:33:25.944--- [main] No active profile set, falling back to default profiles: default - com.mmall.MmallApplication:
INFO  [Systems]: 2018-04-11 15:33:26.101--- [main] Refreshing org.springframework.boot.web.servlet.context.AnnotationConfigServletWebServerApplicationContext@6ad59d92: startup date [Wed Apr 11 15:33:26 CST 2018]; root of context hierarchy - org.springframework.boot.web.servlet.context.AnnotationConfigServletWebServerApplicationContext:
INFO  [Systems]: 2018-04-11 15:33:27.700--- [main] Multiple Spring Data modules found, entering strict repository configuration mode! - org.springframework.data.repository.config.RepositoryConfigurationDelegate:
INFO  [Systems]: 2018-04-11 15:33:28.167--- [main] Bean 'org.springframework.ws.config.annotation.DelegatingWsConfiguration' of type [org.springframework.ws.config.annotation.DelegatingWsConfiguration$$EnhancerBySpringCGLIB$$a5408937] is not eligible for getting processed by all BeanPostProcessors (for example: not eligible for auto-proxying) - org.springframework.context.support.PostProcessorRegistrationDelegate$BeanPostProcessorChecker:
INFO  [Systems]: 2018-04-11 15:33:28.272--- [main] Supporting [WS-Addressing August 2004, WS-Addressing 1.0] - org.springframework.ws.soap.addressing.server.AnnotationActionEndpointMapping:
INFO  [Systems]: 2018-04-11 15:33:28.284--- [main] Bean 'org.springframework.cache.annotation.ProxyCachingConfiguration' of type [org.springframework.cache.annotation.ProxyCachingConfiguration$$EnhancerBySpringCGLIB$$49bafa56] is not eligible for getting processed by all BeanPostProcessors (for example: not eligible for auto-proxying) - org.springframework.context.support.PostProcessorRegistrationDelegate$BeanPostProcessorChecker:
INFO  [Systems]: 2018-04-11 15:33:28.290--- [main] Bean 'org.springframework.transaction.annotation.ProxyTransactionManagementConfiguration' of type [org.springframework.transaction.annotation.ProxyTransactionManagementConfiguration$$EnhancerBySpringCGLIB$$a8c438] is not eligible for getting processed by all BeanPostProcessors (for example: not eligible for auto-proxying) - org.springframework.context.support.PostProcessorRegistrationDelegate$BeanPostProcessorChecker:
INFO  [Systems]: 2018-04-11 15:33:28.718--- [main] Tomcat initialized with port(s): 8887 (http) - org.springframework.boot.web.embedded.tomcat.TomcatWebServer:
INFO  [Systems]: 2018-04-11 15:33:28.737--- [main] Initializing ProtocolHandler ["http-nio-8887"] - org.apache.coyote.http11.Http11NioProtocol:
INFO  [Systems]: 2018-04-11 15:33:28.747--- [main] Starting service [Tomcat] - org.apache.catalina.core.StandardService:
INFO  [Systems]: 2018-04-11 15:33:28.747--- [main] Starting Servlet Engine: Apache Tomcat/8.5.29 - org.apache.catalina.core.StandardEngine:
INFO  [Systems]: 2018-04-11 15:33:28.753--- [localhost-startStop-1] The APR based Apache Tomcat Native library which allows optimal performance in production environments was not found on the java.library.path: [C:\Program Files\Java\jdk1.8.0_131\bin;C:\Windows\Sun\Java\bin;C:\Windows\system32;C:\Windows;C:\ProgramData\Oracle\Java\javapath;C:\Windows\system32;C:\Windows;C:\Windows\System32\Wbem;C:\Windows\System32\WindowsPowerShell\v1.0\;F:\tools\maven\bin;C:\Program Files\Java\jdk1.8.0_131\bin;F:\tools\Git\cmd;C:\Program Files\MySQL\mysql-5.7.21-winx64\bin;C:\Program Files\OpenVPN\bin;.] - org.apache.catalina.core.AprLifecycleListener:
INFO  [Systems]: 2018-04-11 15:33:29.016--- [localhost-startStop-1] Initializing Spring embedded WebApplicationContext - org.apache.catalina.core.ContainerBase.[Tomcat].[localhost].[/]:
INFO  [Systems]: 2018-04-11 15:33:29.016--- [localhost-startStop-1] Root WebApplicationContext: initialization completed in 2915 ms - org.springframework.web.context.ContextLoader:
INFO  [Systems]: 2018-04-11 15:33:29.174--- [localhost-startStop-1] Servlet dispatcherServlet mapped to [/] - org.springframework.boot.web.servlet.ServletRegistrationBean:
INFO  [Systems]: 2018-04-11 15:33:29.176--- [localhost-startStop-1] Servlet messageDispatcherServlet mapped to [/services/*] - org.springframework.boot.web.servlet.ServletRegistrationBean:
INFO  [Systems]: 2018-04-11 15:33:29.181--- [localhost-startStop-1] Mapping filter: 'characterEncodingFilter' to: [/*] - org.springframework.boot.web.servlet.FilterRegistrationBean:
INFO  [Systems]: 2018-04-11 15:33:29.181--- [localhost-startStop-1] Mapping filter: 'hiddenHttpMethodFilter' to: [/*] - org.springframework.boot.web.servlet.FilterRegistrationBean:
INFO  [Systems]: 2018-04-11 15:33:29.181--- [localhost-startStop-1] Mapping filter: 'httpPutFormContentFilter' to: [/*] - org.springframework.boot.web.servlet.FilterRegistrationBean:
INFO  [Systems]: 2018-04-11 15:33:29.181--- [localhost-startStop-1] Mapping filter: 'requestContextFilter' to: [/*] - org.springframework.boot.web.servlet.FilterRegistrationBean:
INFO  [Systems]: 2018-04-11 15:33:30.354--- [main] Mapped "{[/category/addCategory],methods=[POST],produces=[application/json;charset=UTF-8]}" onto public com.mmall.common.Result com.mmall.controller.CategoryController.addCategory(javax.servlet.http.HttpSession,java.lang.String,int) - org.springframework.web.servlet.mvc.method.annotation.RequestMappingHandlerMapping:
INFO  [Systems]: 2018-04-11 15:33:30.355--- [main] Mapped "{[/category/setCategoryName],methods=[POST],produces=[application/json;charset=UTF-8]}" onto public com.mmall.common.Result com.mmall.controller.CategoryController.setCategoryName(javax.servlet.http.HttpSession,java.lang.String,java.lang.Integer) - org.springframework.web.servlet.mvc.method.annotation.RequestMappingHandlerMapping:
INFO  [Systems]: 2018-04-11 15:33:30.355--- [main] Mapped "{[/category/getChildParableCategory],methods=[GET],produces=[application/json;charset=UTF-8]}" onto public com.mmall.common.Result<java.util.List<com.mmall.domain.Category>> com.mmall.controller.CategoryController.getChildParableCategory(javax.servlet.http.HttpSession,java.lang.Integer) - org.springframework.web.servlet.mvc.method.annotation.RequestMappingHandlerMapping:
INFO  [Systems]: 2018-04-11 15:33:30.356--- [main] Mapped "{[/category/getChildDeepCategory],methods=[GET],produces=[application/json;charset=UTF-8]}" onto public com.mmall.common.Result<java.util.List<com.mmall.domain.Category>> com.mmall.controller.CategoryController.getChildDeepCategory(javax.servlet.http.HttpSession,java.lang.Integer) - org.springframework.web.servlet.mvc.method.annotation.RequestMappingHandlerMapping:
INFO  [Systems]: 2018-04-11 15:33:30.356--- [main] Mapped "{[/product/productList],methods=[POST],produces=[application/json;charset=UTF-8]}" onto public com.mmall.common.Result<com.github.pagehelper.PageInfo> com.mmall.controller.ProductController.list(com.mmall.common.PagerParam,javax.servlet.http.HttpSession) - org.springframework.web.servlet.mvc.method.annotation.RequestMappingHandlerMapping:
INFO  [Systems]: 2018-04-11 15:33:30.357--- [main] Mapped "{[/product/productSave],methods=[POST],produces=[application/json;charset=UTF-8]}" onto public com.mmall.common.Result com.mmall.controller.ProductController.productSave(javax.servlet.http.HttpSession,com.mmall.domain.ProductWithBLOBs) - org.springframework.web.servlet.mvc.method.annotation.RequestMappingHandlerMapping:
INFO  [Systems]: 2018-04-11 15:33:30.360--- [main] Mapped "{[/user/register],methods=[POST],produces=[application/json;charset=UTF-8]}" onto public com.mmall.common.Result<java.lang.String> com.mmall.controller.UserController.register(com.mmall.domain.User) - org.springframework.web.servlet.mvc.method.annotation.RequestMappingHandlerMapping:
INFO  [Systems]: 2018-04-11 15:33:30.360--- [main] Mapped "{[/user/getUserInfo/{userId}],methods=[GET],produces=[application/json;charset=UTF-8]}" onto public com.mmall.common.Result<com.mmall.domain.User> com.mmall.controller.UserController.getUserInfo(java.lang.Integer,javax.servlet.http.HttpSession) - org.springframework.web.servlet.mvc.method.annotation.RequestMappingHandlerMapping:
INFO  [Systems]: 2018-04-11 15:33:30.360--- [main] Mapped "{[/user/login],methods=[POST],produces=[application/json;charset=UTF-8]}" onto public com.mmall.common.Result<com.mmall.domain.User> com.mmall.controller.UserController.login(java.lang.String,java.lang.String,javax.servlet.http.HttpSession) - org.springframework.web.servlet.mvc.method.annotation.RequestMappingHandlerMapping:
INFO  [Systems]: 2018-04-11 15:33:30.361--- [main] Mapped "{[/user/loginOut],methods=[GET],produces=[application/json;charset=UTF-8]}" onto public com.mmall.common.Result<java.lang.String> com.mmall.controller.UserController.loginOut(javax.servlet.http.HttpSession) - org.springframework.web.servlet.mvc.method.annotation.RequestMappingHandlerMapping:
INFO  [Systems]: 2018-04-11 15:33:30.361--- [main] Mapped "{[/user/checkValid],methods=[GET],produces=[application/json;charset=UTF-8]}" onto public com.mmall.common.Result<java.lang.String> com.mmall.controller.UserController.checkValid(java.lang.String,java.lang.String) - org.springframework.web.servlet.mvc.method.annotation.RequestMappingHandlerMapping:
INFO  [Systems]: 2018-04-11 15:33:30.361--- [main] Mapped "{[/user/selectQuestion],methods=[GET],produces=[application/json;charset=UTF-8]}" onto public com.mmall.common.Result<java.lang.String> com.mmall.controller.UserController.selectQuestion(java.lang.String) - org.springframework.web.servlet.mvc.method.annotation.RequestMappingHandlerMapping:
INFO  [Systems]: 2018-04-11 15:33:30.364--- [main] Mapped "{[/user/checkAnswer],methods=[POST],produces=[application/json;charset=UTF-8]}" onto public com.mmall.common.Result<java.lang.String> com.mmall.controller.UserController.checkAnswer(com.mmall.domain.User) - org.springframework.web.servlet.mvc.method.annotation.RequestMappingHandlerMapping:
INFO  [Systems]: 2018-04-11 15:33:30.364--- [main] Mapped "{[/user/updatePassword],methods=[PATCH],produces=[application/json;charset=UTF-8]}" onto public com.mmall.common.Result<java.lang.String> com.mmall.controller.UserController.updatePassword(javax.servlet.http.HttpSession,java.lang.String,java.lang.String) - org.springframework.web.servlet.mvc.method.annotation.RequestMappingHandlerMapping:
INFO  [Systems]: 2018-04-11 15:33:30.364--- [main] Mapped "{[/user/updateUserInfo],methods=[PATCH],produces=[application/json;charset=UTF-8]}" onto public com.mmall.common.Result<com.mmall.domain.User> com.mmall.controller.UserController.updateUserInfo(javax.servlet.http.HttpSession,com.mmall.domain.User) - org.springframework.web.servlet.mvc.method.annotation.RequestMappingHandlerMapping:
INFO  [Systems]: 2018-04-11 15:33:30.365--- [main] Mapped "{[/user/forgetResetPassword],methods=[PATCH],produces=[application/json;charset=UTF-8]}" onto public com.mmall.common.Result<java.lang.String> com.mmall.controller.UserController.forgetResetPassword(java.lang.String,java.lang.String,java.lang.String) - org.springframework.web.servlet.mvc.method.annotation.RequestMappingHandlerMapping:
INFO  [Systems]: 2018-04-11 15:33:30.365--- [main] Mapped "{[/v2/api-docs],methods=[GET],produces=[application/json || application/hal+json]}" onto public org.springframework.http.ResponseEntity<springfox.documentation.spring.web.json.Json> springfox.documentation.swagger2.web.Swagger2Controller.getDocumentation(java.lang.String,javax.servlet.http.HttpServletRequest) - org.springframework.web.servlet.mvc.method.annotation.RequestMappingHandlerMapping:
INFO  [Systems]: 2018-04-11 15:33:30.368--- [main] Mapped "{[/swagger-resources/configuration/ui]}" onto org.springframework.http.ResponseEntity<springfox.documentation.swagger.web.UiConfiguration> springfox.documentation.swagger.web.ApiResourceController.uiConfiguration() - org.springframework.web.servlet.mvc.method.annotation.RequestMappingHandlerMapping:
INFO  [Systems]: 2018-04-11 15:33:30.369--- [main] Mapped "{[/swagger-resources]}" onto org.springframework.http.ResponseEntity<java.util.List<springfox.documentation.swagger.web.SwaggerResource>> springfox.documentation.swagger.web.ApiResourceController.swaggerResources() - org.springframework.web.servlet.mvc.method.annotation.RequestMappingHandlerMapping:
INFO  [Systems]: 2018-04-11 15:33:30.370--- [main] Mapped "{[/swagger-resources/configuration/security]}" onto org.springframework.http.ResponseEntity<springfox.documentation.swagger.web.SecurityConfiguration> springfox.documentation.swagger.web.ApiResourceController.securityConfiguration() - org.springframework.web.servlet.mvc.method.annotation.RequestMappingHandlerMapping:
INFO  [Systems]: 2018-04-11 15:33:30.372--- [main] Mapped "{[/error]}" onto public org.springframework.http.ResponseEntity<java.util.Map<java.lang.String, java.lang.Object>> org.springframework.boot.autoconfigure.web.servlet.error.BasicErrorController.error(javax.servlet.http.HttpServletRequest) - org.springframework.web.servlet.mvc.method.annotation.RequestMappingHandlerMapping:
INFO  [Systems]: 2018-04-11 15:33:30.373--- [main] Mapped "{[/error],produces=[text/html]}" onto public org.springframework.web.servlet.ModelAndView org.springframework.boot.autoconfigure.web.servlet.error.BasicErrorController.errorHtml(javax.servlet.http.HttpServletRequest,javax.servlet.http.HttpServletResponse) - org.springframework.web.servlet.mvc.method.annotation.RequestMappingHandlerMapping:
INFO  [Systems]: 2018-04-11 15:33:30.689--- [main] Mapped URL path [/**/favicon.ico] onto handler of type [class org.springframework.web.servlet.resource.ResourceHttpRequestHandler] - org.springframework.web.servlet.handler.SimpleUrlHandlerMapping:
INFO  [Systems]: 2018-04-11 15:33:30.879--- [main] Looking for @ControllerAdvice: org.springframework.boot.web.servlet.context.AnnotationConfigServletWebServerApplicationContext@6ad59d92: startup date [Wed Apr 11 15:33:26 CST 2018]; root of context hierarchy - org.springframework.web.servlet.mvc.method.annotation.RequestMappingHandlerAdapter:
INFO  [Systems]: 2018-04-11 15:33:30.938--- [main] Mapped URL path [/webjars/**] onto handler of type [class org.springframework.web.servlet.resource.ResourceHttpRequestHandler] - org.springframework.web.servlet.handler.SimpleUrlHandlerMapping:
INFO  [Systems]: 2018-04-11 15:33:30.938--- [main] Mapped URL path [/**] onto handler of type [class org.springframework.web.servlet.resource.ResourceHttpRequestHandler] - org.springframework.web.servlet.handler.SimpleUrlHandlerMapping:
INFO  [Systems]: 2018-04-11 15:33:31.771--- [main] Registering beans for JMX exposure on startup - org.springframework.jmx.export.annotation.AnnotationMBeanExporter:
INFO  [Systems]: 2018-04-11 15:33:31.773--- [main] Bean with name 'dataSource' has been autodetected for JMX exposure - org.springframework.jmx.export.annotation.AnnotationMBeanExporter:
INFO  [Systems]: 2018-04-11 15:33:31.779--- [main] Located MBean 'dataSource': registering with JMX server as MBean [com.zaxxer.hikari:name=dataSource,type=HikariDataSource] - org.springframework.jmx.export.annotation.AnnotationMBeanExporter:
INFO  [Systems]: 2018-04-11 15:33:31.802--- [main] Starting beans in phase 2147483647 - org.springframework.context.support.DefaultLifecycleProcessor:
INFO  [Systems]: 2018-04-11 15:33:31.802--- [main] Context refreshed - springfox.documentation.spring.web.plugins.DocumentationPluginsBootstrapper:
INFO  [Systems]: 2018-04-11 15:33:31.830--- [main] Found 1 custom documentation plugin(s) - springfox.documentation.spring.web.plugins.DocumentationPluginsBootstrapper:
INFO  [Systems]: 2018-04-11 15:33:31.841--- [main] Scanning for api listing references - springfox.documentation.spring.web.scanners.ApiListingReferenceScanner:
INFO  [Systems]: 2018-04-11 15:33:32.354--- [main] Starting ProtocolHandler ["http-nio-8887"] - org.apache.coyote.http11.Http11NioProtocol:
INFO  [Systems]: 2018-04-11 15:33:32.363--- [main] Using a shared selector for servlet write/read - org.apache.tomcat.util.net.NioSelectorPool:
INFO  [Systems]: 2018-04-11 15:33:32.380--- [main] Tomcat started on port(s): 8887 (http) with context path '' - org.springframework.boot.web.embedded.tomcat.TomcatWebServer:
INFO  [Systems]: 2018-04-11 15:33:32.384--- [main] Started MmallApplication in 7.407 seconds (JVM running for 8.421) - com.mmall.MmallApplication:
INFO  [Systems]: 2018-04-11 15:33:58.565--- [http-nio-8887-exec-1] Initializing Spring FrameworkServlet 'dispatcherServlet' - org.apache.catalina.core.ContainerBase.[Tomcat].[localhost].[/]:
INFO  [Systems]: 2018-04-11 15:33:58.565--- [http-nio-8887-exec-1] FrameworkServlet 'dispatcherServlet': initialization started - org.springframework.web.servlet.DispatcherServlet:
INFO  [Systems]: 2018-04-11 15:33:58.593--- [http-nio-8887-exec-1] FrameworkServlet 'dispatcherServlet': initialization completed in 28 ms - org.springframework.web.servlet.DispatcherServlet:
INFO  [Systems]: 2018-04-11 15:34:40.117--- [http-nio-8887-exec-1] HikariPool-1 - Starting... - com.zaxxer.hikari.HikariDataSource:
INFO  [Systems]: 2018-04-11 15:34:40.355--- [http-nio-8887-exec-1] HikariPool-1 - Start completed. - com.zaxxer.hikari.HikariDataSource:
DEBUG [Systems]: 2018-04-11 15:34:40.375--- [http-nio-8887-exec-1] ==>  Preparing: select count(*) from user WHERE ( username = ? )  - com.mmall.dao.UserMapper.countByExample:
DEBUG [Systems]: 2018-04-11 15:34:40.389--- [http-nio-8887-exec-1] ==> Parameters: techqiao(String) - com.mmall.dao.UserMapper.countByExample:
DEBUG [Systems]: 2018-04-11 15:34:40.410--- [http-nio-8887-exec-1] <==      Total: 1 - com.mmall.dao.UserMapper.countByExample:
DEBUG [Systems]: 2018-04-11 15:34:40.436--- [http-nio-8887-exec-1] ==>  Preparing: select id, username, password, email, phone, question, answer, role, create_time, update_time from user WHERE ( username = ? and password = ? )  - com.mmall.dao.UserMapper.selectByExample:
DEBUG [Systems]: 2018-04-11 15:34:40.437--- [http-nio-8887-exec-1] ==> Parameters: techqiao(String), E10ADC3949BA59ABBE56E057F20F883E(String) - com.mmall.dao.UserMapper.selectByExample:
DEBUG [Systems]: 2018-04-11 15:34:40.465--- [http-nio-8887-exec-1] <==      Total: 1 - com.mmall.dao.UserMapper.selectByExample:
DEBUG [Systems]: 2018-04-11 15:35:14.838--- [http-nio-8887-exec-6] ==>  Preparing: select count(*) from user WHERE ( username = ? )  - com.mmall.dao.UserMapper.countByExample:
DEBUG [Systems]: 2018-04-11 15:35:14.839--- [http-nio-8887-exec-6] ==> Parameters: techqiao(String) - com.mmall.dao.UserMapper.countByExample:
DEBUG [Systems]: 2018-04-11 15:35:14.840--- [http-nio-8887-exec-6] <==      Total: 1 - com.mmall.dao.UserMapper.countByExample:
DEBUG [Systems]: 2018-04-11 15:35:14.842--- [http-nio-8887-exec-6] ==>  Preparing: select id, username, password, email, phone, question, answer, role, create_time, update_time from user WHERE ( username = ? and password = ? )  - com.mmall.dao.UserMapper.selectByExample:
DEBUG [Systems]: 2018-04-11 15:35:14.842--- [http-nio-8887-exec-6] ==> Parameters: techqiao(String), E10ADC3949BA59ABBE56E057F20F883E(String) - com.mmall.dao.UserMapper.selectByExample:
DEBUG [Systems]: 2018-04-11 15:35:14.843--- [http-nio-8887-exec-6] <==      Total: 1 - com.mmall.dao.UserMapper.selectByExample:
DEBUG [Systems]: 2018-04-11 15:35:17.602--- [http-nio-8887-exec-7] ==>  Preparing: select id, category_id, name, subtitle, main_image, price, stock, status, create_time, update_time from product  - com.mmall.dao.ProductMapper.selectByExample:
DEBUG [Systems]: 2018-04-11 15:35:17.602--- [http-nio-8887-exec-7] ==> Parameters:  - com.mmall.dao.ProductMapper.selectByExample:
DEBUG [Systems]: 2018-04-11 15:35:17.605--- [http-nio-8887-exec-7] <==      Total: 4 - com.mmall.dao.ProductMapper.selectByExample:
INFO  [Systems]: 2018-04-11 15:40:54.254--- [main] Starting MmallApplication on ZGV201U7WAB5CYS with PID 23116 (D:\workspace3\mmall\target\classes started by Administrator in D:\workspace3\mmall) - com.mmall.MmallApplication:
INFO  [Systems]: 2018-04-11 15:40:54.259--- [main] No active profile set, falling back to default profiles: default - com.mmall.MmallApplication:
INFO  [Systems]: 2018-04-11 15:40:54.369--- [main] Refreshing org.springframework.boot.web.servlet.context.AnnotationConfigServletWebServerApplicationContext@5e8ac0e1: startup date [Wed Apr 11 15:40:54 CST 2018]; root of context hierarchy - org.springframework.boot.web.servlet.context.AnnotationConfigServletWebServerApplicationContext:
INFO  [Systems]: 2018-04-11 15:40:55.694--- [main] Multiple Spring Data modules found, entering strict repository configuration mode! - org.springframework.data.repository.config.RepositoryConfigurationDelegate:
INFO  [Systems]: 2018-04-11 15:40:56.280--- [main] Bean 'org.springframework.ws.config.annotation.DelegatingWsConfiguration' of type [org.springframework.ws.config.annotation.DelegatingWsConfiguration$$EnhancerBySpringCGLIB$$94e0996b] is not eligible for getting processed by all BeanPostProcessors (for example: not eligible for auto-proxying) - org.springframework.context.support.PostProcessorRegistrationDelegate$BeanPostProcessorChecker:
INFO  [Systems]: 2018-04-11 15:40:56.325--- [main] Supporting [WS-Addressing August 2004, WS-Addressing 1.0] - org.springframework.ws.soap.addressing.server.AnnotationActionEndpointMapping:
INFO  [Systems]: 2018-04-11 15:40:56.341--- [main] Bean 'org.springframework.cache.annotation.ProxyCachingConfiguration' of type [org.springframework.cache.annotation.ProxyCachingConfiguration$$EnhancerBySpringCGLIB$$395b0a8a] is not eligible for getting processed by all BeanPostProcessors (for example: not eligible for auto-proxying) - org.springframework.context.support.PostProcessorRegistrationDelegate$BeanPostProcessorChecker:
INFO  [Systems]: 2018-04-11 15:40:56.350--- [main] Bean 'org.springframework.transaction.annotation.ProxyTransactionManagementConfiguration' of type [org.springframework.transaction.annotation.ProxyTransactionManagementConfiguration$$EnhancerBySpringCGLIB$$f048d46c] is not eligible for getting processed by all BeanPostProcessors (for example: not eligible for auto-proxying) - org.springframework.context.support.PostProcessorRegistrationDelegate$BeanPostProcessorChecker:
INFO  [Systems]: 2018-04-11 15:40:56.852--- [main] Tomcat initialized with port(s): 8887 (http) - org.springframework.boot.web.embedded.tomcat.TomcatWebServer:
INFO  [Systems]: 2018-04-11 15:40:56.871--- [main] Initializing ProtocolHandler ["http-nio-8887"] - org.apache.coyote.http11.Http11NioProtocol:
INFO  [Systems]: 2018-04-11 15:40:56.888--- [main] Starting service [Tomcat] - org.apache.catalina.core.StandardService:
INFO  [Systems]: 2018-04-11 15:40:56.888--- [main] Starting Servlet Engine: Apache Tomcat/8.5.29 - org.apache.catalina.core.StandardEngine:
INFO  [Systems]: 2018-04-11 15:40:56.910--- [localhost-startStop-1] The APR based Apache Tomcat Native library which allows optimal performance in production environments was not found on the java.library.path: [C:\Program Files\Java\jdk1.8.0_131\bin;C:\Windows\Sun\Java\bin;C:\Windows\system32;C:\Windows;C:\ProgramData\Oracle\Java\javapath;C:\Windows\system32;C:\Windows;C:\Windows\System32\Wbem;C:\Windows\System32\WindowsPowerShell\v1.0\;F:\tools\maven\bin;C:\Program Files\Java\jdk1.8.0_131\bin;F:\tools\Git\cmd;C:\Program Files\MySQL\mysql-5.7.21-winx64\bin;C:\Program Files\OpenVPN\bin;.] - org.apache.catalina.core.AprLifecycleListener:
INFO  [Systems]: 2018-04-11 15:40:57.238--- [localhost-startStop-1] Initializing Spring embedded WebApplicationContext - org.apache.catalina.core.ContainerBase.[Tomcat].[localhost].[/]:
INFO  [Systems]: 2018-04-11 15:40:57.238--- [localhost-startStop-1] Root WebApplicationContext: initialization completed in 2870 ms - org.springframework.web.context.ContextLoader:
INFO  [Systems]: 2018-04-11 15:40:57.514--- [localhost-startStop-1] Servlet dispatcherServlet mapped to [/] - org.springframework.boot.web.servlet.ServletRegistrationBean:
INFO  [Systems]: 2018-04-11 15:40:57.515--- [localhost-startStop-1] Servlet messageDispatcherServlet mapped to [/services/*] - org.springframework.boot.web.servlet.ServletRegistrationBean:
INFO  [Systems]: 2018-04-11 15:40:57.522--- [localhost-startStop-1] Mapping filter: 'characterEncodingFilter' to: [/*] - org.springframework.boot.web.servlet.FilterRegistrationBean:
INFO  [Systems]: 2018-04-11 15:40:57.522--- [localhost-startStop-1] Mapping filter: 'hiddenHttpMethodFilter' to: [/*] - org.springframework.boot.web.servlet.FilterRegistrationBean:
INFO  [Systems]: 2018-04-11 15:40:57.522--- [localhost-startStop-1] Mapping filter: 'httpPutFormContentFilter' to: [/*] - org.springframework.boot.web.servlet.FilterRegistrationBean:
INFO  [Systems]: 2018-04-11 15:40:57.523--- [localhost-startStop-1] Mapping filter: 'requestContextFilter' to: [/*] - org.springframework.boot.web.servlet.FilterRegistrationBean:
INFO  [Systems]: 2018-04-11 15:40:58.614--- [main] Mapped "{[/category/addCategory],methods=[POST],produces=[application/json;charset=UTF-8]}" onto public com.mmall.common.Result com.mmall.controller.CategoryController.addCategory(javax.servlet.http.HttpSession,java.lang.String,int) - org.springframework.web.servlet.mvc.method.annotation.RequestMappingHandlerMapping:
INFO  [Systems]: 2018-04-11 15:40:58.615--- [main] Mapped "{[/category/setCategoryName],methods=[POST],produces=[application/json;charset=UTF-8]}" onto public com.mmall.common.Result com.mmall.controller.CategoryController.setCategoryName(javax.servlet.http.HttpSession,java.lang.String,java.lang.Integer) - org.springframework.web.servlet.mvc.method.annotation.RequestMappingHandlerMapping:
INFO  [Systems]: 2018-04-11 15:40:58.616--- [main] Mapped "{[/category/getChildParableCategory],methods=[GET],produces=[application/json;charset=UTF-8]}" onto public com.mmall.common.Result<java.util.List<com.mmall.domain.Category>> com.mmall.controller.CategoryController.getChildParableCategory(javax.servlet.http.HttpSession,java.lang.Integer) - org.springframework.web.servlet.mvc.method.annotation.RequestMappingHandlerMapping:
INFO  [Systems]: 2018-04-11 15:40:58.617--- [main] Mapped "{[/category/getChildDeepCategory],methods=[GET],produces=[application/json;charset=UTF-8]}" onto public com.mmall.common.Result<java.util.List<com.mmall.domain.Category>> com.mmall.controller.CategoryController.getChildDeepCategory(javax.servlet.http.HttpSession,java.lang.Integer) - org.springframework.web.servlet.mvc.method.annotation.RequestMappingHandlerMapping:
INFO  [Systems]: 2018-04-11 15:40:58.618--- [main] Mapped "{[/product/productList],methods=[POST],produces=[application/json;charset=UTF-8]}" onto public com.mmall.common.Result<com.github.pagehelper.PageInfo> com.mmall.controller.ProductController.list(com.mmall.common.PagerParam,javax.servlet.http.HttpSession) - org.springframework.web.servlet.mvc.method.annotation.RequestMappingHandlerMapping:
INFO  [Systems]: 2018-04-11 15:40:58.619--- [main] Mapped "{[/product/productSave],methods=[POST],produces=[application/json;charset=UTF-8]}" onto public com.mmall.common.Result com.mmall.controller.ProductController.productSave(javax.servlet.http.HttpSession,com.mmall.domain.ProductWithBLOBs) - org.springframework.web.servlet.mvc.method.annotation.RequestMappingHandlerMapping:
INFO  [Systems]: 2018-04-11 15:40:58.622--- [main] Mapped "{[/user/register],methods=[POST],produces=[application/json;charset=UTF-8]}" onto public com.mmall.common.Result<java.lang.String> com.mmall.controller.UserController.register(com.mmall.domain.User) - org.springframework.web.servlet.mvc.method.annotation.RequestMappingHandlerMapping:
INFO  [Systems]: 2018-04-11 15:40:58.623--- [main] Mapped "{[/user/getUserInfo/{userId}],methods=[GET],produces=[application/json;charset=UTF-8]}" onto public com.mmall.common.Result<com.mmall.domain.User> com.mmall.controller.UserController.getUserInfo(java.lang.Integer,javax.servlet.http.HttpSession) - org.springframework.web.servlet.mvc.method.annotation.RequestMappingHandlerMapping:
INFO  [Systems]: 2018-04-11 15:40:58.623--- [main] Mapped "{[/user/login],methods=[POST],produces=[application/json;charset=UTF-8]}" onto public com.mmall.common.Result<com.mmall.domain.User> com.mmall.controller.UserController.login(java.lang.String,java.lang.String,javax.servlet.http.HttpSession) - org.springframework.web.servlet.mvc.method.annotation.RequestMappingHandlerMapping:
INFO  [Systems]: 2018-04-11 15:40:58.623--- [main] Mapped "{[/user/loginOut],methods=[GET],produces=[application/json;charset=UTF-8]}" onto public com.mmall.common.Result<java.lang.String> com.mmall.controller.UserController.loginOut(javax.servlet.http.HttpSession) - org.springframework.web.servlet.mvc.method.annotation.RequestMappingHandlerMapping:
INFO  [Systems]: 2018-04-11 15:40:58.623--- [main] Mapped "{[/user/checkValid],methods=[GET],produces=[application/json;charset=UTF-8]}" onto public com.mmall.common.Result<java.lang.String> com.mmall.controller.UserController.checkValid(java.lang.String,java.lang.String) - org.springframework.web.servlet.mvc.method.annotation.RequestMappingHandlerMapping:
INFO  [Systems]: 2018-04-11 15:40:58.624--- [main] Mapped "{[/user/selectQuestion],methods=[GET],produces=[application/json;charset=UTF-8]}" onto public com.mmall.common.Result<java.lang.String> com.mmall.controller.UserController.selectQuestion(java.lang.String) - org.springframework.web.servlet.mvc.method.annotation.RequestMappingHandlerMapping:
INFO  [Systems]: 2018-04-11 15:40:58.626--- [main] Mapped "{[/user/checkAnswer],methods=[POST],produces=[application/json;charset=UTF-8]}" onto public com.mmall.common.Result<java.lang.String> com.mmall.controller.UserController.checkAnswer(com.mmall.domain.User) - org.springframework.web.servlet.mvc.method.annotation.RequestMappingHandlerMapping:
INFO  [Systems]: 2018-04-11 15:40:58.626--- [main] Mapped "{[/user/updatePassword],methods=[PATCH],produces=[application/json;charset=UTF-8]}" onto public com.mmall.common.Result<java.lang.String> com.mmall.controller.UserController.updatePassword(javax.servlet.http.HttpSession,java.lang.String,java.lang.String) - org.springframework.web.servlet.mvc.method.annotation.RequestMappingHandlerMapping:
INFO  [Systems]: 2018-04-11 15:40:58.627--- [main] Mapped "{[/user/updateUserInfo],methods=[PATCH],produces=[application/json;charset=UTF-8]}" onto public com.mmall.common.Result<com.mmall.domain.User> com.mmall.controller.UserController.updateUserInfo(javax.servlet.http.HttpSession,com.mmall.domain.User) - org.springframework.web.servlet.mvc.method.annotation.RequestMappingHandlerMapping:
INFO  [Systems]: 2018-04-11 15:40:58.627--- [main] Mapped "{[/user/forgetResetPassword],methods=[PATCH],produces=[application/json;charset=UTF-8]}" onto public com.mmall.common.Result<java.lang.String> com.mmall.controller.UserController.forgetResetPassword(java.lang.String,java.lang.String,java.lang.String) - org.springframework.web.servlet.mvc.method.annotation.RequestMappingHandlerMapping:
INFO  [Systems]: 2018-04-11 15:40:58.628--- [main] Mapped "{[/v2/api-docs],methods=[GET],produces=[application/json || application/hal+json]}" onto public org.springframework.http.ResponseEntity<springfox.documentation.spring.web.json.Json> springfox.documentation.swagger2.web.Swagger2Controller.getDocumentation(java.lang.String,javax.servlet.http.HttpServletRequest) - org.springframework.web.servlet.mvc.method.annotation.RequestMappingHandlerMapping:
INFO  [Systems]: 2018-04-11 15:40:58.631--- [main] Mapped "{[/swagger-resources/configuration/ui]}" onto org.springframework.http.ResponseEntity<springfox.documentation.swagger.web.UiConfiguration> springfox.documentation.swagger.web.ApiResourceController.uiConfiguration() - org.springframework.web.servlet.mvc.method.annotation.RequestMappingHandlerMapping:
INFO  [Systems]: 2018-04-11 15:40:58.632--- [main] Mapped "{[/swagger-resources]}" onto org.springframework.http.ResponseEntity<java.util.List<springfox.documentation.swagger.web.SwaggerResource>> springfox.documentation.swagger.web.ApiResourceController.swaggerResources() - org.springframework.web.servlet.mvc.method.annotation.RequestMappingHandlerMapping:
INFO  [Systems]: 2018-04-11 15:40:58.632--- [main] Mapped "{[/swagger-resources/configuration/security]}" onto org.springframework.http.ResponseEntity<springfox.documentation.swagger.web.SecurityConfiguration> springfox.documentation.swagger.web.ApiResourceController.securityConfiguration() - org.springframework.web.servlet.mvc.method.annotation.RequestMappingHandlerMapping:
INFO  [Systems]: 2018-04-11 15:40:58.635--- [main] Mapped "{[/error]}" onto public org.springframework.http.ResponseEntity<java.util.Map<java.lang.String, java.lang.Object>> org.springframework.boot.autoconfigure.web.servlet.error.BasicErrorController.error(javax.servlet.http.HttpServletRequest) - org.springframework.web.servlet.mvc.method.annotation.RequestMappingHandlerMapping:
INFO  [Systems]: 2018-04-11 15:40:58.636--- [main] Mapped "{[/error],produces=[text/html]}" onto public org.springframework.web.servlet.ModelAndView org.springframework.boot.autoconfigure.web.servlet.error.BasicErrorController.errorHtml(javax.servlet.http.HttpServletRequest,javax.servlet.http.HttpServletResponse) - org.springframework.web.servlet.mvc.method.annotation.RequestMappingHandlerMapping:
INFO  [Systems]: 2018-04-11 15:40:58.899--- [main] Mapped URL path [/**/favicon.ico] onto handler of type [class org.springframework.web.servlet.resource.ResourceHttpRequestHandler] - org.springframework.web.servlet.handler.SimpleUrlHandlerMapping:
INFO  [Systems]: 2018-04-11 15:40:59.105--- [main] Looking for @ControllerAdvice: org.springframework.boot.web.servlet.context.AnnotationConfigServletWebServerApplicationContext@5e8ac0e1: startup date [Wed Apr 11 15:40:54 CST 2018]; root of context hierarchy - org.springframework.web.servlet.mvc.method.annotation.RequestMappingHandlerAdapter:
INFO  [Systems]: 2018-04-11 15:40:59.190--- [main] Mapped URL path [/webjars/**] onto handler of type [class org.springframework.web.servlet.resource.ResourceHttpRequestHandler] - org.springframework.web.servlet.handler.SimpleUrlHandlerMapping:
INFO  [Systems]: 2018-04-11 15:40:59.190--- [main] Mapped URL path [/**] onto handler of type [class org.springframework.web.servlet.resource.ResourceHttpRequestHandler] - org.springframework.web.servlet.handler.SimpleUrlHandlerMapping:
INFO  [Systems]: 2018-04-11 15:40:59.847--- [main] Registering beans for JMX exposure on startup - org.springframework.jmx.export.annotation.AnnotationMBeanExporter:
INFO  [Systems]: 2018-04-11 15:40:59.850--- [main] Bean with name 'dataSource' has been autodetected for JMX exposure - org.springframework.jmx.export.annotation.AnnotationMBeanExporter:
INFO  [Systems]: 2018-04-11 15:40:59.861--- [main] Located MBean 'dataSource': registering with JMX server as MBean [com.zaxxer.hikari:name=dataSource,type=HikariDataSource] - org.springframework.jmx.export.annotation.AnnotationMBeanExporter:
INFO  [Systems]: 2018-04-11 15:40:59.871--- [main] Starting beans in phase 2147483647 - org.springframework.context.support.DefaultLifecycleProcessor:
INFO  [Systems]: 2018-04-11 15:40:59.871--- [main] Context refreshed - springfox.documentation.spring.web.plugins.DocumentationPluginsBootstrapper:
INFO  [Systems]: 2018-04-11 15:40:59.889--- [main] Found 1 custom documentation plugin(s) - springfox.documentation.spring.web.plugins.DocumentationPluginsBootstrapper:
INFO  [Systems]: 2018-04-11 15:40:59.901--- [main] Scanning for api listing references - springfox.documentation.spring.web.scanners.ApiListingReferenceScanner:
INFO  [Systems]: 2018-04-11 15:41:00.294--- [main] Starting ProtocolHandler ["http-nio-8887"] - org.apache.coyote.http11.Http11NioProtocol:
INFO  [Systems]: 2018-04-11 15:41:00.302--- [main] Using a shared selector for servlet write/read - org.apache.tomcat.util.net.NioSelectorPool:
INFO  [Systems]: 2018-04-11 15:41:00.317--- [main] Tomcat started on port(s): 8887 (http) with context path '' - org.springframework.boot.web.embedded.tomcat.TomcatWebServer:
INFO  [Systems]: 2018-04-11 15:41:00.321--- [main] Started MmallApplication in 6.688 seconds (JVM running for 7.919) - com.mmall.MmallApplication:
INFO  [Systems]: 2018-04-11 15:41:16.839--- [http-nio-8887-exec-1] Initializing Spring FrameworkServlet 'dispatcherServlet' - org.apache.catalina.core.ContainerBase.[Tomcat].[localhost].[/]:
INFO  [Systems]: 2018-04-11 15:41:16.840--- [http-nio-8887-exec-1] FrameworkServlet 'dispatcherServlet': initialization started - org.springframework.web.servlet.DispatcherServlet:
INFO  [Systems]: 2018-04-11 15:41:16.856--- [http-nio-8887-exec-1] FrameworkServlet 'dispatcherServlet': initialization completed in 16 ms - org.springframework.web.servlet.DispatcherServlet:
INFO  [Systems]: 2018-04-11 15:41:19.957--- [http-nio-8887-exec-2] HikariPool-1 - Starting... - com.zaxxer.hikari.HikariDataSource:
INFO  [Systems]: 2018-04-11 15:41:20.112--- [http-nio-8887-exec-2] HikariPool-1 - Start completed. - com.zaxxer.hikari.HikariDataSource:
DEBUG [Systems]: 2018-04-11 15:41:20.118--- [http-nio-8887-exec-2] ==>  Preparing: select count(*) from user WHERE ( username = ? )  - com.mmall.dao.UserMapper.countByExample:
DEBUG [Systems]: 2018-04-11 15:41:20.131--- [http-nio-8887-exec-2] ==> Parameters: techqiao(String) - com.mmall.dao.UserMapper.countByExample:
DEBUG [Systems]: 2018-04-11 15:41:20.143--- [http-nio-8887-exec-2] <==      Total: 1 - com.mmall.dao.UserMapper.countByExample:
DEBUG [Systems]: 2018-04-11 15:41:20.147--- [http-nio-8887-exec-2] ==>  Preparing: select id, username, password, email, phone, question, answer, role, create_time, update_time from user WHERE ( username = ? and password = ? )  - com.mmall.dao.UserMapper.selectByExample:
DEBUG [Systems]: 2018-04-11 15:41:20.147--- [http-nio-8887-exec-2] ==> Parameters: techqiao(String), E10ADC3949BA59ABBE56E057F20F883E(String) - com.mmall.dao.UserMapper.selectByExample:
DEBUG [Systems]: 2018-04-11 15:41:20.151--- [http-nio-8887-exec-2] <==      Total: 1 - com.mmall.dao.UserMapper.selectByExample:
DEBUG [Systems]: 2018-04-11 15:41:23.587--- [http-nio-8887-exec-3] ==>  Preparing: select id, category_id, name, subtitle, main_image, price, stock, status, create_time, update_time from product order by categoryId  - com.mmall.dao.ProductMapper.selectByExample:
DEBUG [Systems]: 2018-04-11 15:41:23.587--- [http-nio-8887-exec-3] ==> Parameters:  - com.mmall.dao.ProductMapper.selectByExample:
INFO  [Systems]: 2018-04-11 15:41:23.648--- [http-nio-8887-exec-3] Loading XML bean definitions from class path resource [org/springframework/jdbc/support/sql-error-codes.xml] - org.springframework.beans.factory.xml.XmlBeanDefinitionReader:
INFO  [Systems]: 2018-04-11 15:41:23.718--- [http-nio-8887-exec-3] SQLErrorCodes loaded: [DB2, Derby, H2, HDB, HSQL, Informix, MS-SQL, MySQL, Oracle, PostgreSQL, Sybase] - org.springframework.jdbc.support.SQLErrorCodesFactory:
ERROR [Systems]: 2018-04-11 15:41:23.788--- [http-nio-8887-exec-3] Servlet.service() for servlet [dispatcherServlet] in context with path [] threw exception [Request processing failed; nested exception is org.springframework.jdbc.BadSqlGrammarException: 
### Error querying database.  Cause: com.mysql.jdbc.exceptions.jdbc4.MySQLSyntaxErrorException: Unknown column 'categoryId' in 'order clause'
### The error may exist in file [D:\workspace3\mmall\target\classes\mapping\ProductMapper.xml]
### The error may involve com.mmall.dao.ProductMapper.selectByExample-Inline
### The error occurred while setting parameters
### SQL: select                      id, category_id, name, subtitle, main_image, price, stock, status, create_time, update_time         from product                                                 order by categoryId
### Cause: com.mysql.jdbc.exceptions.jdbc4.MySQLSyntaxErrorException: Unknown column 'categoryId' in 'order clause'
; bad SQL grammar []; nested exception is com.mysql.jdbc.exceptions.jdbc4.MySQLSyntaxErrorException: Unknown column 'categoryId' in 'order clause'] with root cause - org.apache.catalina.core.ContainerBase.[Tomcat].[localhost].[/].[dispatcherServlet]:

com.mysql.jdbc.exceptions.jdbc4.MySQLSyntaxErrorException: Unknown column 'categoryId' in 'order clause'
	at sun.reflect.NativeConstructorAccessorImpl.newInstance0(Native Method) ~[na:1.8.0_131]
	at sun.reflect.NativeConstructorAccessorImpl.newInstance(NativeConstructorAccessorImpl.java:62) ~[na:1.8.0_131]
	at sun.reflect.DelegatingConstructorAccessorImpl.newInstance(DelegatingConstructorAccessorImpl.java:45) ~[na:1.8.0_131]
	at java.lang.reflect.Constructor.newInstance(Constructor.java:423) ~[na:1.8.0_131]
	at com.mysql.jdbc.Util.handleNewInstance(Util.java:408) ~[mysql-connector-java-5.1.31.jar:na]
	at com.mysql.jdbc.Util.getInstance(Util.java:383) ~[mysql-connector-java-5.1.31.jar:na]
	at com.mysql.jdbc.SQLError.createSQLException(SQLError.java:1062) ~[mysql-connector-java-5.1.31.jar:na]
	at com.mysql.jdbc.MysqlIO.checkErrorPacket(MysqlIO.java:4226) ~[mysql-connector-java-5.1.31.jar:na]
	at com.mysql.jdbc.MysqlIO.checkErrorPacket(MysqlIO.java:4158) ~[mysql-connector-java-5.1.31.jar:na]
	at com.mysql.jdbc.MysqlIO.sendCommand(MysqlIO.java:2615) ~[mysql-connector-java-5.1.31.jar:na]
	at com.mysql.jdbc.MysqlIO.sqlQueryDirect(MysqlIO.java:2776) ~[mysql-connector-java-5.1.31.jar:na]
	at com.mysql.jdbc.ConnectionImpl.execSQL(ConnectionImpl.java:2840) ~[mysql-connector-java-5.1.31.jar:na]
	at com.mysql.jdbc.PreparedStatement.executeInternal(PreparedStatement.java:2082) ~[mysql-connector-java-5.1.31.jar:na]
	at com.mysql.jdbc.PreparedStatement.execute(PreparedStatement.java:1302) ~[mysql-connector-java-5.1.31.jar:na]
	at com.zaxxer.hikari.pool.ProxyPreparedStatement.execute(ProxyPreparedStatement.java:44) ~[HikariCP-2.7.8.jar:na]
	at com.zaxxer.hikari.pool.HikariProxyPreparedStatement.execute(HikariProxyPreparedStatement.java) ~[HikariCP-2.7.8.jar:na]
	at sun.reflect.NativeMethodAccessorImpl.invoke0(Native Method) ~[na:1.8.0_131]
	at sun.reflect.NativeMethodAccessorImpl.invoke(NativeMethodAccessorImpl.java:62) ~[na:1.8.0_131]
	at sun.reflect.DelegatingMethodAccessorImpl.invoke(DelegatingMethodAccessorImpl.java:43) ~[na:1.8.0_131]
	at java.lang.reflect.Method.invoke(Method.java:498) ~[na:1.8.0_131]
	at org.apache.ibatis.logging.jdbc.PreparedStatementLogger.invoke(PreparedStatementLogger.java:59) ~[mybatis-3.4.6.jar:3.4.6]
	at com.sun.proxy.$Proxy112.execute(Unknown Source) ~[na:na]
	at org.apache.ibatis.executor.statement.PreparedStatementHandler.query(PreparedStatementHandler.java:63) ~[mybatis-3.4.6.jar:3.4.6]
	at org.apache.ibatis.executor.statement.RoutingStatementHandler.query(RoutingStatementHandler.java:79) ~[mybatis-3.4.6.jar:3.4.6]
	at org.apache.ibatis.executor.SimpleExecutor.doQuery(SimpleExecutor.java:63) ~[mybatis-3.4.6.jar:3.4.6]
	at org.apache.ibatis.executor.BaseExecutor.queryFromDatabase(BaseExecutor.java:326) ~[mybatis-3.4.6.jar:3.4.6]
	at org.apache.ibatis.executor.BaseExecutor.query(BaseExecutor.java:156) ~[mybatis-3.4.6.jar:3.4.6]
	at org.apache.ibatis.executor.CachingExecutor.query(CachingExecutor.java:109) ~[mybatis-3.4.6.jar:3.4.6]
	at org.apache.ibatis.executor.CachingExecutor.query(CachingExecutor.java:83) ~[mybatis-3.4.6.jar:3.4.6]
	at org.apache.ibatis.session.defaults.DefaultSqlSession.selectList(DefaultSqlSession.java:148) ~[mybatis-3.4.6.jar:3.4.6]
	at org.apache.ibatis.session.defaults.DefaultSqlSession.selectList(DefaultSqlSession.java:141) ~[mybatis-3.4.6.jar:3.4.6]
	at sun.reflect.NativeMethodAccessorImpl.invoke0(Native Method) ~[na:1.8.0_131]
	at sun.reflect.NativeMethodAccessorImpl.invoke(NativeMethodAccessorImpl.java:62) ~[na:1.8.0_131]
	at sun.reflect.DelegatingMethodAccessorImpl.invoke(DelegatingMethodAccessorImpl.java:43) ~[na:1.8.0_131]
	at java.lang.reflect.Method.invoke(Method.java:498) ~[na:1.8.0_131]
	at org.mybatis.spring.SqlSessionTemplate$SqlSessionInterceptor.invoke(SqlSessionTemplate.java:433) ~[mybatis-spring-1.3.2.jar:1.3.2]
	at com.sun.proxy.$Proxy76.selectList(Unknown Source) ~[na:na]
	at org.mybatis.spring.SqlSessionTemplate.selectList(SqlSessionTemplate.java:230) ~[mybatis-spring-1.3.2.jar:1.3.2]
	at org.apache.ibatis.binding.MapperMethod.executeForMany(MapperMethod.java:139) ~[mybatis-3.4.6.jar:3.4.6]
	at org.apache.ibatis.binding.MapperMethod.execute(MapperMethod.java:76) ~[mybatis-3.4.6.jar:3.4.6]
	at org.apache.ibatis.binding.MapperProxy.invoke(MapperProxy.java:59) ~[mybatis-3.4.6.jar:3.4.6]
	at com.sun.proxy.$Proxy82.selectByExample(Unknown Source) ~[na:na]
	at com.mmall.service.impl.ProductServiceImpl.getProductList(ProductServiceImpl.java:62) ~[classes/:na]
	at com.mmall.controller.ProductController.list(ProductController.java:59) ~[classes/:na]
	at sun.reflect.NativeMethodAccessorImpl.invoke0(Native Method) ~[na:1.8.0_131]
	at sun.reflect.NativeMethodAccessorImpl.invoke(NativeMethodAccessorImpl.java:62) ~[na:1.8.0_131]
	at sun.reflect.DelegatingMethodAccessorImpl.invoke(DelegatingMethodAccessorImpl.java:43) ~[na:1.8.0_131]
	at java.lang.reflect.Method.invoke(Method.java:498) ~[na:1.8.0_131]
	at org.springframework.web.method.support.InvocableHandlerMethod.doInvoke(InvocableHandlerMethod.java:209) ~[spring-web-5.0.5.RELEASE.jar:5.0.5.RELEASE]
	at org.springframework.web.method.support.InvocableHandlerMethod.invokeForRequest(InvocableHandlerMethod.java:136) ~[spring-web-5.0.5.RELEASE.jar:5.0.5.RELEASE]
	at org.springframework.web.servlet.mvc.method.annotation.ServletInvocableHandlerMethod.invokeAndHandle(ServletInvocableHandlerMethod.java:102) ~[spring-webmvc-5.0.5.RELEASE.jar:5.0.5.RELEASE]
	at org.springframework.web.servlet.mvc.method.annotation.RequestMappingHandlerAdapter.invokeHandlerMethod(RequestMappingHandlerAdapter.java:877) ~[spring-webmvc-5.0.5.RELEASE.jar:5.0.5.RELEASE]
	at org.springframework.web.servlet.mvc.method.annotation.RequestMappingHandlerAdapter.handleInternal(RequestMappingHandlerAdapter.java:783) ~[spring-webmvc-5.0.5.RELEASE.jar:5.0.5.RELEASE]
	at org.springframework.web.servlet.mvc.method.AbstractHandlerMethodAdapter.handle(AbstractHandlerMethodAdapter.java:87) ~[spring-webmvc-5.0.5.RELEASE.jar:5.0.5.RELEASE]
	at org.springframework.web.servlet.DispatcherServlet.doDispatch(DispatcherServlet.java:991) ~[spring-webmvc-5.0.5.RELEASE.jar:5.0.5.RELEASE]
	at org.springframework.web.servlet.DispatcherServlet.doService(DispatcherServlet.java:925) ~[spring-webmvc-5.0.5.RELEASE.jar:5.0.5.RELEASE]
	at org.springframework.web.servlet.FrameworkServlet.processRequest(FrameworkServlet.java:974) ~[spring-webmvc-5.0.5.RELEASE.jar:5.0.5.RELEASE]
	at org.springframework.web.servlet.FrameworkServlet.doPost(FrameworkServlet.java:877) ~[spring-webmvc-5.0.5.RELEASE.jar:5.0.5.RELEASE]
	at javax.servlet.http.HttpServlet.service(HttpServlet.java:661) ~[tomcat-embed-core-8.5.29.jar:8.5.29]
	at org.springframework.web.servlet.FrameworkServlet.service(FrameworkServlet.java:851) ~[spring-webmvc-5.0.5.RELEASE.jar:5.0.5.RELEASE]
	at javax.servlet.http.HttpServlet.service(HttpServlet.java:742) ~[tomcat-embed-core-8.5.29.jar:8.5.29]
	at org.apache.catalina.core.ApplicationFilterChain.internalDoFilter(ApplicationFilterChain.java:231) ~[tomcat-embed-core-8.5.29.jar:8.5.29]
	at org.apache.catalina.core.ApplicationFilterChain.doFilter(ApplicationFilterChain.java:166) ~[tomcat-embed-core-8.5.29.jar:8.5.29]
	at org.apache.tomcat.websocket.server.WsFilter.doFilter(WsFilter.java:52) ~[tomcat-embed-websocket-8.5.29.jar:8.5.29]
	at org.apache.catalina.core.ApplicationFilterChain.internalDoFilter(ApplicationFilterChain.java:193) ~[tomcat-embed-core-8.5.29.jar:8.5.29]
	at org.apache.catalina.core.ApplicationFilterChain.doFilter(ApplicationFilterChain.java:166) ~[tomcat-embed-core-8.5.29.jar:8.5.29]
	at org.springframework.web.filter.RequestContextFilter.doFilterInternal(RequestContextFilter.java:99) ~[spring-web-5.0.5.RELEASE.jar:5.0.5.RELEASE]
	at org.springframework.web.filter.OncePerRequestFilter.doFilter(OncePerRequestFilter.java:107) ~[spring-web-5.0.5.RELEASE.jar:5.0.5.RELEASE]
	at org.apache.catalina.core.ApplicationFilterChain.internalDoFilter(ApplicationFilterChain.java:193) ~[tomcat-embed-core-8.5.29.jar:8.5.29]
	at org.apache.catalina.core.ApplicationFilterChain.doFilter(ApplicationFilterChain.java:166) ~[tomcat-embed-core-8.5.29.jar:8.5.29]
	at org.springframework.web.filter.HttpPutFormContentFilter.doFilterInternal(HttpPutFormContentFilter.java:109) ~[spring-web-5.0.5.RELEASE.jar:5.0.5.RELEASE]
	at org.springframework.web.filter.OncePerRequestFilter.doFilter(OncePerRequestFilter.java:107) ~[spring-web-5.0.5.RELEASE.jar:5.0.5.RELEASE]
	at org.apache.catalina.core.ApplicationFilterChain.internalDoFilter(ApplicationFilterChain.java:193) ~[tomcat-embed-core-8.5.29.jar:8.5.29]
	at org.apache.catalina.core.ApplicationFilterChain.doFilter(ApplicationFilterChain.java:166) ~[tomcat-embed-core-8.5.29.jar:8.5.29]
	at org.springframework.web.filter.HiddenHttpMethodFilter.doFilterInternal(HiddenHttpMethodFilter.java:81) ~[spring-web-5.0.5.RELEASE.jar:5.0.5.RELEASE]
	at org.springframework.web.filter.OncePerRequestFilter.doFilter(OncePerRequestFilter.java:107) ~[spring-web-5.0.5.RELEASE.jar:5.0.5.RELEASE]
	at org.apache.catalina.core.ApplicationFilterChain.internalDoFilter(ApplicationFilterChain.java:193) ~[tomcat-embed-core-8.5.29.jar:8.5.29]
	at org.apache.catalina.core.ApplicationFilterChain.doFilter(ApplicationFilterChain.java:166) ~[tomcat-embed-core-8.5.29.jar:8.5.29]
	at org.springframework.web.filter.CharacterEncodingFilter.doFilterInternal(CharacterEncodingFilter.java:200) ~[spring-web-5.0.5.RELEASE.jar:5.0.5.RELEASE]
	at org.springframework.web.filter.OncePerRequestFilter.doFilter(OncePerRequestFilter.java:107) ~[spring-web-5.0.5.RELEASE.jar:5.0.5.RELEASE]
	at org.apache.catalina.core.ApplicationFilterChain.internalDoFilter(ApplicationFilterChain.java:193) ~[tomcat-embed-core-8.5.29.jar:8.5.29]
	at org.apache.catalina.core.ApplicationFilterChain.doFilter(ApplicationFilterChain.java:166) ~[tomcat-embed-core-8.5.29.jar:8.5.29]
	at org.apache.catalina.core.StandardWrapperValve.invoke(StandardWrapperValve.java:198) ~[tomcat-embed-core-8.5.29.jar:8.5.29]
	at org.apache.catalina.core.StandardContextValve.invoke(StandardContextValve.java:96) [tomcat-embed-core-8.5.29.jar:8.5.29]
	at org.apache.catalina.authenticator.AuthenticatorBase.invoke(AuthenticatorBase.java:496) [tomcat-embed-core-8.5.29.jar:8.5.29]
	at org.apache.catalina.core.StandardHostValve.invoke(StandardHostValve.java:140) [tomcat-embed-core-8.5.29.jar:8.5.29]
	at org.apache.catalina.valves.ErrorReportValve.invoke(ErrorReportValve.java:81) [tomcat-embed-core-8.5.29.jar:8.5.29]
	at org.apache.catalina.core.StandardEngineValve.invoke(StandardEngineValve.java:87) [tomcat-embed-core-8.5.29.jar:8.5.29]
	at org.apache.catalina.connector.CoyoteAdapter.service(CoyoteAdapter.java:342) [tomcat-embed-core-8.5.29.jar:8.5.29]
	at org.apache.coyote.http11.Http11Processor.service(Http11Processor.java:803) [tomcat-embed-core-8.5.29.jar:8.5.29]
	at org.apache.coyote.AbstractProcessorLight.process(AbstractProcessorLight.java:66) [tomcat-embed-core-8.5.29.jar:8.5.29]
	at org.apache.coyote.AbstractProtocol$ConnectionHandler.process(AbstractProtocol.java:790) [tomcat-embed-core-8.5.29.jar:8.5.29]
	at org.apache.tomcat.util.net.NioEndpoint$SocketProcessor.doRun(NioEndpoint.java:1459) [tomcat-embed-core-8.5.29.jar:8.5.29]
	at org.apache.tomcat.util.net.SocketProcessorBase.run(SocketProcessorBase.java:49) [tomcat-embed-core-8.5.29.jar:8.5.29]
	at java.util.concurrent.ThreadPoolExecutor.runWorker(ThreadPoolExecutor.java:1142) [na:1.8.0_131]
	at java.util.concurrent.ThreadPoolExecutor$Worker.run(ThreadPoolExecutor.java:617) [na:1.8.0_131]
	at org.apache.tomcat.util.threads.TaskThread$WrappingRunnable.run(TaskThread.java:61) [tomcat-embed-core-8.5.29.jar:8.5.29]
	at java.lang.Thread.run(Thread.java:748) [na:1.8.0_131]

INFO  [Systems]: 2018-04-11 15:41:55.131--- [main] Starting MmallApplication on ZGV201U7WAB5CYS with PID 20264 (D:\workspace3\mmall\target\classes started by Administrator in D:\workspace3\mmall) - com.mmall.MmallApplication:
INFO  [Systems]: 2018-04-11 15:41:55.135--- [main] No active profile set, falling back to default profiles: default - com.mmall.MmallApplication:
INFO  [Systems]: 2018-04-11 15:41:55.205--- [main] Refreshing org.springframework.boot.web.servlet.context.AnnotationConfigServletWebServerApplicationContext@42721fe: startup date [Wed Apr 11 15:41:55 CST 2018]; root of context hierarchy - org.springframework.boot.web.servlet.context.AnnotationConfigServletWebServerApplicationContext:
INFO  [Systems]: 2018-04-11 15:41:56.382--- [main] Multiple Spring Data modules found, entering strict repository configuration mode! - org.springframework.data.repository.config.RepositoryConfigurationDelegate:
INFO  [Systems]: 2018-04-11 15:41:57.198--- [main] Bean 'org.springframework.ws.config.annotation.DelegatingWsConfiguration' of type [org.springframework.ws.config.annotation.DelegatingWsConfiguration$$EnhancerBySpringCGLIB$$47a6e860] is not eligible for getting processed by all BeanPostProcessors (for example: not eligible for auto-proxying) - org.springframework.context.support.PostProcessorRegistrationDelegate$BeanPostProcessorChecker:
INFO  [Systems]: 2018-04-11 15:41:57.244--- [main] Supporting [WS-Addressing August 2004, WS-Addressing 1.0] - org.springframework.ws.soap.addressing.server.AnnotationActionEndpointMapping:
INFO  [Systems]: 2018-04-11 15:41:57.259--- [main] Bean 'org.springframework.cache.annotation.ProxyCachingConfiguration' of type [org.springframework.cache.annotation.ProxyCachingConfiguration$$EnhancerBySpringCGLIB$$ec21597f] is not eligible for getting processed by all BeanPostProcessors (for example: not eligible for auto-proxying) - org.springframework.context.support.PostProcessorRegistrationDelegate$BeanPostProcessorChecker:
INFO  [Systems]: 2018-04-11 15:41:57.266--- [main] Bean 'org.springframework.transaction.annotation.ProxyTransactionManagementConfiguration' of type [org.springframework.transaction.annotation.ProxyTransactionManagementConfiguration$$EnhancerBySpringCGLIB$$a30f2361] is not eligible for getting processed by all BeanPostProcessors (for example: not eligible for auto-proxying) - org.springframework.context.support.PostProcessorRegistrationDelegate$BeanPostProcessorChecker:
INFO  [Systems]: 2018-04-11 15:41:57.595--- [main] Tomcat initialized with port(s): 8887 (http) - org.springframework.boot.web.embedded.tomcat.TomcatWebServer:
INFO  [Systems]: 2018-04-11 15:41:57.606--- [main] Initializing ProtocolHandler ["http-nio-8887"] - org.apache.coyote.http11.Http11NioProtocol:
INFO  [Systems]: 2018-04-11 15:41:57.616--- [main] Starting service [Tomcat] - org.apache.catalina.core.StandardService:
INFO  [Systems]: 2018-04-11 15:41:57.616--- [main] Starting Servlet Engine: Apache Tomcat/8.5.29 - org.apache.catalina.core.StandardEngine:
INFO  [Systems]: 2018-04-11 15:41:57.621--- [localhost-startStop-1] The APR based Apache Tomcat Native library which allows optimal performance in production environments was not found on the java.library.path: [C:\Program Files\Java\jdk1.8.0_131\bin;C:\Windows\Sun\Java\bin;C:\Windows\system32;C:\Windows;C:\ProgramData\Oracle\Java\javapath;C:\Windows\system32;C:\Windows;C:\Windows\System32\Wbem;C:\Windows\System32\WindowsPowerShell\v1.0\;F:\tools\maven\bin;C:\Program Files\Java\jdk1.8.0_131\bin;F:\tools\Git\cmd;C:\Program Files\MySQL\mysql-5.7.21-winx64\bin;C:\Program Files\OpenVPN\bin;.] - org.apache.catalina.core.AprLifecycleListener:
INFO  [Systems]: 2018-04-11 15:41:57.722--- [localhost-startStop-1] Initializing Spring embedded WebApplicationContext - org.apache.catalina.core.ContainerBase.[Tomcat].[localhost].[/]:
INFO  [Systems]: 2018-04-11 15:41:57.723--- [localhost-startStop-1] Root WebApplicationContext: initialization completed in 2518 ms - org.springframework.web.context.ContextLoader:
INFO  [Systems]: 2018-04-11 15:41:57.871--- [localhost-startStop-1] Servlet dispatcherServlet mapped to [/] - org.springframework.boot.web.servlet.ServletRegistrationBean:
INFO  [Systems]: 2018-04-11 15:41:57.873--- [localhost-startStop-1] Servlet messageDispatcherServlet mapped to [/services/*] - org.springframework.boot.web.servlet.ServletRegistrationBean:
INFO  [Systems]: 2018-04-11 15:41:57.880--- [localhost-startStop-1] Mapping filter: 'characterEncodingFilter' to: [/*] - org.springframework.boot.web.servlet.FilterRegistrationBean:
INFO  [Systems]: 2018-04-11 15:41:57.880--- [localhost-startStop-1] Mapping filter: 'hiddenHttpMethodFilter' to: [/*] - org.springframework.boot.web.servlet.FilterRegistrationBean:
INFO  [Systems]: 2018-04-11 15:41:57.880--- [localhost-startStop-1] Mapping filter: 'httpPutFormContentFilter' to: [/*] - org.springframework.boot.web.servlet.FilterRegistrationBean:
INFO  [Systems]: 2018-04-11 15:41:57.881--- [localhost-startStop-1] Mapping filter: 'requestContextFilter' to: [/*] - org.springframework.boot.web.servlet.FilterRegistrationBean:
INFO  [Systems]: 2018-04-11 15:41:58.781--- [main] Mapped "{[/category/getChildParableCategory],methods=[GET],produces=[application/json;charset=UTF-8]}" onto public com.mmall.common.Result<java.util.List<com.mmall.domain.Category>> com.mmall.controller.CategoryController.getChildParableCategory(javax.servlet.http.HttpSession,java.lang.Integer) - org.springframework.web.servlet.mvc.method.annotation.RequestMappingHandlerMapping:
INFO  [Systems]: 2018-04-11 15:41:58.782--- [main] Mapped "{[/category/getChildDeepCategory],methods=[GET],produces=[application/json;charset=UTF-8]}" onto public com.mmall.common.Result<java.util.List<com.mmall.domain.Category>> com.mmall.controller.CategoryController.getChildDeepCategory(javax.servlet.http.HttpSession,java.lang.Integer) - org.springframework.web.servlet.mvc.method.annotation.RequestMappingHandlerMapping:
INFO  [Systems]: 2018-04-11 15:41:58.783--- [main] Mapped "{[/category/addCategory],methods=[POST],produces=[application/json;charset=UTF-8]}" onto public com.mmall.common.Result com.mmall.controller.CategoryController.addCategory(javax.servlet.http.HttpSession,java.lang.String,int) - org.springframework.web.servlet.mvc.method.annotation.RequestMappingHandlerMapping:
INFO  [Systems]: 2018-04-11 15:41:58.783--- [main] Mapped "{[/category/setCategoryName],methods=[POST],produces=[application/json;charset=UTF-8]}" onto public com.mmall.common.Result com.mmall.controller.CategoryController.setCategoryName(javax.servlet.http.HttpSession,java.lang.String,java.lang.Integer) - org.springframework.web.servlet.mvc.method.annotation.RequestMappingHandlerMapping:
INFO  [Systems]: 2018-04-11 15:41:58.784--- [main] Mapped "{[/product/productList],methods=[POST],produces=[application/json;charset=UTF-8]}" onto public com.mmall.common.Result<com.github.pagehelper.PageInfo> com.mmall.controller.ProductController.list(com.mmall.common.PagerParam,javax.servlet.http.HttpSession) - org.springframework.web.servlet.mvc.method.annotation.RequestMappingHandlerMapping:
INFO  [Systems]: 2018-04-11 15:41:58.785--- [main] Mapped "{[/product/productSave],methods=[POST],produces=[application/json;charset=UTF-8]}" onto public com.mmall.common.Result com.mmall.controller.ProductController.productSave(javax.servlet.http.HttpSession,com.mmall.domain.ProductWithBLOBs) - org.springframework.web.servlet.mvc.method.annotation.RequestMappingHandlerMapping:
INFO  [Systems]: 2018-04-11 15:41:58.788--- [main] Mapped "{[/user/register],methods=[POST],produces=[application/json;charset=UTF-8]}" onto public com.mmall.common.Result<java.lang.String> com.mmall.controller.UserController.register(com.mmall.domain.User) - org.springframework.web.servlet.mvc.method.annotation.RequestMappingHandlerMapping:
INFO  [Systems]: 2018-04-11 15:41:58.788--- [main] Mapped "{[/user/getUserInfo/{userId}],methods=[GET],produces=[application/json;charset=UTF-8]}" onto public com.mmall.common.Result<com.mmall.domain.User> com.mmall.controller.UserController.getUserInfo(java.lang.Integer,javax.servlet.http.HttpSession) - org.springframework.web.servlet.mvc.method.annotation.RequestMappingHandlerMapping:
INFO  [Systems]: 2018-04-11 15:41:58.789--- [main] Mapped "{[/user/forgetResetPassword],methods=[PATCH],produces=[application/json;charset=UTF-8]}" onto public com.mmall.common.Result<java.lang.String> com.mmall.controller.UserController.forgetResetPassword(java.lang.String,java.lang.String,java.lang.String) - org.springframework.web.servlet.mvc.method.annotation.RequestMappingHandlerMapping:
INFO  [Systems]: 2018-04-11 15:41:58.789--- [main] Mapped "{[/user/login],methods=[POST],produces=[application/json;charset=UTF-8]}" onto public com.mmall.common.Result<com.mmall.domain.User> com.mmall.controller.UserController.login(java.lang.String,java.lang.String,javax.servlet.http.HttpSession) - org.springframework.web.servlet.mvc.method.annotation.RequestMappingHandlerMapping:
INFO  [Systems]: 2018-04-11 15:41:58.789--- [main] Mapped "{[/user/loginOut],methods=[GET],produces=[application/json;charset=UTF-8]}" onto public com.mmall.common.Result<java.lang.String> com.mmall.controller.UserController.loginOut(javax.servlet.http.HttpSession) - org.springframework.web.servlet.mvc.method.annotation.RequestMappingHandlerMapping:
INFO  [Systems]: 2018-04-11 15:41:58.790--- [main] Mapped "{[/user/checkValid],methods=[GET],produces=[application/json;charset=UTF-8]}" onto public com.mmall.common.Result<java.lang.String> com.mmall.controller.UserController.checkValid(java.lang.String,java.lang.String) - org.springframework.web.servlet.mvc.method.annotation.RequestMappingHandlerMapping:
INFO  [Systems]: 2018-04-11 15:41:58.792--- [main] Mapped "{[/user/selectQuestion],methods=[GET],produces=[application/json;charset=UTF-8]}" onto public com.mmall.common.Result<java.lang.String> com.mmall.controller.UserController.selectQuestion(java.lang.String) - org.springframework.web.servlet.mvc.method.annotation.RequestMappingHandlerMapping:
INFO  [Systems]: 2018-04-11 15:41:58.792--- [main] Mapped "{[/user/checkAnswer],methods=[POST],produces=[application/json;charset=UTF-8]}" onto public com.mmall.common.Result<java.lang.String> com.mmall.controller.UserController.checkAnswer(com.mmall.domain.User) - org.springframework.web.servlet.mvc.method.annotation.RequestMappingHandlerMapping:
INFO  [Systems]: 2018-04-11 15:41:58.793--- [main] Mapped "{[/user/updatePassword],methods=[PATCH],produces=[application/json;charset=UTF-8]}" onto public com.mmall.common.Result<java.lang.String> com.mmall.controller.UserController.updatePassword(javax.servlet.http.HttpSession,java.lang.String,java.lang.String) - org.springframework.web.servlet.mvc.method.annotation.RequestMappingHandlerMapping:
INFO  [Systems]: 2018-04-11 15:41:58.793--- [main] Mapped "{[/user/updateUserInfo],methods=[PATCH],produces=[application/json;charset=UTF-8]}" onto public com.mmall.common.Result<com.mmall.domain.User> com.mmall.controller.UserController.updateUserInfo(javax.servlet.http.HttpSession,com.mmall.domain.User) - org.springframework.web.servlet.mvc.method.annotation.RequestMappingHandlerMapping:
INFO  [Systems]: 2018-04-11 15:41:58.794--- [main] Mapped "{[/v2/api-docs],methods=[GET],produces=[application/json || application/hal+json]}" onto public org.springframework.http.ResponseEntity<springfox.documentation.spring.web.json.Json> springfox.documentation.swagger2.web.Swagger2Controller.getDocumentation(java.lang.String,javax.servlet.http.HttpServletRequest) - org.springframework.web.servlet.mvc.method.annotation.RequestMappingHandlerMapping:
INFO  [Systems]: 2018-04-11 15:41:58.797--- [main] Mapped "{[/swagger-resources/configuration/ui]}" onto org.springframework.http.ResponseEntity<springfox.documentation.swagger.web.UiConfiguration> springfox.documentation.swagger.web.ApiResourceController.uiConfiguration() - org.springframework.web.servlet.mvc.method.annotation.RequestMappingHandlerMapping:
INFO  [Systems]: 2018-04-11 15:41:58.798--- [main] Mapped "{[/swagger-resources]}" onto org.springframework.http.ResponseEntity<java.util.List<springfox.documentation.swagger.web.SwaggerResource>> springfox.documentation.swagger.web.ApiResourceController.swaggerResources() - org.springframework.web.servlet.mvc.method.annotation.RequestMappingHandlerMapping:
INFO  [Systems]: 2018-04-11 15:41:58.798--- [main] Mapped "{[/swagger-resources/configuration/security]}" onto org.springframework.http.ResponseEntity<springfox.documentation.swagger.web.SecurityConfiguration> springfox.documentation.swagger.web.ApiResourceController.securityConfiguration() - org.springframework.web.servlet.mvc.method.annotation.RequestMappingHandlerMapping:
INFO  [Systems]: 2018-04-11 15:41:58.801--- [main] Mapped "{[/error]}" onto public org.springframework.http.ResponseEntity<java.util.Map<java.lang.String, java.lang.Object>> org.springframework.boot.autoconfigure.web.servlet.error.BasicErrorController.error(javax.servlet.http.HttpServletRequest) - org.springframework.web.servlet.mvc.method.annotation.RequestMappingHandlerMapping:
INFO  [Systems]: 2018-04-11 15:41:58.801--- [main] Mapped "{[/error],produces=[text/html]}" onto public org.springframework.web.servlet.ModelAndView org.springframework.boot.autoconfigure.web.servlet.error.BasicErrorController.errorHtml(javax.servlet.http.HttpServletRequest,javax.servlet.http.HttpServletResponse) - org.springframework.web.servlet.mvc.method.annotation.RequestMappingHandlerMapping:
INFO  [Systems]: 2018-04-11 15:41:59.018--- [main] Mapped URL path [/**/favicon.ico] onto handler of type [class org.springframework.web.servlet.resource.ResourceHttpRequestHandler] - org.springframework.web.servlet.handler.SimpleUrlHandlerMapping:
INFO  [Systems]: 2018-04-11 15:41:59.326--- [main] Looking for @ControllerAdvice: org.springframework.boot.web.servlet.context.AnnotationConfigServletWebServerApplicationContext@42721fe: startup date [Wed Apr 11 15:41:55 CST 2018]; root of context hierarchy - org.springframework.web.servlet.mvc.method.annotation.RequestMappingHandlerAdapter:
INFO  [Systems]: 2018-04-11 15:41:59.396--- [main] Mapped URL path [/webjars/**] onto handler of type [class org.springframework.web.servlet.resource.ResourceHttpRequestHandler] - org.springframework.web.servlet.handler.SimpleUrlHandlerMapping:
INFO  [Systems]: 2018-04-11 15:41:59.396--- [main] Mapped URL path [/**] onto handler of type [class org.springframework.web.servlet.resource.ResourceHttpRequestHandler] - org.springframework.web.servlet.handler.SimpleUrlHandlerMapping:
INFO  [Systems]: 2018-04-11 15:41:59.991--- [main] Registering beans for JMX exposure on startup - org.springframework.jmx.export.annotation.AnnotationMBeanExporter:
INFO  [Systems]: 2018-04-11 15:41:59.993--- [main] Bean with name 'dataSource' has been autodetected for JMX exposure - org.springframework.jmx.export.annotation.AnnotationMBeanExporter:
INFO  [Systems]: 2018-04-11 15:42:00.000--- [main] Located MBean 'dataSource': registering with JMX server as MBean [com.zaxxer.hikari:name=dataSource,type=HikariDataSource] - org.springframework.jmx.export.annotation.AnnotationMBeanExporter:
INFO  [Systems]: 2018-04-11 15:42:00.004--- [main] Starting beans in phase 2147483647 - org.springframework.context.support.DefaultLifecycleProcessor:
INFO  [Systems]: 2018-04-11 15:42:00.004--- [main] Context refreshed - springfox.documentation.spring.web.plugins.DocumentationPluginsBootstrapper:
INFO  [Systems]: 2018-04-11 15:42:00.019--- [main] Found 1 custom documentation plugin(s) - springfox.documentation.spring.web.plugins.DocumentationPluginsBootstrapper:
INFO  [Systems]: 2018-04-11 15:42:00.029--- [main] Scanning for api listing references - springfox.documentation.spring.web.scanners.ApiListingReferenceScanner:
INFO  [Systems]: 2018-04-11 15:42:00.370--- [main] Starting ProtocolHandler ["http-nio-8887"] - org.apache.coyote.http11.Http11NioProtocol:
INFO  [Systems]: 2018-04-11 15:42:00.379--- [main] Using a shared selector for servlet write/read - org.apache.tomcat.util.net.NioSelectorPool:
INFO  [Systems]: 2018-04-11 15:42:00.393--- [main] Tomcat started on port(s): 8887 (http) with context path '' - org.springframework.boot.web.embedded.tomcat.TomcatWebServer:
INFO  [Systems]: 2018-04-11 15:42:00.397--- [main] Started MmallApplication in 6.265 seconds (JVM running for 7.17) - com.mmall.MmallApplication:
INFO  [Systems]: 2018-04-11 15:43:52.129--- [http-nio-8887-exec-1] Initializing Spring FrameworkServlet 'dispatcherServlet' - org.apache.catalina.core.ContainerBase.[Tomcat].[localhost].[/]:
INFO  [Systems]: 2018-04-11 15:43:52.129--- [http-nio-8887-exec-1] FrameworkServlet 'dispatcherServlet': initialization started - org.springframework.web.servlet.DispatcherServlet:
INFO  [Systems]: 2018-04-11 15:43:52.149--- [http-nio-8887-exec-1] FrameworkServlet 'dispatcherServlet': initialization completed in 20 ms - org.springframework.web.servlet.DispatcherServlet:
INFO  [Systems]: 2018-04-11 15:43:55.053--- [http-nio-8887-exec-2] HikariPool-1 - Starting... - com.zaxxer.hikari.HikariDataSource:
INFO  [Systems]: 2018-04-11 15:43:55.201--- [http-nio-8887-exec-2] HikariPool-1 - Start completed. - com.zaxxer.hikari.HikariDataSource:
DEBUG [Systems]: 2018-04-11 15:43:55.208--- [http-nio-8887-exec-2] ==>  Preparing: select count(*) from user WHERE ( username = ? )  - com.mmall.dao.UserMapper.countByExample:
DEBUG [Systems]: 2018-04-11 15:43:55.222--- [http-nio-8887-exec-2] ==> Parameters: techqiao(String) - com.mmall.dao.UserMapper.countByExample:
DEBUG [Systems]: 2018-04-11 15:43:55.233--- [http-nio-8887-exec-2] <==      Total: 1 - com.mmall.dao.UserMapper.countByExample:
DEBUG [Systems]: 2018-04-11 15:43:55.238--- [http-nio-8887-exec-2] ==>  Preparing: select id, username, password, email, phone, question, answer, role, create_time, update_time from user WHERE ( username = ? and password = ? )  - com.mmall.dao.UserMapper.selectByExample:
DEBUG [Systems]: 2018-04-11 15:43:55.239--- [http-nio-8887-exec-2] ==> Parameters: techqiao(String), E10ADC3949BA59ABBE56E057F20F883E(String) - com.mmall.dao.UserMapper.selectByExample:
DEBUG [Systems]: 2018-04-11 15:43:55.243--- [http-nio-8887-exec-2] <==      Total: 1 - com.mmall.dao.UserMapper.selectByExample:
DEBUG [Systems]: 2018-04-11 15:43:58.677--- [http-nio-8887-exec-3] ==>  Preparing: select id, category_id, name, subtitle, main_image, price, stock, status, create_time, update_time from product order by category_id  - com.mmall.dao.ProductMapper.selectByExample:
DEBUG [Systems]: 2018-04-11 15:43:58.678--- [http-nio-8887-exec-3] ==> Parameters:  - com.mmall.dao.ProductMapper.selectByExample:
DEBUG [Systems]: 2018-04-11 15:43:58.689--- [http-nio-8887-exec-3] <==      Total: 4 - com.mmall.dao.ProductMapper.selectByExample:
