INFO  [Systems]: 2018-04-10 10:07:39.353--- [main] Starting MmallApplication on ZGV201U7WAB5CYS with PID 9048 (D:\workspace3\mmall\target\classes started by Administrator in D:\workspace3\mmall) - com.mmall.MmallApplication:
INFO  [Systems]: 2018-04-10 10:07:39.358--- [main] No active profile set, falling back to default profiles: default - com.mmall.MmallApplication:
INFO  [Systems]: 2018-04-10 10:07:39.490--- [main] Refreshing org.springframework.boot.web.servlet.context.AnnotationConfigServletWebServerApplicationContext@75b25825: startup date [Tue Apr 10 10:07:39 CST 2018]; root of context hierarchy - org.springframework.boot.web.servlet.context.AnnotationConfigServletWebServerApplicationContext:
INFO  [Systems]: 2018-04-10 10:07:40.772--- [main] Multiple Spring Data modules found, entering strict repository configuration mode! - org.springframework.data.repository.config.RepositoryConfigurationDelegate:
INFO  [Systems]: 2018-04-10 10:07:41.168--- [main] Bean 'org.springframework.ws.config.annotation.DelegatingWsConfiguration' of type [org.springframework.ws.config.annotation.DelegatingWsConfiguration$$EnhancerBySpringCGLIB$$67e1cd46] is not eligible for getting processed by all BeanPostProcessors (for example: not eligible for auto-proxying) - org.springframework.context.support.PostProcessorRegistrationDelegate$BeanPostProcessorChecker:
INFO  [Systems]: 2018-04-10 10:07:41.200--- [main] Supporting [WS-Addressing August 2004, WS-Addressing 1.0] - org.springframework.ws.soap.addressing.server.AnnotationActionEndpointMapping:
INFO  [Systems]: 2018-04-10 10:07:41.211--- [main] Bean 'org.springframework.cache.annotation.ProxyCachingConfiguration' of type [org.springframework.cache.annotation.ProxyCachingConfiguration$$EnhancerBySpringCGLIB$$c5c3e65] is not eligible for getting processed by all BeanPostProcessors (for example: not eligible for auto-proxying) - org.springframework.context.support.PostProcessorRegistrationDelegate$BeanPostProcessorChecker:
INFO  [Systems]: 2018-04-10 10:07:41.216--- [main] Bean 'org.springframework.transaction.annotation.ProxyTransactionManagementConfiguration' of type [org.springframework.transaction.annotation.ProxyTransactionManagementConfiguration$$EnhancerBySpringCGLIB$$c34a0847] is not eligible for getting processed by all BeanPostProcessors (for example: not eligible for auto-proxying) - org.springframework.context.support.PostProcessorRegistrationDelegate$BeanPostProcessorChecker:
INFO  [Systems]: 2018-04-10 10:07:41.527--- [main] Tomcat initialized with port(s): 8887 (http) - org.springframework.boot.web.embedded.tomcat.TomcatWebServer:
INFO  [Systems]: 2018-04-10 10:07:41.539--- [main] Initializing ProtocolHandler ["http-nio-8887"] - org.apache.coyote.http11.Http11NioProtocol:
INFO  [Systems]: 2018-04-10 10:07:41.550--- [main] Starting service [Tomcat] - org.apache.catalina.core.StandardService:
INFO  [Systems]: 2018-04-10 10:07:41.550--- [main] Starting Servlet Engine: Apache Tomcat/8.5.29 - org.apache.catalina.core.StandardEngine:
INFO  [Systems]: 2018-04-10 10:07:41.554--- [localhost-startStop-1] The APR based Apache Tomcat Native library which allows optimal performance in production environments was not found on the java.library.path: [C:\Program Files\Java\jdk1.8.0_131\bin;C:\Windows\Sun\Java\bin;C:\Windows\system32;C:\Windows;C:\ProgramData\Oracle\Java\javapath;C:\Windows\system32;C:\Windows;C:\Windows\System32\Wbem;C:\Windows\System32\WindowsPowerShell\v1.0\;F:\tools\maven\bin;C:\Program Files\Java\jdk1.8.0_131\bin;F:\tools\Git\cmd;C:\Program Files\MySQL\mysql-5.7.21-winx64\bin;C:\Program Files\OpenVPN\bin;.] - org.apache.catalina.core.AprLifecycleListener:
INFO  [Systems]: 2018-04-10 10:07:41.642--- [localhost-startStop-1] Initializing Spring embedded WebApplicationContext - org.apache.catalina.core.ContainerBase.[Tomcat].[localhost].[/]:
INFO  [Systems]: 2018-04-10 10:07:41.642--- [localhost-startStop-1] Root WebApplicationContext: initialization completed in 2152 ms - org.springframework.web.context.ContextLoader:
INFO  [Systems]: 2018-04-10 10:07:41.809--- [localhost-startStop-1] Servlet dispatcherServlet mapped to [/] - org.springframework.boot.web.servlet.ServletRegistrationBean:
INFO  [Systems]: 2018-04-10 10:07:41.810--- [localhost-startStop-1] Servlet messageDispatcherServlet mapped to [/services/*] - org.springframework.boot.web.servlet.ServletRegistrationBean:
INFO  [Systems]: 2018-04-10 10:07:41.814--- [localhost-startStop-1] Mapping filter: 'characterEncodingFilter' to: [/*] - org.springframework.boot.web.servlet.FilterRegistrationBean:
INFO  [Systems]: 2018-04-10 10:07:41.815--- [localhost-startStop-1] Mapping filter: 'hiddenHttpMethodFilter' to: [/*] - org.springframework.boot.web.servlet.FilterRegistrationBean:
INFO  [Systems]: 2018-04-10 10:07:41.815--- [localhost-startStop-1] Mapping filter: 'httpPutFormContentFilter' to: [/*] - org.springframework.boot.web.servlet.FilterRegistrationBean:
INFO  [Systems]: 2018-04-10 10:07:41.815--- [localhost-startStop-1] Mapping filter: 'requestContextFilter' to: [/*] - org.springframework.boot.web.servlet.FilterRegistrationBean:
INFO  [Systems]: 2018-04-10 10:07:42.684--- [main] Mapped "{[/user/register],methods=[POST],produces=[application/json;charset=UTF-8]}" onto public com.mmall.common.Result<java.lang.String> com.mmall.controller.UserController.register(com.mmall.domain.User) - org.springframework.web.servlet.mvc.method.annotation.RequestMappingHandlerMapping:
INFO  [Systems]: 2018-04-10 10:07:42.685--- [main] Mapped "{[/user/getUserInfo/{userId}],methods=[GET],produces=[application/json;charset=UTF-8]}" onto public com.mmall.common.Result<com.mmall.domain.User> com.mmall.controller.UserController.getUserInfo(java.lang.Integer,javax.servlet.http.HttpSession) - org.springframework.web.servlet.mvc.method.annotation.RequestMappingHandlerMapping:
INFO  [Systems]: 2018-04-10 10:07:42.685--- [main] Mapped "{[/user/forgetResetPassword],methods=[POST],produces=[application/json;charset=UTF-8]}" onto public com.mmall.common.Result<java.lang.String> com.mmall.controller.UserController.forgetResetPassword(java.lang.String,java.lang.String,java.lang.String) - org.springframework.web.servlet.mvc.method.annotation.RequestMappingHandlerMapping:
INFO  [Systems]: 2018-04-10 10:07:42.685--- [main] Mapped "{[/user/login],methods=[POST],produces=[application/json;charset=UTF-8]}" onto public com.mmall.common.Result<com.mmall.domain.User> com.mmall.controller.UserController.login(java.lang.String,java.lang.String,javax.servlet.http.HttpSession) - org.springframework.web.servlet.mvc.method.annotation.RequestMappingHandlerMapping:
INFO  [Systems]: 2018-04-10 10:07:42.685--- [main] Mapped "{[/user/loginOut],methods=[GET],produces=[application/json;charset=UTF-8]}" onto public com.mmall.common.Result<java.lang.String> com.mmall.controller.UserController.loginOut(javax.servlet.http.HttpSession) - org.springframework.web.servlet.mvc.method.annotation.RequestMappingHandlerMapping:
INFO  [Systems]: 2018-04-10 10:07:42.686--- [main] Mapped "{[/user/checkValid],methods=[GET],produces=[application/json;charset=UTF-8]}" onto public com.mmall.common.Result<java.lang.String> com.mmall.controller.UserController.checkValid(java.lang.String,java.lang.String) - org.springframework.web.servlet.mvc.method.annotation.RequestMappingHandlerMapping:
INFO  [Systems]: 2018-04-10 10:07:42.687--- [main] Mapped "{[/user/selectQuestion],methods=[GET],produces=[application/json;charset=UTF-8]}" onto public com.mmall.common.Result<java.lang.String> com.mmall.controller.UserController.selectQuestion(java.lang.String) - org.springframework.web.servlet.mvc.method.annotation.RequestMappingHandlerMapping:
INFO  [Systems]: 2018-04-10 10:07:42.687--- [main] Mapped "{[/user/checkAnswer],methods=[POST],produces=[application/json;charset=UTF-8]}" onto public com.mmall.common.Result<java.lang.String> com.mmall.controller.UserController.checkAnswer(com.mmall.domain.User) - org.springframework.web.servlet.mvc.method.annotation.RequestMappingHandlerMapping:
INFO  [Systems]: 2018-04-10 10:07:42.687--- [main] Mapped "{[/user/updatePassword],methods=[POST],produces=[application/json;charset=UTF-8]}" onto public com.mmall.common.Result<java.lang.String> com.mmall.controller.UserController.updatePassword(javax.servlet.http.HttpSession,java.lang.String,java.lang.String) - org.springframework.web.servlet.mvc.method.annotation.RequestMappingHandlerMapping:
INFO  [Systems]: 2018-04-10 10:07:42.688--- [main] Mapped "{[/v2/api-docs],methods=[GET],produces=[application/json || application/hal+json]}" onto public org.springframework.http.ResponseEntity<springfox.documentation.spring.web.json.Json> springfox.documentation.swagger2.web.Swagger2Controller.getDocumentation(java.lang.String,javax.servlet.http.HttpServletRequest) - org.springframework.web.servlet.mvc.method.annotation.RequestMappingHandlerMapping:
INFO  [Systems]: 2018-04-10 10:07:42.692--- [main] Mapped "{[/swagger-resources/configuration/security]}" onto org.springframework.http.ResponseEntity<springfox.documentation.swagger.web.SecurityConfiguration> springfox.documentation.swagger.web.ApiResourceController.securityConfiguration() - org.springframework.web.servlet.mvc.method.annotation.RequestMappingHandlerMapping:
INFO  [Systems]: 2018-04-10 10:07:42.693--- [main] Mapped "{[/swagger-resources/configuration/ui]}" onto org.springframework.http.ResponseEntity<springfox.documentation.swagger.web.UiConfiguration> springfox.documentation.swagger.web.ApiResourceController.uiConfiguration() - org.springframework.web.servlet.mvc.method.annotation.RequestMappingHandlerMapping:
INFO  [Systems]: 2018-04-10 10:07:42.693--- [main] Mapped "{[/swagger-resources]}" onto org.springframework.http.ResponseEntity<java.util.List<springfox.documentation.swagger.web.SwaggerResource>> springfox.documentation.swagger.web.ApiResourceController.swaggerResources() - org.springframework.web.servlet.mvc.method.annotation.RequestMappingHandlerMapping:
INFO  [Systems]: 2018-04-10 10:07:42.696--- [main] Mapped "{[/error]}" onto public org.springframework.http.ResponseEntity<java.util.Map<java.lang.String, java.lang.Object>> org.springframework.boot.autoconfigure.web.servlet.error.BasicErrorController.error(javax.servlet.http.HttpServletRequest) - org.springframework.web.servlet.mvc.method.annotation.RequestMappingHandlerMapping:
INFO  [Systems]: 2018-04-10 10:07:42.696--- [main] Mapped "{[/error],produces=[text/html]}" onto public org.springframework.web.servlet.ModelAndView org.springframework.boot.autoconfigure.web.servlet.error.BasicErrorController.errorHtml(javax.servlet.http.HttpServletRequest,javax.servlet.http.HttpServletResponse) - org.springframework.web.servlet.mvc.method.annotation.RequestMappingHandlerMapping:
INFO  [Systems]: 2018-04-10 10:07:42.930--- [main] Mapped URL path [/**/favicon.ico] onto handler of type [class org.springframework.web.servlet.resource.ResourceHttpRequestHandler] - org.springframework.web.servlet.handler.SimpleUrlHandlerMapping:
INFO  [Systems]: 2018-04-10 10:07:43.158--- [main] Looking for @ControllerAdvice: org.springframework.boot.web.servlet.context.AnnotationConfigServletWebServerApplicationContext@75b25825: startup date [Tue Apr 10 10:07:39 CST 2018]; root of context hierarchy - org.springframework.web.servlet.mvc.method.annotation.RequestMappingHandlerAdapter:
INFO  [Systems]: 2018-04-10 10:07:43.211--- [main] Mapped URL path [/webjars/**] onto handler of type [class org.springframework.web.servlet.resource.ResourceHttpRequestHandler] - org.springframework.web.servlet.handler.SimpleUrlHandlerMapping:
INFO  [Systems]: 2018-04-10 10:07:43.211--- [main] Mapped URL path [/**] onto handler of type [class org.springframework.web.servlet.resource.ResourceHttpRequestHandler] - org.springframework.web.servlet.handler.SimpleUrlHandlerMapping:
INFO  [Systems]: 2018-04-10 10:07:43.823--- [main] Registering beans for JMX exposure on startup - org.springframework.jmx.export.annotation.AnnotationMBeanExporter:
INFO  [Systems]: 2018-04-10 10:07:43.825--- [main] Bean with name 'dataSource' has been autodetected for JMX exposure - org.springframework.jmx.export.annotation.AnnotationMBeanExporter:
INFO  [Systems]: 2018-04-10 10:07:43.834--- [main] Located MBean 'dataSource': registering with JMX server as MBean [com.zaxxer.hikari:name=dataSource,type=HikariDataSource] - org.springframework.jmx.export.annotation.AnnotationMBeanExporter:
INFO  [Systems]: 2018-04-10 10:07:43.839--- [main] Starting beans in phase 2147483647 - org.springframework.context.support.DefaultLifecycleProcessor:
INFO  [Systems]: 2018-04-10 10:07:43.839--- [main] Context refreshed - springfox.documentation.spring.web.plugins.DocumentationPluginsBootstrapper:
INFO  [Systems]: 2018-04-10 10:07:43.856--- [main] Found 1 custom documentation plugin(s) - springfox.documentation.spring.web.plugins.DocumentationPluginsBootstrapper:
INFO  [Systems]: 2018-04-10 10:07:43.867--- [main] Scanning for api listing references - springfox.documentation.spring.web.scanners.ApiListingReferenceScanner:
INFO  [Systems]: 2018-04-10 10:07:44.110--- [main] Starting ProtocolHandler ["http-nio-8887"] - org.apache.coyote.http11.Http11NioProtocol:
INFO  [Systems]: 2018-04-10 10:07:44.120--- [main] Using a shared selector for servlet write/read - org.apache.tomcat.util.net.NioSelectorPool:
INFO  [Systems]: 2018-04-10 10:07:44.137--- [main] Tomcat started on port(s): 8887 (http) with context path '' - org.springframework.boot.web.embedded.tomcat.TomcatWebServer:
INFO  [Systems]: 2018-04-10 10:07:44.142--- [main] Started MmallApplication in 5.491 seconds (JVM running for 6.443) - com.mmall.MmallApplication:
INFO  [Systems]: 2018-04-10 10:08:03.403--- [http-nio-8887-exec-1] Initializing Spring FrameworkServlet 'dispatcherServlet' - org.apache.catalina.core.ContainerBase.[Tomcat].[localhost].[/]:
INFO  [Systems]: 2018-04-10 10:08:03.403--- [http-nio-8887-exec-1] FrameworkServlet 'dispatcherServlet': initialization started - org.springframework.web.servlet.DispatcherServlet:
INFO  [Systems]: 2018-04-10 10:08:03.422--- [http-nio-8887-exec-1] FrameworkServlet 'dispatcherServlet': initialization completed in 19 ms - org.springframework.web.servlet.DispatcherServlet:
INFO  [Systems]: 2018-04-10 10:08:59.180--- [http-nio-8887-exec-6] HikariPool-1 - Starting... - com.zaxxer.hikari.HikariDataSource:
INFO  [Systems]: 2018-04-10 10:08:59.379--- [http-nio-8887-exec-6] HikariPool-1 - Start completed. - com.zaxxer.hikari.HikariDataSource:
DEBUG [Systems]: 2018-04-10 10:08:59.384--- [http-nio-8887-exec-6] ==>  Preparing: select count(*) from user WHERE ( username = ? )  - com.mmall.dao.UserMapper.countByExample:
DEBUG [Systems]: 2018-04-10 10:08:59.400--- [http-nio-8887-exec-6] ==> Parameters: admin(String) - com.mmall.dao.UserMapper.countByExample:
DEBUG [Systems]: 2018-04-10 10:08:59.431--- [http-nio-8887-exec-6] <==      Total: 1 - com.mmall.dao.UserMapper.countByExample:
DEBUG [Systems]: 2018-04-10 10:08:59.434--- [http-nio-8887-exec-6] ==>  Preparing: select id, username, password, email, phone, question, answer, role, create_time, update_time from user WHERE ( username = ? and password = ? )  - com.mmall.dao.UserMapper.selectByExample:
DEBUG [Systems]: 2018-04-10 10:08:59.435--- [http-nio-8887-exec-6] ==> Parameters: admin(String), E10ADC3949BA59ABBE56E057F20F883E(String) - com.mmall.dao.UserMapper.selectByExample:
DEBUG [Systems]: 2018-04-10 10:08:59.436--- [http-nio-8887-exec-6] <==      Total: 0 - com.mmall.dao.UserMapper.selectByExample:
DEBUG [Systems]: 2018-04-10 10:10:41.496--- [http-nio-8887-exec-2] ==>  Preparing: select count(*) from user WHERE ( username = ? )  - com.mmall.dao.UserMapper.countByExample:
DEBUG [Systems]: 2018-04-10 10:10:41.498--- [http-nio-8887-exec-2] ==> Parameters: admin(String) - com.mmall.dao.UserMapper.countByExample:
DEBUG [Systems]: 2018-04-10 10:10:41.500--- [http-nio-8887-exec-2] <==      Total: 1 - com.mmall.dao.UserMapper.countByExample:
DEBUG [Systems]: 2018-04-10 10:10:41.501--- [http-nio-8887-exec-2] ==>  Preparing: select id, username, password, email, phone, question, answer, role, create_time, update_time from user WHERE ( username = ? and password = ? )  - com.mmall.dao.UserMapper.selectByExample:
DEBUG [Systems]: 2018-04-10 10:10:41.501--- [http-nio-8887-exec-2] ==> Parameters: admin(String), 21232F297A57A5A743894A0E4A801FC3(String) - com.mmall.dao.UserMapper.selectByExample:
DEBUG [Systems]: 2018-04-10 10:10:41.502--- [http-nio-8887-exec-2] <==      Total: 0 - com.mmall.dao.UserMapper.selectByExample:
DEBUG [Systems]: 2018-04-10 10:10:51.773--- [http-nio-8887-exec-3] ==>  Preparing: select count(*) from user WHERE ( username = ? )  - com.mmall.dao.UserMapper.countByExample:
DEBUG [Systems]: 2018-04-10 10:10:51.774--- [http-nio-8887-exec-3] ==> Parameters: admin(String) - com.mmall.dao.UserMapper.countByExample:
DEBUG [Systems]: 2018-04-10 10:10:51.774--- [http-nio-8887-exec-3] <==      Total: 1 - com.mmall.dao.UserMapper.countByExample:
DEBUG [Systems]: 2018-04-10 10:10:51.775--- [http-nio-8887-exec-3] ==>  Preparing: select id, username, password, email, phone, question, answer, role, create_time, update_time from user WHERE ( username = ? and password = ? )  - com.mmall.dao.UserMapper.selectByExample:
DEBUG [Systems]: 2018-04-10 10:10:51.777--- [http-nio-8887-exec-3] ==> Parameters: admin(String), 202CB962AC59075B964B07152D234B70(String) - com.mmall.dao.UserMapper.selectByExample:
DEBUG [Systems]: 2018-04-10 10:10:51.778--- [http-nio-8887-exec-3] <==      Total: 0 - com.mmall.dao.UserMapper.selectByExample:
DEBUG [Systems]: 2018-04-10 10:12:26.852--- [http-nio-8887-exec-5] ==>  Preparing: select count(*) from user WHERE ( username = ? )  - com.mmall.dao.UserMapper.countByExample:
DEBUG [Systems]: 2018-04-10 10:12:26.853--- [http-nio-8887-exec-5] ==> Parameters: techqiao(String) - com.mmall.dao.UserMapper.countByExample:
DEBUG [Systems]: 2018-04-10 10:12:26.853--- [http-nio-8887-exec-5] <==      Total: 1 - com.mmall.dao.UserMapper.countByExample:
DEBUG [Systems]: 2018-04-10 10:12:26.854--- [http-nio-8887-exec-5] ==>  Preparing: select count(*) from user WHERE ( email = ? )  - com.mmall.dao.UserMapper.countByExample:
DEBUG [Systems]: 2018-04-10 10:12:26.854--- [http-nio-8887-exec-5] ==> Parameters: techqiao(String) - com.mmall.dao.UserMapper.countByExample:
DEBUG [Systems]: 2018-04-10 10:12:26.855--- [http-nio-8887-exec-5] <==      Total: 1 - com.mmall.dao.UserMapper.countByExample:
DEBUG [Systems]: 2018-04-10 10:12:26.857--- [http-nio-8887-exec-5] ==>  Preparing: insert into user ( username, password, email, phone, question, answer, role, create_time, update_time ) values ( ?, ?, ?, ?, ?, ?, ?, ?, ? )  - com.mmall.dao.UserMapper.insertSelective:
DEBUG [Systems]: 2018-04-10 10:12:26.861--- [http-nio-8887-exec-5] ==> Parameters: techqiao(String), E10ADC3949BA59ABBE56E057F20F883E(String), 247021523@qq.com(String), 13026363210(String), 问题(String), 答案(String), 0(Integer), 2018-04-10 10:08:03.697(Timestamp), 2018-04-10 10:08:03.697(Timestamp) - com.mmall.dao.UserMapper.insertSelective:
DEBUG [Systems]: 2018-04-10 10:12:26.974--- [http-nio-8887-exec-5] <==    Updates: 1 - com.mmall.dao.UserMapper.insertSelective:
DEBUG [Systems]: 2018-04-10 10:12:26.975--- [http-nio-8887-exec-5] ==>  Preparing: SELECT LAST_INSERT_ID()  - com.mmall.dao.UserMapper.insertSelective!selectKey:
DEBUG [Systems]: 2018-04-10 10:12:26.975--- [http-nio-8887-exec-5] ==> Parameters:  - com.mmall.dao.UserMapper.insertSelective!selectKey:
DEBUG [Systems]: 2018-04-10 10:12:27.009--- [http-nio-8887-exec-5] <==      Total: 1 - com.mmall.dao.UserMapper.insertSelective!selectKey:
DEBUG [Systems]: 2018-04-10 10:12:43.269--- [http-nio-8887-exec-8] ==>  Preparing: select count(*) from user WHERE ( username = ? )  - com.mmall.dao.UserMapper.countByExample:
DEBUG [Systems]: 2018-04-10 10:12:43.269--- [http-nio-8887-exec-8] ==> Parameters: techqiao(String) - com.mmall.dao.UserMapper.countByExample:
DEBUG [Systems]: 2018-04-10 10:12:43.270--- [http-nio-8887-exec-8] <==      Total: 1 - com.mmall.dao.UserMapper.countByExample:
DEBUG [Systems]: 2018-04-10 10:12:43.272--- [http-nio-8887-exec-8] ==>  Preparing: select id, username, password, email, phone, question, answer, role, create_time, update_time from user WHERE ( username = ? and password = ? )  - com.mmall.dao.UserMapper.selectByExample:
DEBUG [Systems]: 2018-04-10 10:12:43.273--- [http-nio-8887-exec-8] ==> Parameters: techqiao(String), E10ADC3949BA59ABBE56E057F20F883E(String) - com.mmall.dao.UserMapper.selectByExample:
DEBUG [Systems]: 2018-04-10 10:12:43.276--- [http-nio-8887-exec-8] <==      Total: 1 - com.mmall.dao.UserMapper.selectByExample:
DEBUG [Systems]: 2018-04-10 10:13:12.045--- [http-nio-8887-exec-9] ==>  Preparing: update user SET id = ?, username = ?, password = ?, email = ?, phone = ?, question = ?, answer = ?, role = ?, create_time = ?, update_time = ? WHERE ( id = ? and password = ? )  - com.mmall.dao.UserMapper.updateByExampleSelective:
DEBUG [Systems]: 2018-04-10 10:13:12.047--- [http-nio-8887-exec-9] ==> Parameters: 22(Integer), techqiao(String), 25F9E794323B453885F5181F1B624D0B(String), 247021523@qq.com(String), 13026363210(String), 问题(String), 答案(String), 0(Integer), 2018-04-10 10:08:04.0(Timestamp), 2018-04-10 10:13:12.037(Timestamp), 22(Integer), E10ADC3949BA59ABBE56E057F20F883E(String) - com.mmall.dao.UserMapper.updateByExampleSelective:
DEBUG [Systems]: 2018-04-10 10:13:12.125--- [http-nio-8887-exec-9] <==    Updates: 1 - com.mmall.dao.UserMapper.updateByExampleSelective:
DEBUG [Systems]: 2018-04-10 10:13:51.453--- [http-nio-8887-exec-10] ==>  Preparing: select count(*) from user WHERE ( username = ? )  - com.mmall.dao.UserMapper.countByExample:
DEBUG [Systems]: 2018-04-10 10:13:51.453--- [http-nio-8887-exec-10] ==> Parameters: techqiao(String) - com.mmall.dao.UserMapper.countByExample:
DEBUG [Systems]: 2018-04-10 10:13:51.454--- [http-nio-8887-exec-10] <==      Total: 1 - com.mmall.dao.UserMapper.countByExample:
DEBUG [Systems]: 2018-04-10 10:13:51.455--- [http-nio-8887-exec-10] ==>  Preparing: select id, username, password, email, phone, question, answer, role, create_time, update_time from user WHERE ( username = ? and password = ? )  - com.mmall.dao.UserMapper.selectByExample:
DEBUG [Systems]: 2018-04-10 10:13:51.455--- [http-nio-8887-exec-10] ==> Parameters: techqiao(String), E10ADC3949BA59ABBE56E057F20F883E(String) - com.mmall.dao.UserMapper.selectByExample:
DEBUG [Systems]: 2018-04-10 10:13:51.455--- [http-nio-8887-exec-10] <==      Total: 0 - com.mmall.dao.UserMapper.selectByExample:
DEBUG [Systems]: 2018-04-10 10:13:55.605--- [http-nio-8887-exec-7] ==>  Preparing: select count(*) from user WHERE ( username = ? )  - com.mmall.dao.UserMapper.countByExample:
DEBUG [Systems]: 2018-04-10 10:13:55.606--- [http-nio-8887-exec-7] ==> Parameters: techqiao(String) - com.mmall.dao.UserMapper.countByExample:
DEBUG [Systems]: 2018-04-10 10:13:55.607--- [http-nio-8887-exec-7] <==      Total: 1 - com.mmall.dao.UserMapper.countByExample:
DEBUG [Systems]: 2018-04-10 10:13:55.608--- [http-nio-8887-exec-7] ==>  Preparing: select id, username, password, email, phone, question, answer, role, create_time, update_time from user WHERE ( username = ? and password = ? )  - com.mmall.dao.UserMapper.selectByExample:
DEBUG [Systems]: 2018-04-10 10:13:55.609--- [http-nio-8887-exec-7] ==> Parameters: techqiao(String), 25F9E794323B453885F5181F1B624D0B(String) - com.mmall.dao.UserMapper.selectByExample:
DEBUG [Systems]: 2018-04-10 10:13:55.610--- [http-nio-8887-exec-7] <==      Total: 1 - com.mmall.dao.UserMapper.selectByExample:
DEBUG [Systems]: 2018-04-10 10:14:04.175--- [http-nio-8887-exec-6] ==>  Preparing: update user SET id = ?, username = ?, password = ?, email = ?, phone = ?, question = ?, answer = ?, role = ?, create_time = ?, update_time = ? WHERE ( id = ? and password = ? )  - com.mmall.dao.UserMapper.updateByExampleSelective:
DEBUG [Systems]: 2018-04-10 10:14:04.176--- [http-nio-8887-exec-6] ==> Parameters: 22(Integer), techqiao(String), 25F9E794323B453885F5181F1B624D0B(String), 247021523@qq.com(String), 13026363210(String), 问题(String), 答案(String), 0(Integer), 2018-04-10 10:08:04.0(Timestamp), 2018-04-10 10:14:04.17(Timestamp), 22(Integer), E10ADC3949BA59ABBE56E057F20F883E(String) - com.mmall.dao.UserMapper.updateByExampleSelective:
DEBUG [Systems]: 2018-04-10 10:14:04.186--- [http-nio-8887-exec-6] <==    Updates: 0 - com.mmall.dao.UserMapper.updateByExampleSelective:
DEBUG [Systems]: 2018-04-10 10:14:47.874--- [http-nio-8887-exec-1] ==>  Preparing: update user SET id = ?, username = ?, password = ?, email = ?, phone = ?, question = ?, answer = ?, role = ?, create_time = ?, update_time = ? WHERE ( id = ? and password = ? )  - com.mmall.dao.UserMapper.updateByExampleSelective:
DEBUG [Systems]: 2018-04-10 10:14:47.880--- [http-nio-8887-exec-1] ==> Parameters: 22(Integer), techqiao(String), E10ADC3949BA59ABBE56E057F20F883E(String), 247021523@qq.com(String), 13026363210(String), 问题(String), 答案(String), 0(Integer), 2018-04-10 10:08:04.0(Timestamp), 2018-04-10 10:14:35.827(Timestamp), 22(Integer), 25F9E794323B453885F5181F1B624D0B(String) - com.mmall.dao.UserMapper.updateByExampleSelective:
DEBUG [Systems]: 2018-04-10 10:14:47.931--- [http-nio-8887-exec-1] <==    Updates: 1 - com.mmall.dao.UserMapper.updateByExampleSelective:
WARN  [Systems]: 2018-04-10 10:15:43.977--- [HikariPool-1 housekeeper] HikariPool-1 - Thread starvation or clock leap detected (housekeeper delta=1m9s68ms282µs589ns). - com.zaxxer.hikari.pool.HikariPool:
INFO  [Systems]: 2018-04-10 10:16:10.757--- [main] Starting MmallApplication on ZGV201U7WAB5CYS with PID 12944 (D:\workspace3\mmall\target\classes started by Administrator in D:\workspace3\mmall) - com.mmall.MmallApplication:
INFO  [Systems]: 2018-04-10 10:16:10.763--- [main] No active profile set, falling back to default profiles: default - com.mmall.MmallApplication:
INFO  [Systems]: 2018-04-10 10:16:10.859--- [main] Refreshing org.springframework.boot.web.servlet.context.AnnotationConfigServletWebServerApplicationContext@2eced48b: startup date [Tue Apr 10 10:16:10 CST 2018]; root of context hierarchy - org.springframework.boot.web.servlet.context.AnnotationConfigServletWebServerApplicationContext:
INFO  [Systems]: 2018-04-10 10:16:11.578--- [main] Multiple Spring Data modules found, entering strict repository configuration mode! - org.springframework.data.repository.config.RepositoryConfigurationDelegate:
INFO  [Systems]: 2018-04-10 10:16:12.048--- [main] Bean 'org.springframework.ws.config.annotation.DelegatingWsConfiguration' of type [org.springframework.ws.config.annotation.DelegatingWsConfiguration$$EnhancerBySpringCGLIB$$cb308d79] is not eligible for getting processed by all BeanPostProcessors (for example: not eligible for auto-proxying) - org.springframework.context.support.PostProcessorRegistrationDelegate$BeanPostProcessorChecker:
INFO  [Systems]: 2018-04-10 10:16:12.081--- [main] Supporting [WS-Addressing August 2004, WS-Addressing 1.0] - org.springframework.ws.soap.addressing.server.AnnotationActionEndpointMapping:
INFO  [Systems]: 2018-04-10 10:16:12.093--- [main] Bean 'org.springframework.cache.annotation.ProxyCachingConfiguration' of type [org.springframework.cache.annotation.ProxyCachingConfiguration$$EnhancerBySpringCGLIB$$6faafe98] is not eligible for getting processed by all BeanPostProcessors (for example: not eligible for auto-proxying) - org.springframework.context.support.PostProcessorRegistrationDelegate$BeanPostProcessorChecker:
INFO  [Systems]: 2018-04-10 10:16:12.099--- [main] Bean 'org.springframework.transaction.annotation.ProxyTransactionManagementConfiguration' of type [org.springframework.transaction.annotation.ProxyTransactionManagementConfiguration$$EnhancerBySpringCGLIB$$2698c87a] is not eligible for getting processed by all BeanPostProcessors (for example: not eligible for auto-proxying) - org.springframework.context.support.PostProcessorRegistrationDelegate$BeanPostProcessorChecker:
INFO  [Systems]: 2018-04-10 10:16:12.392--- [main] Tomcat initialized with port(s): 8887 (http) - org.springframework.boot.web.embedded.tomcat.TomcatWebServer:
INFO  [Systems]: 2018-04-10 10:16:12.403--- [main] Initializing ProtocolHandler ["http-nio-8887"] - org.apache.coyote.http11.Http11NioProtocol:
INFO  [Systems]: 2018-04-10 10:16:12.412--- [main] Starting service [Tomcat] - org.apache.catalina.core.StandardService:
INFO  [Systems]: 2018-04-10 10:16:12.412--- [main] Starting Servlet Engine: Apache Tomcat/8.5.29 - org.apache.catalina.core.StandardEngine:
INFO  [Systems]: 2018-04-10 10:16:12.417--- [localhost-startStop-1] The APR based Apache Tomcat Native library which allows optimal performance in production environments was not found on the java.library.path: [C:\Program Files\Java\jdk1.8.0_131\bin;C:\Windows\Sun\Java\bin;C:\Windows\system32;C:\Windows;C:\ProgramData\Oracle\Java\javapath;C:\Windows\system32;C:\Windows;C:\Windows\System32\Wbem;C:\Windows\System32\WindowsPowerShell\v1.0\;F:\tools\maven\bin;C:\Program Files\Java\jdk1.8.0_131\bin;F:\tools\Git\cmd;C:\Program Files\MySQL\mysql-5.7.21-winx64\bin;C:\Program Files\OpenVPN\bin;.] - org.apache.catalina.core.AprLifecycleListener:
INFO  [Systems]: 2018-04-10 10:16:12.502--- [localhost-startStop-1] Initializing Spring embedded WebApplicationContext - org.apache.catalina.core.ContainerBase.[Tomcat].[localhost].[/]:
INFO  [Systems]: 2018-04-10 10:16:12.502--- [localhost-startStop-1] Root WebApplicationContext: initialization completed in 1643 ms - org.springframework.web.context.ContextLoader:
INFO  [Systems]: 2018-04-10 10:16:12.665--- [localhost-startStop-1] Servlet dispatcherServlet mapped to [/] - org.springframework.boot.web.servlet.ServletRegistrationBean:
INFO  [Systems]: 2018-04-10 10:16:12.667--- [localhost-startStop-1] Servlet messageDispatcherServlet mapped to [/services/*] - org.springframework.boot.web.servlet.ServletRegistrationBean:
INFO  [Systems]: 2018-04-10 10:16:12.672--- [localhost-startStop-1] Mapping filter: 'characterEncodingFilter' to: [/*] - org.springframework.boot.web.servlet.FilterRegistrationBean:
INFO  [Systems]: 2018-04-10 10:16:12.673--- [localhost-startStop-1] Mapping filter: 'hiddenHttpMethodFilter' to: [/*] - org.springframework.boot.web.servlet.FilterRegistrationBean:
INFO  [Systems]: 2018-04-10 10:16:12.673--- [localhost-startStop-1] Mapping filter: 'httpPutFormContentFilter' to: [/*] - org.springframework.boot.web.servlet.FilterRegistrationBean:
INFO  [Systems]: 2018-04-10 10:16:12.673--- [localhost-startStop-1] Mapping filter: 'requestContextFilter' to: [/*] - org.springframework.boot.web.servlet.FilterRegistrationBean:
INFO  [Systems]: 2018-04-10 10:16:13.633--- [main] Mapped "{[/user/register],methods=[POST],produces=[application/json;charset=UTF-8]}" onto public com.mmall.common.Result<java.lang.String> com.mmall.controller.UserController.register(com.mmall.domain.User) - org.springframework.web.servlet.mvc.method.annotation.RequestMappingHandlerMapping:
INFO  [Systems]: 2018-04-10 10:16:13.635--- [main] Mapped "{[/user/getUserInfo/{userId}],methods=[GET],produces=[application/json;charset=UTF-8]}" onto public com.mmall.common.Result<com.mmall.domain.User> com.mmall.controller.UserController.getUserInfo(java.lang.Integer,javax.servlet.http.HttpSession) - org.springframework.web.servlet.mvc.method.annotation.RequestMappingHandlerMapping:
INFO  [Systems]: 2018-04-10 10:16:13.635--- [main] Mapped "{[/user/forgetResetPassword],methods=[POST],produces=[application/json;charset=UTF-8]}" onto public com.mmall.common.Result<java.lang.String> com.mmall.controller.UserController.forgetResetPassword(java.lang.String,java.lang.String,java.lang.String) - org.springframework.web.servlet.mvc.method.annotation.RequestMappingHandlerMapping:
INFO  [Systems]: 2018-04-10 10:16:13.636--- [main] Mapped "{[/user/login],methods=[POST],produces=[application/json;charset=UTF-8]}" onto public com.mmall.common.Result<com.mmall.domain.User> com.mmall.controller.UserController.login(java.lang.String,java.lang.String,javax.servlet.http.HttpSession) - org.springframework.web.servlet.mvc.method.annotation.RequestMappingHandlerMapping:
INFO  [Systems]: 2018-04-10 10:16:13.636--- [main] Mapped "{[/user/loginOut],methods=[GET],produces=[application/json;charset=UTF-8]}" onto public com.mmall.common.Result<java.lang.String> com.mmall.controller.UserController.loginOut(javax.servlet.http.HttpSession) - org.springframework.web.servlet.mvc.method.annotation.RequestMappingHandlerMapping:
INFO  [Systems]: 2018-04-10 10:16:13.637--- [main] Mapped "{[/user/checkValid],methods=[GET],produces=[application/json;charset=UTF-8]}" onto public com.mmall.common.Result<java.lang.String> com.mmall.controller.UserController.checkValid(java.lang.String,java.lang.String) - org.springframework.web.servlet.mvc.method.annotation.RequestMappingHandlerMapping:
INFO  [Systems]: 2018-04-10 10:16:13.637--- [main] Mapped "{[/user/selectQuestion],methods=[GET],produces=[application/json;charset=UTF-8]}" onto public com.mmall.common.Result<java.lang.String> com.mmall.controller.UserController.selectQuestion(java.lang.String) - org.springframework.web.servlet.mvc.method.annotation.RequestMappingHandlerMapping:
INFO  [Systems]: 2018-04-10 10:16:13.637--- [main] Mapped "{[/user/checkAnswer],methods=[POST],produces=[application/json;charset=UTF-8]}" onto public com.mmall.common.Result<java.lang.String> com.mmall.controller.UserController.checkAnswer(com.mmall.domain.User) - org.springframework.web.servlet.mvc.method.annotation.RequestMappingHandlerMapping:
INFO  [Systems]: 2018-04-10 10:16:13.638--- [main] Mapped "{[/user/updatePassword],methods=[POST],produces=[application/json;charset=UTF-8]}" onto public com.mmall.common.Result<java.lang.String> com.mmall.controller.UserController.updatePassword(javax.servlet.http.HttpSession,java.lang.String,java.lang.String) - org.springframework.web.servlet.mvc.method.annotation.RequestMappingHandlerMapping:
INFO  [Systems]: 2018-04-10 10:16:13.639--- [main] Mapped "{[/v2/api-docs],methods=[GET],produces=[application/json || application/hal+json]}" onto public org.springframework.http.ResponseEntity<springfox.documentation.spring.web.json.Json> springfox.documentation.swagger2.web.Swagger2Controller.getDocumentation(java.lang.String,javax.servlet.http.HttpServletRequest) - org.springframework.web.servlet.mvc.method.annotation.RequestMappingHandlerMapping:
INFO  [Systems]: 2018-04-10 10:16:13.644--- [main] Mapped "{[/swagger-resources/configuration/ui]}" onto org.springframework.http.ResponseEntity<springfox.documentation.swagger.web.UiConfiguration> springfox.documentation.swagger.web.ApiResourceController.uiConfiguration() - org.springframework.web.servlet.mvc.method.annotation.RequestMappingHandlerMapping:
INFO  [Systems]: 2018-04-10 10:16:13.645--- [main] Mapped "{[/swagger-resources]}" onto org.springframework.http.ResponseEntity<java.util.List<springfox.documentation.swagger.web.SwaggerResource>> springfox.documentation.swagger.web.ApiResourceController.swaggerResources() - org.springframework.web.servlet.mvc.method.annotation.RequestMappingHandlerMapping:
INFO  [Systems]: 2018-04-10 10:16:13.645--- [main] Mapped "{[/swagger-resources/configuration/security]}" onto org.springframework.http.ResponseEntity<springfox.documentation.swagger.web.SecurityConfiguration> springfox.documentation.swagger.web.ApiResourceController.securityConfiguration() - org.springframework.web.servlet.mvc.method.annotation.RequestMappingHandlerMapping:
INFO  [Systems]: 2018-04-10 10:16:13.648--- [main] Mapped "{[/error]}" onto public org.springframework.http.ResponseEntity<java.util.Map<java.lang.String, java.lang.Object>> org.springframework.boot.autoconfigure.web.servlet.error.BasicErrorController.error(javax.servlet.http.HttpServletRequest) - org.springframework.web.servlet.mvc.method.annotation.RequestMappingHandlerMapping:
INFO  [Systems]: 2018-04-10 10:16:13.648--- [main] Mapped "{[/error],produces=[text/html]}" onto public org.springframework.web.servlet.ModelAndView org.springframework.boot.autoconfigure.web.servlet.error.BasicErrorController.errorHtml(javax.servlet.http.HttpServletRequest,javax.servlet.http.HttpServletResponse) - org.springframework.web.servlet.mvc.method.annotation.RequestMappingHandlerMapping:
INFO  [Systems]: 2018-04-10 10:16:13.931--- [main] Mapped URL path [/**/favicon.ico] onto handler of type [class org.springframework.web.servlet.resource.ResourceHttpRequestHandler] - org.springframework.web.servlet.handler.SimpleUrlHandlerMapping:
INFO  [Systems]: 2018-04-10 10:16:14.109--- [main] Looking for @ControllerAdvice: org.springframework.boot.web.servlet.context.AnnotationConfigServletWebServerApplicationContext@2eced48b: startup date [Tue Apr 10 10:16:10 CST 2018]; root of context hierarchy - org.springframework.web.servlet.mvc.method.annotation.RequestMappingHandlerAdapter:
INFO  [Systems]: 2018-04-10 10:16:14.160--- [main] Mapped URL path [/webjars/**] onto handler of type [class org.springframework.web.servlet.resource.ResourceHttpRequestHandler] - org.springframework.web.servlet.handler.SimpleUrlHandlerMapping:
INFO  [Systems]: 2018-04-10 10:16:14.161--- [main] Mapped URL path [/**] onto handler of type [class org.springframework.web.servlet.resource.ResourceHttpRequestHandler] - org.springframework.web.servlet.handler.SimpleUrlHandlerMapping:
INFO  [Systems]: 2018-04-10 10:16:14.814--- [main] Registering beans for JMX exposure on startup - org.springframework.jmx.export.annotation.AnnotationMBeanExporter:
INFO  [Systems]: 2018-04-10 10:16:14.816--- [main] Bean with name 'dataSource' has been autodetected for JMX exposure - org.springframework.jmx.export.annotation.AnnotationMBeanExporter:
INFO  [Systems]: 2018-04-10 10:16:14.823--- [main] Located MBean 'dataSource': registering with JMX server as MBean [com.zaxxer.hikari:name=dataSource,type=HikariDataSource] - org.springframework.jmx.export.annotation.AnnotationMBeanExporter:
INFO  [Systems]: 2018-04-10 10:16:14.827--- [main] Starting beans in phase 2147483647 - org.springframework.context.support.DefaultLifecycleProcessor:
INFO  [Systems]: 2018-04-10 10:16:14.827--- [main] Context refreshed - springfox.documentation.spring.web.plugins.DocumentationPluginsBootstrapper:
INFO  [Systems]: 2018-04-10 10:16:14.844--- [main] Found 1 custom documentation plugin(s) - springfox.documentation.spring.web.plugins.DocumentationPluginsBootstrapper:
INFO  [Systems]: 2018-04-10 10:16:14.856--- [main] Scanning for api listing references - springfox.documentation.spring.web.scanners.ApiListingReferenceScanner:
INFO  [Systems]: 2018-04-10 10:16:15.123--- [main] Starting ProtocolHandler ["http-nio-8887"] - org.apache.coyote.http11.Http11NioProtocol:
INFO  [Systems]: 2018-04-10 10:16:15.132--- [main] Using a shared selector for servlet write/read - org.apache.tomcat.util.net.NioSelectorPool:
INFO  [Systems]: 2018-04-10 10:16:15.147--- [main] Tomcat started on port(s): 8887 (http) with context path '' - org.springframework.boot.web.embedded.tomcat.TomcatWebServer:
INFO  [Systems]: 2018-04-10 10:16:15.152--- [main] Started MmallApplication in 5.931 seconds (JVM running for 7.191) - com.mmall.MmallApplication:
INFO  [Systems]: 2018-04-10 10:16:30.019--- [http-nio-8887-exec-1] Initializing Spring FrameworkServlet 'dispatcherServlet' - org.apache.catalina.core.ContainerBase.[Tomcat].[localhost].[/]:
INFO  [Systems]: 2018-04-10 10:16:30.019--- [http-nio-8887-exec-1] FrameworkServlet 'dispatcherServlet': initialization started - org.springframework.web.servlet.DispatcherServlet:
INFO  [Systems]: 2018-04-10 10:16:30.037--- [http-nio-8887-exec-1] FrameworkServlet 'dispatcherServlet': initialization completed in 18 ms - org.springframework.web.servlet.DispatcherServlet:
INFO  [Systems]: 2018-04-10 10:16:54.171--- [http-nio-8887-exec-2] HikariPool-1 - Starting... - com.zaxxer.hikari.HikariDataSource:
INFO  [Systems]: 2018-04-10 10:16:54.386--- [http-nio-8887-exec-2] HikariPool-1 - Start completed. - com.zaxxer.hikari.HikariDataSource:
DEBUG [Systems]: 2018-04-10 10:16:54.393--- [http-nio-8887-exec-2] ==>  Preparing: select count(*) from user WHERE ( username = ? )  - com.mmall.dao.UserMapper.countByExample:
DEBUG [Systems]: 2018-04-10 10:16:54.408--- [http-nio-8887-exec-2] ==> Parameters: techqiao(String) - com.mmall.dao.UserMapper.countByExample:
DEBUG [Systems]: 2018-04-10 10:16:54.424--- [http-nio-8887-exec-2] <==      Total: 1 - com.mmall.dao.UserMapper.countByExample:
DEBUG [Systems]: 2018-04-10 10:16:54.427--- [http-nio-8887-exec-2] ==>  Preparing: select id, username, password, email, phone, question, answer, role, create_time, update_time from user WHERE ( username = ? and password = ? )  - com.mmall.dao.UserMapper.selectByExample:
DEBUG [Systems]: 2018-04-10 10:16:54.428--- [http-nio-8887-exec-2] ==> Parameters: techqiao(String), E10ADC3949BA59ABBE56E057F20F883E(String) - com.mmall.dao.UserMapper.selectByExample:
DEBUG [Systems]: 2018-04-10 10:16:54.431--- [http-nio-8887-exec-2] <==      Total: 1 - com.mmall.dao.UserMapper.selectByExample:
DEBUG [Systems]: 2018-04-10 10:17:06.391--- [http-nio-8887-exec-3] ==>  Preparing: update user SET id = ?, username = ?, password = ?, email = ?, phone = ?, question = ?, answer = ?, role = ?, create_time = ?, update_time = ? WHERE ( id = ? )  - com.mmall.dao.UserMapper.updateByExampleSelective:
DEBUG [Systems]: 2018-04-10 10:17:06.398--- [http-nio-8887-exec-3] ==> Parameters: 22(Integer), techqiao(String), E10ADC3949BA59ABBE56E057F20F883E(String), 247021523@qq.com(String), 13026363210(String), 问题(String), 答案(String), 0(Integer), 2018-04-10 10:08:04.0(Timestamp), 2018-04-10 10:17:02.236(Timestamp), 22(Integer) - com.mmall.dao.UserMapper.updateByExampleSelective:
DEBUG [Systems]: 2018-04-10 10:17:06.467--- [http-nio-8887-exec-3] <==    Updates: 1 - com.mmall.dao.UserMapper.updateByExampleSelective:
INFO  [Systems]: 2018-04-10 10:17:43.930--- [main] Starting MmallApplication on ZGV201U7WAB5CYS with PID 12800 (D:\workspace3\mmall\target\classes started by Administrator in D:\workspace3\mmall) - com.mmall.MmallApplication:
INFO  [Systems]: 2018-04-10 10:17:43.936--- [main] No active profile set, falling back to default profiles: default - com.mmall.MmallApplication:
INFO  [Systems]: 2018-04-10 10:17:44.089--- [main] Refreshing org.springframework.boot.web.servlet.context.AnnotationConfigServletWebServerApplicationContext@18c5069b: startup date [Tue Apr 10 10:17:44 CST 2018]; root of context hierarchy - org.springframework.boot.web.servlet.context.AnnotationConfigServletWebServerApplicationContext:
INFO  [Systems]: 2018-04-10 10:17:45.038--- [main] Multiple Spring Data modules found, entering strict repository configuration mode! - org.springframework.data.repository.config.RepositoryConfigurationDelegate:
INFO  [Systems]: 2018-04-10 10:17:45.414--- [main] Bean 'org.springframework.ws.config.annotation.DelegatingWsConfiguration' of type [org.springframework.ws.config.annotation.DelegatingWsConfiguration$$EnhancerBySpringCGLIB$$1b9775d] is not eligible for getting processed by all BeanPostProcessors (for example: not eligible for auto-proxying) - org.springframework.context.support.PostProcessorRegistrationDelegate$BeanPostProcessorChecker:
INFO  [Systems]: 2018-04-10 10:17:45.451--- [main] Supporting [WS-Addressing August 2004, WS-Addressing 1.0] - org.springframework.ws.soap.addressing.server.AnnotationActionEndpointMapping:
INFO  [Systems]: 2018-04-10 10:17:45.467--- [main] Bean 'org.springframework.cache.annotation.ProxyCachingConfiguration' of type [org.springframework.cache.annotation.ProxyCachingConfiguration$$EnhancerBySpringCGLIB$$a633e87c] is not eligible for getting processed by all BeanPostProcessors (for example: not eligible for auto-proxying) - org.springframework.context.support.PostProcessorRegistrationDelegate$BeanPostProcessorChecker:
INFO  [Systems]: 2018-04-10 10:17:45.476--- [main] Bean 'org.springframework.transaction.annotation.ProxyTransactionManagementConfiguration' of type [org.springframework.transaction.annotation.ProxyTransactionManagementConfiguration$$EnhancerBySpringCGLIB$$5d21b25e] is not eligible for getting processed by all BeanPostProcessors (for example: not eligible for auto-proxying) - org.springframework.context.support.PostProcessorRegistrationDelegate$BeanPostProcessorChecker:
INFO  [Systems]: 2018-04-10 10:17:45.785--- [main] Tomcat initialized with port(s): 8887 (http) - org.springframework.boot.web.embedded.tomcat.TomcatWebServer:
INFO  [Systems]: 2018-04-10 10:17:45.799--- [main] Initializing ProtocolHandler ["http-nio-8887"] - org.apache.coyote.http11.Http11NioProtocol:
INFO  [Systems]: 2018-04-10 10:17:45.809--- [main] Starting service [Tomcat] - org.apache.catalina.core.StandardService:
INFO  [Systems]: 2018-04-10 10:17:45.810--- [main] Starting Servlet Engine: Apache Tomcat/8.5.29 - org.apache.catalina.core.StandardEngine:
INFO  [Systems]: 2018-04-10 10:17:45.814--- [localhost-startStop-1] The APR based Apache Tomcat Native library which allows optimal performance in production environments was not found on the java.library.path: [C:\Program Files\Java\jdk1.8.0_131\bin;C:\Windows\Sun\Java\bin;C:\Windows\system32;C:\Windows;C:\ProgramData\Oracle\Java\javapath;C:\Windows\system32;C:\Windows;C:\Windows\System32\Wbem;C:\Windows\System32\WindowsPowerShell\v1.0\;F:\tools\maven\bin;C:\Program Files\Java\jdk1.8.0_131\bin;F:\tools\Git\cmd;C:\Program Files\MySQL\mysql-5.7.21-winx64\bin;C:\Program Files\OpenVPN\bin;.] - org.apache.catalina.core.AprLifecycleListener:
INFO  [Systems]: 2018-04-10 10:17:45.904--- [localhost-startStop-1] Initializing Spring embedded WebApplicationContext - org.apache.catalina.core.ContainerBase.[Tomcat].[localhost].[/]:
INFO  [Systems]: 2018-04-10 10:17:45.905--- [localhost-startStop-1] Root WebApplicationContext: initialization completed in 1815 ms - org.springframework.web.context.ContextLoader:
INFO  [Systems]: 2018-04-10 10:17:46.066--- [localhost-startStop-1] Servlet dispatcherServlet mapped to [/] - org.springframework.boot.web.servlet.ServletRegistrationBean:
INFO  [Systems]: 2018-04-10 10:17:46.067--- [localhost-startStop-1] Servlet messageDispatcherServlet mapped to [/services/*] - org.springframework.boot.web.servlet.ServletRegistrationBean:
INFO  [Systems]: 2018-04-10 10:17:46.071--- [localhost-startStop-1] Mapping filter: 'characterEncodingFilter' to: [/*] - org.springframework.boot.web.servlet.FilterRegistrationBean:
INFO  [Systems]: 2018-04-10 10:17:46.072--- [localhost-startStop-1] Mapping filter: 'hiddenHttpMethodFilter' to: [/*] - org.springframework.boot.web.servlet.FilterRegistrationBean:
INFO  [Systems]: 2018-04-10 10:17:46.072--- [localhost-startStop-1] Mapping filter: 'httpPutFormContentFilter' to: [/*] - org.springframework.boot.web.servlet.FilterRegistrationBean:
INFO  [Systems]: 2018-04-10 10:17:46.072--- [localhost-startStop-1] Mapping filter: 'requestContextFilter' to: [/*] - org.springframework.boot.web.servlet.FilterRegistrationBean:
INFO  [Systems]: 2018-04-10 10:17:46.915--- [main] Mapped "{[/user/register],methods=[POST],produces=[application/json;charset=UTF-8]}" onto public com.mmall.common.Result<java.lang.String> com.mmall.controller.UserController.register(com.mmall.domain.User) - org.springframework.web.servlet.mvc.method.annotation.RequestMappingHandlerMapping:
INFO  [Systems]: 2018-04-10 10:17:46.916--- [main] Mapped "{[/user/getUserInfo/{userId}],methods=[GET],produces=[application/json;charset=UTF-8]}" onto public com.mmall.common.Result<com.mmall.domain.User> com.mmall.controller.UserController.getUserInfo(java.lang.Integer,javax.servlet.http.HttpSession) - org.springframework.web.servlet.mvc.method.annotation.RequestMappingHandlerMapping:
INFO  [Systems]: 2018-04-10 10:17:46.917--- [main] Mapped "{[/user/forgetResetPassword],methods=[POST],produces=[application/json;charset=UTF-8]}" onto public com.mmall.common.Result<java.lang.String> com.mmall.controller.UserController.forgetResetPassword(java.lang.String,java.lang.String,java.lang.String) - org.springframework.web.servlet.mvc.method.annotation.RequestMappingHandlerMapping:
INFO  [Systems]: 2018-04-10 10:17:46.917--- [main] Mapped "{[/user/login],methods=[POST],produces=[application/json;charset=UTF-8]}" onto public com.mmall.common.Result<com.mmall.domain.User> com.mmall.controller.UserController.login(java.lang.String,java.lang.String,javax.servlet.http.HttpSession) - org.springframework.web.servlet.mvc.method.annotation.RequestMappingHandlerMapping:
INFO  [Systems]: 2018-04-10 10:17:46.917--- [main] Mapped "{[/user/loginOut],methods=[GET],produces=[application/json;charset=UTF-8]}" onto public com.mmall.common.Result<java.lang.String> com.mmall.controller.UserController.loginOut(javax.servlet.http.HttpSession) - org.springframework.web.servlet.mvc.method.annotation.RequestMappingHandlerMapping:
INFO  [Systems]: 2018-04-10 10:17:46.918--- [main] Mapped "{[/user/checkValid],methods=[GET],produces=[application/json;charset=UTF-8]}" onto public com.mmall.common.Result<java.lang.String> com.mmall.controller.UserController.checkValid(java.lang.String,java.lang.String) - org.springframework.web.servlet.mvc.method.annotation.RequestMappingHandlerMapping:
INFO  [Systems]: 2018-04-10 10:17:46.918--- [main] Mapped "{[/user/selectQuestion],methods=[GET],produces=[application/json;charset=UTF-8]}" onto public com.mmall.common.Result<java.lang.String> com.mmall.controller.UserController.selectQuestion(java.lang.String) - org.springframework.web.servlet.mvc.method.annotation.RequestMappingHandlerMapping:
INFO  [Systems]: 2018-04-10 10:17:46.918--- [main] Mapped "{[/user/checkAnswer],methods=[POST],produces=[application/json;charset=UTF-8]}" onto public com.mmall.common.Result<java.lang.String> com.mmall.controller.UserController.checkAnswer(com.mmall.domain.User) - org.springframework.web.servlet.mvc.method.annotation.RequestMappingHandlerMapping:
INFO  [Systems]: 2018-04-10 10:17:46.918--- [main] Mapped "{[/user/updatePassword],methods=[POST],produces=[application/json;charset=UTF-8]}" onto public com.mmall.common.Result<java.lang.String> com.mmall.controller.UserController.updatePassword(javax.servlet.http.HttpSession,java.lang.String,java.lang.String) - org.springframework.web.servlet.mvc.method.annotation.RequestMappingHandlerMapping:
INFO  [Systems]: 2018-04-10 10:17:46.919--- [main] Mapped "{[/v2/api-docs],methods=[GET],produces=[application/json || application/hal+json]}" onto public org.springframework.http.ResponseEntity<springfox.documentation.spring.web.json.Json> springfox.documentation.swagger2.web.Swagger2Controller.getDocumentation(java.lang.String,javax.servlet.http.HttpServletRequest) - org.springframework.web.servlet.mvc.method.annotation.RequestMappingHandlerMapping:
INFO  [Systems]: 2018-04-10 10:17:46.922--- [main] Mapped "{[/swagger-resources/configuration/security]}" onto org.springframework.http.ResponseEntity<springfox.documentation.swagger.web.SecurityConfiguration> springfox.documentation.swagger.web.ApiResourceController.securityConfiguration() - org.springframework.web.servlet.mvc.method.annotation.RequestMappingHandlerMapping:
INFO  [Systems]: 2018-04-10 10:17:46.923--- [main] Mapped "{[/swagger-resources/configuration/ui]}" onto org.springframework.http.ResponseEntity<springfox.documentation.swagger.web.UiConfiguration> springfox.documentation.swagger.web.ApiResourceController.uiConfiguration() - org.springframework.web.servlet.mvc.method.annotation.RequestMappingHandlerMapping:
INFO  [Systems]: 2018-04-10 10:17:46.923--- [main] Mapped "{[/swagger-resources]}" onto org.springframework.http.ResponseEntity<java.util.List<springfox.documentation.swagger.web.SwaggerResource>> springfox.documentation.swagger.web.ApiResourceController.swaggerResources() - org.springframework.web.servlet.mvc.method.annotation.RequestMappingHandlerMapping:
INFO  [Systems]: 2018-04-10 10:17:46.926--- [main] Mapped "{[/error]}" onto public org.springframework.http.ResponseEntity<java.util.Map<java.lang.String, java.lang.Object>> org.springframework.boot.autoconfigure.web.servlet.error.BasicErrorController.error(javax.servlet.http.HttpServletRequest) - org.springframework.web.servlet.mvc.method.annotation.RequestMappingHandlerMapping:
INFO  [Systems]: 2018-04-10 10:17:46.926--- [main] Mapped "{[/error],produces=[text/html]}" onto public org.springframework.web.servlet.ModelAndView org.springframework.boot.autoconfigure.web.servlet.error.BasicErrorController.errorHtml(javax.servlet.http.HttpServletRequest,javax.servlet.http.HttpServletResponse) - org.springframework.web.servlet.mvc.method.annotation.RequestMappingHandlerMapping:
INFO  [Systems]: 2018-04-10 10:17:47.153--- [main] Mapped URL path [/**/favicon.ico] onto handler of type [class org.springframework.web.servlet.resource.ResourceHttpRequestHandler] - org.springframework.web.servlet.handler.SimpleUrlHandlerMapping:
INFO  [Systems]: 2018-04-10 10:17:47.361--- [main] Looking for @ControllerAdvice: org.springframework.boot.web.servlet.context.AnnotationConfigServletWebServerApplicationContext@18c5069b: startup date [Tue Apr 10 10:17:44 CST 2018]; root of context hierarchy - org.springframework.web.servlet.mvc.method.annotation.RequestMappingHandlerAdapter:
INFO  [Systems]: 2018-04-10 10:17:47.419--- [main] Mapped URL path [/webjars/**] onto handler of type [class org.springframework.web.servlet.resource.ResourceHttpRequestHandler] - org.springframework.web.servlet.handler.SimpleUrlHandlerMapping:
INFO  [Systems]: 2018-04-10 10:17:47.420--- [main] Mapped URL path [/**] onto handler of type [class org.springframework.web.servlet.resource.ResourceHttpRequestHandler] - org.springframework.web.servlet.handler.SimpleUrlHandlerMapping:
INFO  [Systems]: 2018-04-10 10:17:48.000--- [main] Registering beans for JMX exposure on startup - org.springframework.jmx.export.annotation.AnnotationMBeanExporter:
INFO  [Systems]: 2018-04-10 10:17:48.002--- [main] Bean with name 'dataSource' has been autodetected for JMX exposure - org.springframework.jmx.export.annotation.AnnotationMBeanExporter:
INFO  [Systems]: 2018-04-10 10:17:48.009--- [main] Located MBean 'dataSource': registering with JMX server as MBean [com.zaxxer.hikari:name=dataSource,type=HikariDataSource] - org.springframework.jmx.export.annotation.AnnotationMBeanExporter:
INFO  [Systems]: 2018-04-10 10:17:48.014--- [main] Starting beans in phase 2147483647 - org.springframework.context.support.DefaultLifecycleProcessor:
INFO  [Systems]: 2018-04-10 10:17:48.015--- [main] Context refreshed - springfox.documentation.spring.web.plugins.DocumentationPluginsBootstrapper:
INFO  [Systems]: 2018-04-10 10:17:48.031--- [main] Found 1 custom documentation plugin(s) - springfox.documentation.spring.web.plugins.DocumentationPluginsBootstrapper:
INFO  [Systems]: 2018-04-10 10:17:48.043--- [main] Scanning for api listing references - springfox.documentation.spring.web.scanners.ApiListingReferenceScanner:
INFO  [Systems]: 2018-04-10 10:17:48.288--- [main] Starting ProtocolHandler ["http-nio-8887"] - org.apache.coyote.http11.Http11NioProtocol:
INFO  [Systems]: 2018-04-10 10:17:48.296--- [main] Using a shared selector for servlet write/read - org.apache.tomcat.util.net.NioSelectorPool:
INFO  [Systems]: 2018-04-10 10:17:48.314--- [main] Tomcat started on port(s): 8887 (http) with context path '' - org.springframework.boot.web.embedded.tomcat.TomcatWebServer:
INFO  [Systems]: 2018-04-10 10:17:48.319--- [main] Started MmallApplication in 5.47 seconds (JVM running for 6.596) - com.mmall.MmallApplication:
INFO  [Systems]: 2018-04-10 13:33:15.346--- [main] Starting MmallApplication on ZGV201U7WAB5CYS with PID 16736 (D:\workspace3\mmall\target\classes started by Administrator in D:\workspace3\mmall) - com.mmall.MmallApplication:
INFO  [Systems]: 2018-04-10 13:33:15.354--- [main] No active profile set, falling back to default profiles: default - com.mmall.MmallApplication:
INFO  [Systems]: 2018-04-10 13:33:15.443--- [main] Refreshing org.springframework.boot.web.servlet.context.AnnotationConfigServletWebServerApplicationContext@2320fa6f: startup date [Tue Apr 10 13:33:15 CST 2018]; root of context hierarchy - org.springframework.boot.web.servlet.context.AnnotationConfigServletWebServerApplicationContext:
INFO  [Systems]: 2018-04-10 13:33:16.413--- [main] Multiple Spring Data modules found, entering strict repository configuration mode! - org.springframework.data.repository.config.RepositoryConfigurationDelegate:
INFO  [Systems]: 2018-04-10 13:33:16.827--- [main] Bean 'org.springframework.ws.config.annotation.DelegatingWsConfiguration' of type [org.springframework.ws.config.annotation.DelegatingWsConfiguration$$EnhancerBySpringCGLIB$$23ddd05c] is not eligible for getting processed by all BeanPostProcessors (for example: not eligible for auto-proxying) - org.springframework.context.support.PostProcessorRegistrationDelegate$BeanPostProcessorChecker:
INFO  [Systems]: 2018-04-10 13:33:16.863--- [main] Supporting [WS-Addressing August 2004, WS-Addressing 1.0] - org.springframework.ws.soap.addressing.server.AnnotationActionEndpointMapping:
INFO  [Systems]: 2018-04-10 13:33:16.874--- [main] Bean 'org.springframework.cache.annotation.ProxyCachingConfiguration' of type [org.springframework.cache.annotation.ProxyCachingConfiguration$$EnhancerBySpringCGLIB$$c858417b] is not eligible for getting processed by all BeanPostProcessors (for example: not eligible for auto-proxying) - org.springframework.context.support.PostProcessorRegistrationDelegate$BeanPostProcessorChecker:
INFO  [Systems]: 2018-04-10 13:33:16.881--- [main] Bean 'org.springframework.transaction.annotation.ProxyTransactionManagementConfiguration' of type [org.springframework.transaction.annotation.ProxyTransactionManagementConfiguration$$EnhancerBySpringCGLIB$$7f460b5d] is not eligible for getting processed by all BeanPostProcessors (for example: not eligible for auto-proxying) - org.springframework.context.support.PostProcessorRegistrationDelegate$BeanPostProcessorChecker:
INFO  [Systems]: 2018-04-10 13:33:17.210--- [main] Tomcat initialized with port(s): 8887 (http) - org.springframework.boot.web.embedded.tomcat.TomcatWebServer:
INFO  [Systems]: 2018-04-10 13:33:17.223--- [main] Initializing ProtocolHandler ["http-nio-8887"] - org.apache.coyote.http11.Http11NioProtocol:
INFO  [Systems]: 2018-04-10 13:33:17.234--- [main] Starting service [Tomcat] - org.apache.catalina.core.StandardService:
INFO  [Systems]: 2018-04-10 13:33:17.234--- [main] Starting Servlet Engine: Apache Tomcat/8.5.29 - org.apache.catalina.core.StandardEngine:
INFO  [Systems]: 2018-04-10 13:33:17.239--- [localhost-startStop-1] The APR based Apache Tomcat Native library which allows optimal performance in production environments was not found on the java.library.path: [C:\Program Files\Java\jdk1.8.0_131\bin;C:\Windows\Sun\Java\bin;C:\Windows\system32;C:\Windows;C:\ProgramData\Oracle\Java\javapath;C:\Windows\system32;C:\Windows;C:\Windows\System32\Wbem;C:\Windows\System32\WindowsPowerShell\v1.0\;F:\tools\maven\bin;C:\Program Files\Java\jdk1.8.0_131\bin;F:\tools\Git\cmd;C:\Program Files\MySQL\mysql-5.7.21-winx64\bin;C:\Program Files\OpenVPN\bin;.] - org.apache.catalina.core.AprLifecycleListener:
INFO  [Systems]: 2018-04-10 13:33:17.336--- [localhost-startStop-1] Initializing Spring embedded WebApplicationContext - org.apache.catalina.core.ContainerBase.[Tomcat].[localhost].[/]:
INFO  [Systems]: 2018-04-10 13:33:17.336--- [localhost-startStop-1] Root WebApplicationContext: initialization completed in 1893 ms - org.springframework.web.context.ContextLoader:
INFO  [Systems]: 2018-04-10 13:33:17.507--- [localhost-startStop-1] Servlet dispatcherServlet mapped to [/] - org.springframework.boot.web.servlet.ServletRegistrationBean:
INFO  [Systems]: 2018-04-10 13:33:17.509--- [localhost-startStop-1] Servlet messageDispatcherServlet mapped to [/services/*] - org.springframework.boot.web.servlet.ServletRegistrationBean:
INFO  [Systems]: 2018-04-10 13:33:17.515--- [localhost-startStop-1] Mapping filter: 'characterEncodingFilter' to: [/*] - org.springframework.boot.web.servlet.FilterRegistrationBean:
INFO  [Systems]: 2018-04-10 13:33:17.516--- [localhost-startStop-1] Mapping filter: 'hiddenHttpMethodFilter' to: [/*] - org.springframework.boot.web.servlet.FilterRegistrationBean:
INFO  [Systems]: 2018-04-10 13:33:17.516--- [localhost-startStop-1] Mapping filter: 'httpPutFormContentFilter' to: [/*] - org.springframework.boot.web.servlet.FilterRegistrationBean:
INFO  [Systems]: 2018-04-10 13:33:17.516--- [localhost-startStop-1] Mapping filter: 'requestContextFilter' to: [/*] - org.springframework.boot.web.servlet.FilterRegistrationBean:
INFO  [Systems]: 2018-04-10 13:33:18.384--- [main] Mapped "{[/category/addCategory],methods=[POST],produces=[application/json;charset=UTF-8]}" onto public com.mmall.common.Result com.mmall.controller.CategoryController.addCategory(javax.servlet.http.HttpSession,java.lang.String,int) - org.springframework.web.servlet.mvc.method.annotation.RequestMappingHandlerMapping:
INFO  [Systems]: 2018-04-10 13:33:18.389--- [main] Mapped "{[/user/register],methods=[POST],produces=[application/json;charset=UTF-8]}" onto public com.mmall.common.Result<java.lang.String> com.mmall.controller.UserController.register(com.mmall.domain.User) - org.springframework.web.servlet.mvc.method.annotation.RequestMappingHandlerMapping:
INFO  [Systems]: 2018-04-10 13:33:18.389--- [main] Mapped "{[/user/getUserInfo/{userId}],methods=[GET],produces=[application/json;charset=UTF-8]}" onto public com.mmall.common.Result<com.mmall.domain.User> com.mmall.controller.UserController.getUserInfo(java.lang.Integer,javax.servlet.http.HttpSession) - org.springframework.web.servlet.mvc.method.annotation.RequestMappingHandlerMapping:
INFO  [Systems]: 2018-04-10 13:33:18.389--- [main] Mapped "{[/user/loginOut],methods=[GET],produces=[application/json;charset=UTF-8]}" onto public com.mmall.common.Result<java.lang.String> com.mmall.controller.UserController.loginOut(javax.servlet.http.HttpSession) - org.springframework.web.servlet.mvc.method.annotation.RequestMappingHandlerMapping:
INFO  [Systems]: 2018-04-10 13:33:18.390--- [main] Mapped "{[/user/login],methods=[POST],produces=[application/json;charset=UTF-8]}" onto public com.mmall.common.Result<com.mmall.domain.User> com.mmall.controller.UserController.login(java.lang.String,java.lang.String,javax.servlet.http.HttpSession) - org.springframework.web.servlet.mvc.method.annotation.RequestMappingHandlerMapping:
INFO  [Systems]: 2018-04-10 13:33:18.390--- [main] Mapped "{[/user/checkValid],methods=[GET],produces=[application/json;charset=UTF-8]}" onto public com.mmall.common.Result<java.lang.String> com.mmall.controller.UserController.checkValid(java.lang.String,java.lang.String) - org.springframework.web.servlet.mvc.method.annotation.RequestMappingHandlerMapping:
INFO  [Systems]: 2018-04-10 13:33:18.390--- [main] Mapped "{[/user/selectQuestion],methods=[GET],produces=[application/json;charset=UTF-8]}" onto public com.mmall.common.Result<java.lang.String> com.mmall.controller.UserController.selectQuestion(java.lang.String) - org.springframework.web.servlet.mvc.method.annotation.RequestMappingHandlerMapping:
INFO  [Systems]: 2018-04-10 13:33:18.392--- [main] Mapped "{[/user/checkAnswer],methods=[POST],produces=[application/json;charset=UTF-8]}" onto public com.mmall.common.Result<java.lang.String> com.mmall.controller.UserController.checkAnswer(com.mmall.domain.User) - org.springframework.web.servlet.mvc.method.annotation.RequestMappingHandlerMapping:
INFO  [Systems]: 2018-04-10 13:33:18.392--- [main] Mapped "{[/user/updatePassword],methods=[PATCH],produces=[application/json;charset=UTF-8]}" onto public com.mmall.common.Result<java.lang.String> com.mmall.controller.UserController.updatePassword(javax.servlet.http.HttpSession,java.lang.String,java.lang.String) - org.springframework.web.servlet.mvc.method.annotation.RequestMappingHandlerMapping:
INFO  [Systems]: 2018-04-10 13:33:18.393--- [main] Mapped "{[/user/updateUserInfo],methods=[PATCH],produces=[application/json;charset=UTF-8]}" onto public com.mmall.common.Result<com.mmall.domain.User> com.mmall.controller.UserController.updateUserInfo(javax.servlet.http.HttpSession,com.mmall.domain.User) - org.springframework.web.servlet.mvc.method.annotation.RequestMappingHandlerMapping:
INFO  [Systems]: 2018-04-10 13:33:18.393--- [main] Mapped "{[/user/forgetResetPassword],methods=[PATCH],produces=[application/json;charset=UTF-8]}" onto public com.mmall.common.Result<java.lang.String> com.mmall.controller.UserController.forgetResetPassword(java.lang.String,java.lang.String,java.lang.String) - org.springframework.web.servlet.mvc.method.annotation.RequestMappingHandlerMapping:
INFO  [Systems]: 2018-04-10 13:33:18.394--- [main] Mapped "{[/v2/api-docs],methods=[GET],produces=[application/json || application/hal+json]}" onto public org.springframework.http.ResponseEntity<springfox.documentation.spring.web.json.Json> springfox.documentation.swagger2.web.Swagger2Controller.getDocumentation(java.lang.String,javax.servlet.http.HttpServletRequest) - org.springframework.web.servlet.mvc.method.annotation.RequestMappingHandlerMapping:
INFO  [Systems]: 2018-04-10 13:33:18.397--- [main] Mapped "{[/swagger-resources/configuration/security]}" onto org.springframework.http.ResponseEntity<springfox.documentation.swagger.web.SecurityConfiguration> springfox.documentation.swagger.web.ApiResourceController.securityConfiguration() - org.springframework.web.servlet.mvc.method.annotation.RequestMappingHandlerMapping:
INFO  [Systems]: 2018-04-10 13:33:18.397--- [main] Mapped "{[/swagger-resources/configuration/ui]}" onto org.springframework.http.ResponseEntity<springfox.documentation.swagger.web.UiConfiguration> springfox.documentation.swagger.web.ApiResourceController.uiConfiguration() - org.springframework.web.servlet.mvc.method.annotation.RequestMappingHandlerMapping:
INFO  [Systems]: 2018-04-10 13:33:18.398--- [main] Mapped "{[/swagger-resources]}" onto org.springframework.http.ResponseEntity<java.util.List<springfox.documentation.swagger.web.SwaggerResource>> springfox.documentation.swagger.web.ApiResourceController.swaggerResources() - org.springframework.web.servlet.mvc.method.annotation.RequestMappingHandlerMapping:
INFO  [Systems]: 2018-04-10 13:33:18.401--- [main] Mapped "{[/error]}" onto public org.springframework.http.ResponseEntity<java.util.Map<java.lang.String, java.lang.Object>> org.springframework.boot.autoconfigure.web.servlet.error.BasicErrorController.error(javax.servlet.http.HttpServletRequest) - org.springframework.web.servlet.mvc.method.annotation.RequestMappingHandlerMapping:
INFO  [Systems]: 2018-04-10 13:33:18.401--- [main] Mapped "{[/error],produces=[text/html]}" onto public org.springframework.web.servlet.ModelAndView org.springframework.boot.autoconfigure.web.servlet.error.BasicErrorController.errorHtml(javax.servlet.http.HttpServletRequest,javax.servlet.http.HttpServletResponse) - org.springframework.web.servlet.mvc.method.annotation.RequestMappingHandlerMapping:
INFO  [Systems]: 2018-04-10 13:33:18.668--- [main] Mapped URL path [/**/favicon.ico] onto handler of type [class org.springframework.web.servlet.resource.ResourceHttpRequestHandler] - org.springframework.web.servlet.handler.SimpleUrlHandlerMapping:
INFO  [Systems]: 2018-04-10 13:33:18.885--- [main] Looking for @ControllerAdvice: org.springframework.boot.web.servlet.context.AnnotationConfigServletWebServerApplicationContext@2320fa6f: startup date [Tue Apr 10 13:33:15 CST 2018]; root of context hierarchy - org.springframework.web.servlet.mvc.method.annotation.RequestMappingHandlerAdapter:
INFO  [Systems]: 2018-04-10 13:33:18.938--- [main] Mapped URL path [/webjars/**] onto handler of type [class org.springframework.web.servlet.resource.ResourceHttpRequestHandler] - org.springframework.web.servlet.handler.SimpleUrlHandlerMapping:
INFO  [Systems]: 2018-04-10 13:33:18.939--- [main] Mapped URL path [/**] onto handler of type [class org.springframework.web.servlet.resource.ResourceHttpRequestHandler] - org.springframework.web.servlet.handler.SimpleUrlHandlerMapping:
INFO  [Systems]: 2018-04-10 13:33:19.553--- [main] Registering beans for JMX exposure on startup - org.springframework.jmx.export.annotation.AnnotationMBeanExporter:
INFO  [Systems]: 2018-04-10 13:33:19.555--- [main] Bean with name 'dataSource' has been autodetected for JMX exposure - org.springframework.jmx.export.annotation.AnnotationMBeanExporter:
INFO  [Systems]: 2018-04-10 13:33:19.561--- [main] Located MBean 'dataSource': registering with JMX server as MBean [com.zaxxer.hikari:name=dataSource,type=HikariDataSource] - org.springframework.jmx.export.annotation.AnnotationMBeanExporter:
INFO  [Systems]: 2018-04-10 13:33:19.566--- [main] Starting beans in phase 2147483647 - org.springframework.context.support.DefaultLifecycleProcessor:
INFO  [Systems]: 2018-04-10 13:33:19.566--- [main] Context refreshed - springfox.documentation.spring.web.plugins.DocumentationPluginsBootstrapper:
INFO  [Systems]: 2018-04-10 13:33:19.584--- [main] Found 1 custom documentation plugin(s) - springfox.documentation.spring.web.plugins.DocumentationPluginsBootstrapper:
INFO  [Systems]: 2018-04-10 13:33:19.596--- [main] Scanning for api listing references - springfox.documentation.spring.web.scanners.ApiListingReferenceScanner:
INFO  [Systems]: 2018-04-10 13:33:19.883--- [main] Starting ProtocolHandler ["http-nio-8887"] - org.apache.coyote.http11.Http11NioProtocol:
INFO  [Systems]: 2018-04-10 13:33:19.892--- [main] Using a shared selector for servlet write/read - org.apache.tomcat.util.net.NioSelectorPool:
INFO  [Systems]: 2018-04-10 13:33:19.909--- [main] Tomcat started on port(s): 8887 (http) with context path '' - org.springframework.boot.web.embedded.tomcat.TomcatWebServer:
INFO  [Systems]: 2018-04-10 13:33:19.913--- [main] Started MmallApplication in 5.317 seconds (JVM running for 6.278) - com.mmall.MmallApplication:
