INFO  [Systems]: 2018-04-17 14:49:48.776--- [main] Starting MmallApplication on ZGV201U7WAB5CYS with PID 70108 (D:\workspace3\mmall\target\classes started by Administrator in D:\workspace3\mmall) - com.mmall.MmallApplication:
INFO  [Systems]: 2018-04-17 14:49:48.785--- [main] No active profile set, falling back to default profiles: default - com.mmall.MmallApplication:
INFO  [Systems]: 2018-04-17 14:49:48.976--- [main] Refreshing org.springframework.boot.web.servlet.context.AnnotationConfigServletWebServerApplicationContext@2e554a3b: startup date [Tue Apr 17 14:49:48 CST 2018]; root of context hierarchy - org.springframework.boot.web.servlet.context.AnnotationConfigServletWebServerApplicationContext:
INFO  [Systems]: 2018-04-17 14:49:50.445--- [main] Multiple Spring Data modules found, entering strict repository configuration mode! - org.springframework.data.repository.config.RepositoryConfigurationDelegate:
INFO  [Systems]: 2018-04-17 14:49:51.016--- [main] Bean 'org.springframework.ws.config.annotation.DelegatingWsConfiguration' of type [org.springframework.ws.config.annotation.DelegatingWsConfiguration$$EnhancerBySpringCGLIB$$42080c73] is not eligible for getting processed by all BeanPostProcessors (for example: not eligible for auto-proxying) - org.springframework.context.support.PostProcessorRegistrationDelegate$BeanPostProcessorChecker:
INFO  [Systems]: 2018-04-17 14:49:51.099--- [main] Supporting [WS-Addressing August 2004, WS-Addressing 1.0] - org.springframework.ws.soap.addressing.server.AnnotationActionEndpointMapping:
INFO  [Systems]: 2018-04-17 14:49:51.171--- [main] Bean 'org.springframework.transaction.annotation.ProxyTransactionManagementConfiguration' of type [org.springframework.transaction.annotation.ProxyTransactionManagementConfiguration$$EnhancerBySpringCGLIB$$9d704774] is not eligible for getting processed by all BeanPostProcessors (for example: not eligible for auto-proxying) - org.springframework.context.support.PostProcessorRegistrationDelegate$BeanPostProcessorChecker:
INFO  [Systems]: 2018-04-17 14:49:51.441--- [main] Bean 'org.springframework.cache.annotation.ProxyCachingConfiguration' of type [org.springframework.cache.annotation.ProxyCachingConfiguration$$EnhancerBySpringCGLIB$$e6827d92] is not eligible for getting processed by all BeanPostProcessors (for example: not eligible for auto-proxying) - org.springframework.context.support.PostProcessorRegistrationDelegate$BeanPostProcessorChecker:
INFO  [Systems]: 2018-04-17 14:49:52.156--- [main] Tomcat initialized with port(s): 8887 (http) - org.springframework.boot.web.embedded.tomcat.TomcatWebServer:
INFO  [Systems]: 2018-04-17 14:49:52.191--- [main] Initializing ProtocolHandler ["http-nio-8887"] - org.apache.coyote.http11.Http11NioProtocol:
INFO  [Systems]: 2018-04-17 14:49:52.208--- [main] Starting service [Tomcat] - org.apache.catalina.core.StandardService:
INFO  [Systems]: 2018-04-17 14:49:52.208--- [main] Starting Servlet Engine: Apache Tomcat/8.5.29 - org.apache.catalina.core.StandardEngine:
INFO  [Systems]: 2018-04-17 14:49:52.213--- [localhost-startStop-1] The APR based Apache Tomcat Native library which allows optimal performance in production environments was not found on the java.library.path: [C:\Program Files\Java\jdk1.8.0_131\bin;C:\Windows\Sun\Java\bin;C:\Windows\system32;C:\Windows;C:\ProgramData\Oracle\Java\javapath;C:\Windows\system32;C:\Windows;C:\Windows\System32\Wbem;C:\Windows\System32\WindowsPowerShell\v1.0\;F:\tools\maven\bin;C:\Program Files\Java\jdk1.8.0_131\bin;F:\tools\Git\cmd;C:\Program Files\MySQL\mysql-5.7.21-winx64\bin;C:\Program Files\OpenVPN\bin;.] - org.apache.catalina.core.AprLifecycleListener:
INFO  [Systems]: 2018-04-17 14:49:52.342--- [localhost-startStop-1] Initializing Spring embedded WebApplicationContext - org.apache.catalina.core.ContainerBase.[Tomcat].[localhost].[/]:
INFO  [Systems]: 2018-04-17 14:49:52.343--- [localhost-startStop-1] Root WebApplicationContext: initialization completed in 3367 ms - org.springframework.web.context.ContextLoader:
INFO  [Systems]: 2018-04-17 14:49:52.679--- [localhost-startStop-1] Servlet dispatcherServlet mapped to [/] - org.springframework.boot.web.servlet.ServletRegistrationBean:
INFO  [Systems]: 2018-04-17 14:49:52.681--- [localhost-startStop-1] Servlet messageDispatcherServlet mapped to [/services/*] - org.springframework.boot.web.servlet.ServletRegistrationBean:
INFO  [Systems]: 2018-04-17 14:49:52.685--- [localhost-startStop-1] Mapping filter: 'characterEncodingFilter' to: [/*] - org.springframework.boot.web.servlet.FilterRegistrationBean:
INFO  [Systems]: 2018-04-17 14:49:52.686--- [localhost-startStop-1] Mapping filter: 'hiddenHttpMethodFilter' to: [/*] - org.springframework.boot.web.servlet.FilterRegistrationBean:
INFO  [Systems]: 2018-04-17 14:49:52.686--- [localhost-startStop-1] Mapping filter: 'httpPutFormContentFilter' to: [/*] - org.springframework.boot.web.servlet.FilterRegistrationBean:
INFO  [Systems]: 2018-04-17 14:49:52.686--- [localhost-startStop-1] Mapping filter: 'requestContextFilter' to: [/*] - org.springframework.boot.web.servlet.FilterRegistrationBean:
INFO  [Systems]: 2018-04-17 14:49:54.491--- [main] Mapped "{[/cart/add],produces=[application/json;charset=UTF-8]}" onto public com.mmall.common.Result<com.mmall.vo.CartVo> com.mmall.controller.CartController.add(javax.servlet.http.HttpSession,java.lang.Integer,java.lang.Integer) - org.springframework.web.servlet.mvc.method.annotation.RequestMappingHandlerMapping:
INFO  [Systems]: 2018-04-17 14:49:54.492--- [main] Mapped "{[/cart/update],produces=[application/json;charset=UTF-8]}" onto public com.mmall.common.Result<com.mmall.vo.CartVo> com.mmall.controller.CartController.update(javax.servlet.http.HttpSession,java.lang.Integer,java.lang.Integer) - org.springframework.web.servlet.mvc.method.annotation.RequestMappingHandlerMapping:
INFO  [Systems]: 2018-04-17 14:49:54.492--- [main] Mapped "{[/cart/list],produces=[application/json;charset=UTF-8]}" onto public com.mmall.common.Result<com.mmall.vo.CartVo> com.mmall.controller.CartController.list(javax.servlet.http.HttpSession) - org.springframework.web.servlet.mvc.method.annotation.RequestMappingHandlerMapping:
INFO  [Systems]: 2018-04-17 14:49:54.492--- [main] Mapped "{[/cart/select],produces=[application/json;charset=UTF-8]}" onto public com.mmall.common.Result<com.mmall.vo.CartVo> com.mmall.controller.CartController.select(javax.servlet.http.HttpSession,java.lang.Integer) - org.springframework.web.servlet.mvc.method.annotation.RequestMappingHandlerMapping:
INFO  [Systems]: 2018-04-17 14:49:54.493--- [main] Mapped "{[/cart/get_cart_product_count],produces=[application/json;charset=UTF-8]}" onto public com.mmall.common.Result<java.lang.Integer> com.mmall.controller.CartController.getCartProductCount(javax.servlet.http.HttpSession) - org.springframework.web.servlet.mvc.method.annotation.RequestMappingHandlerMapping:
INFO  [Systems]: 2018-04-17 14:49:54.493--- [main] Mapped "{[/cart/delete_product],produces=[application/json;charset=UTF-8]}" onto public com.mmall.common.Result<com.mmall.vo.CartVo> com.mmall.controller.CartController.deleteProduct(javax.servlet.http.HttpSession,java.lang.String) - org.springframework.web.servlet.mvc.method.annotation.RequestMappingHandlerMapping:
INFO  [Systems]: 2018-04-17 14:49:54.495--- [main] Mapped "{[/cart/select_all],produces=[application/json;charset=UTF-8]}" onto public com.mmall.common.Result<com.mmall.vo.CartVo> com.mmall.controller.CartController.selectAll(javax.servlet.http.HttpSession) - org.springframework.web.servlet.mvc.method.annotation.RequestMappingHandlerMapping:
INFO  [Systems]: 2018-04-17 14:49:54.496--- [main] Mapped "{[/cart/un_select_all],produces=[application/json;charset=UTF-8]}" onto public com.mmall.common.Result<com.mmall.vo.CartVo> com.mmall.controller.CartController.unSelectAll(javax.servlet.http.HttpSession) - org.springframework.web.servlet.mvc.method.annotation.RequestMappingHandlerMapping:
INFO  [Systems]: 2018-04-17 14:49:54.496--- [main] Mapped "{[/cart/un_select],produces=[application/json;charset=UTF-8]}" onto public com.mmall.common.Result<com.mmall.vo.CartVo> com.mmall.controller.CartController.unSelect(javax.servlet.http.HttpSession,java.lang.Integer) - org.springframework.web.servlet.mvc.method.annotation.RequestMappingHandlerMapping:
INFO  [Systems]: 2018-04-17 14:49:54.499--- [main] Mapped "{[/category/getChildParableCategory],methods=[GET],produces=[application/json;charset=UTF-8]}" onto public com.mmall.common.Result<java.util.List<com.mmall.domain.Category>> com.mmall.controller.CategoryController.getChildParableCategory(javax.servlet.http.HttpSession,java.lang.Integer) - org.springframework.web.servlet.mvc.method.annotation.RequestMappingHandlerMapping:
INFO  [Systems]: 2018-04-17 14:49:54.500--- [main] Mapped "{[/category/getChildDeepCategory],methods=[GET],produces=[application/json;charset=UTF-8]}" onto public com.mmall.common.Result<java.util.List<com.mmall.domain.Category>> com.mmall.controller.CategoryController.getChildDeepCategory(javax.servlet.http.HttpSession,java.lang.Integer) - org.springframework.web.servlet.mvc.method.annotation.RequestMappingHandlerMapping:
INFO  [Systems]: 2018-04-17 14:49:54.500--- [main] Mapped "{[/category/addCategory],methods=[POST],produces=[application/json;charset=UTF-8]}" onto public com.mmall.common.Result com.mmall.controller.CategoryController.addCategory(javax.servlet.http.HttpSession,java.lang.String,int) - org.springframework.web.servlet.mvc.method.annotation.RequestMappingHandlerMapping:
INFO  [Systems]: 2018-04-17 14:49:54.501--- [main] Mapped "{[/category/setCategoryName],methods=[POST],produces=[application/json;charset=UTF-8]}" onto public com.mmall.common.Result com.mmall.controller.CategoryController.setCategoryName(javax.servlet.http.HttpSession,java.lang.String,java.lang.Integer) - org.springframework.web.servlet.mvc.method.annotation.RequestMappingHandlerMapping:
INFO  [Systems]: 2018-04-17 14:49:54.502--- [main] Mapped "{[/order/query_order_pay_status.do],methods=[GET],produces=[application/json;charset=UTF-8]}" onto public com.mmall.common.Result<java.lang.Boolean> com.mmall.controller.OrderController.queryOrderPayStatus(javax.servlet.http.HttpSession,java.lang.Long) - org.springframework.web.servlet.mvc.method.annotation.RequestMappingHandlerMapping:
INFO  [Systems]: 2018-04-17 14:49:54.503--- [main] Mapped "{[/order/pay],methods=[POST],produces=[application/json;charset=UTF-8]}" onto public com.mmall.common.Result com.mmall.controller.OrderController.pay(javax.servlet.http.HttpSession,java.lang.Long,javax.servlet.http.HttpServletRequest) - org.springframework.web.servlet.mvc.method.annotation.RequestMappingHandlerMapping:
INFO  [Systems]: 2018-04-17 14:49:54.503--- [main] Mapped "{[/order/alipay_callback],methods=[POST],produces=[application/json;charset=UTF-8]}" onto public java.lang.Object com.mmall.controller.OrderController.alipayCallback(javax.servlet.http.HttpServletRequest) - org.springframework.web.servlet.mvc.method.annotation.RequestMappingHandlerMapping:
INFO  [Systems]: 2018-04-17 14:49:54.504--- [main] Mapped "{[/product/productList],methods=[POST],produces=[application/json;charset=UTF-8]}" onto public com.mmall.common.Result<com.github.pagehelper.PageInfo> com.mmall.controller.ProductController.list(com.mmall.common.PagerParam) - org.springframework.web.servlet.mvc.method.annotation.RequestMappingHandlerMapping:
INFO  [Systems]: 2018-04-17 14:49:54.505--- [main] Mapped "{[/product/productSave],methods=[POST],produces=[application/json;charset=UTF-8]}" onto public com.mmall.common.Result com.mmall.controller.ProductController.productSave(javax.servlet.http.HttpSession,com.mmall.domain.ProductWithBLOBs) - org.springframework.web.servlet.mvc.method.annotation.RequestMappingHandlerMapping:
INFO  [Systems]: 2018-04-17 14:49:54.505--- [main] Mapped "{[/product/upload],methods=[POST],produces=[application/json;charset=UTF-8]}" onto public com.mmall.common.Result com.mmall.controller.ProductController.upload(org.springframework.web.multipart.MultipartFile,javax.servlet.http.HttpServletRequest) - org.springframework.web.servlet.mvc.method.annotation.RequestMappingHandlerMapping:
INFO  [Systems]: 2018-04-17 14:49:54.505--- [main] Mapped "{[/product/searchProduct],methods=[POST],produces=[application/json;charset=UTF-8]}" onto public com.mmall.common.Result<com.mmall.domain.Product> com.mmall.controller.ProductController.searchProduct(java.lang.String) - org.springframework.web.servlet.mvc.method.annotation.RequestMappingHandlerMapping:
INFO  [Systems]: 2018-04-17 14:49:54.508--- [main] Mapped "{[/shipping/add],methods=[POST],produces=[application/json;charset=UTF-8]}" onto public com.mmall.common.Result com.mmall.controller.ShippingController.add(javax.servlet.http.HttpSession,com.mmall.domain.Shipping) - org.springframework.web.servlet.mvc.method.annotation.RequestMappingHandlerMapping:
INFO  [Systems]: 2018-04-17 14:49:54.508--- [main] Mapped "{[/shipping/update],methods=[PUT],produces=[application/json;charset=UTF-8]}" onto public com.mmall.common.Result com.mmall.controller.ShippingController.update(javax.servlet.http.HttpSession,com.mmall.domain.Shipping) - org.springframework.web.servlet.mvc.method.annotation.RequestMappingHandlerMapping:
INFO  [Systems]: 2018-04-17 14:49:54.508--- [main] Mapped "{[/shipping/list],methods=[GET],produces=[application/json;charset=UTF-8]}" onto public com.mmall.common.Result<com.github.pagehelper.PageInfo> com.mmall.controller.ShippingController.list(int,int,javax.servlet.http.HttpSession) - org.springframework.web.servlet.mvc.method.annotation.RequestMappingHandlerMapping:
INFO  [Systems]: 2018-04-17 14:49:54.509--- [main] Mapped "{[/shipping/select],methods=[GET],produces=[application/json;charset=UTF-8]}" onto public com.mmall.common.Result<com.mmall.domain.Shipping> com.mmall.controller.ShippingController.select(javax.servlet.http.HttpSession,java.lang.Integer) - org.springframework.web.servlet.mvc.method.annotation.RequestMappingHandlerMapping:
INFO  [Systems]: 2018-04-17 14:49:54.509--- [main] Mapped "{[/shipping/del],methods=[DELETE],produces=[application/json;charset=UTF-8]}" onto public com.mmall.common.Result com.mmall.controller.ShippingController.del(javax.servlet.http.HttpSession,java.lang.Integer) - org.springframework.web.servlet.mvc.method.annotation.RequestMappingHandlerMapping:
INFO  [Systems]: 2018-04-17 14:49:54.512--- [main] Mapped "{[/user/register],methods=[POST],produces=[application/json;charset=UTF-8]}" onto public com.mmall.common.Result<java.lang.String> com.mmall.controller.UserController.register(com.mmall.domain.User) - org.springframework.web.servlet.mvc.method.annotation.RequestMappingHandlerMapping:
INFO  [Systems]: 2018-04-17 14:49:54.513--- [main] Mapped "{[/user/getUserInfo/{userId}],methods=[GET],produces=[application/json;charset=UTF-8]}" onto public com.mmall.common.Result<com.mmall.domain.User> com.mmall.controller.UserController.getUserInfo(java.lang.Integer,javax.servlet.http.HttpSession) - org.springframework.web.servlet.mvc.method.annotation.RequestMappingHandlerMapping:
INFO  [Systems]: 2018-04-17 14:49:54.513--- [main] Mapped "{[/user/forgetResetPassword],methods=[PATCH],produces=[application/json;charset=UTF-8]}" onto public com.mmall.common.Result<java.lang.String> com.mmall.controller.UserController.forgetResetPassword(java.lang.String,java.lang.String,java.lang.String) - org.springframework.web.servlet.mvc.method.annotation.RequestMappingHandlerMapping:
INFO  [Systems]: 2018-04-17 14:49:54.513--- [main] Mapped "{[/user/loginOut],methods=[GET],produces=[application/json;charset=UTF-8]}" onto public com.mmall.common.Result<java.lang.String> com.mmall.controller.UserController.loginOut(javax.servlet.http.HttpSession) - org.springframework.web.servlet.mvc.method.annotation.RequestMappingHandlerMapping:
INFO  [Systems]: 2018-04-17 14:49:54.513--- [main] Mapped "{[/user/login],methods=[POST],produces=[application/json;charset=UTF-8]}" onto public com.mmall.common.Result<com.mmall.domain.User> com.mmall.controller.UserController.login(java.lang.String,java.lang.String,javax.servlet.http.HttpSession) - org.springframework.web.servlet.mvc.method.annotation.RequestMappingHandlerMapping:
INFO  [Systems]: 2018-04-17 14:49:54.514--- [main] Mapped "{[/user/checkValid],methods=[GET],produces=[application/json;charset=UTF-8]}" onto public com.mmall.common.Result<java.lang.String> com.mmall.controller.UserController.checkValid(java.lang.String,java.lang.String) - org.springframework.web.servlet.mvc.method.annotation.RequestMappingHandlerMapping:
INFO  [Systems]: 2018-04-17 14:49:54.514--- [main] Mapped "{[/user/selectQuestion],methods=[GET],produces=[application/json;charset=UTF-8]}" onto public com.mmall.common.Result<java.lang.String> com.mmall.controller.UserController.selectQuestion(java.lang.String) - org.springframework.web.servlet.mvc.method.annotation.RequestMappingHandlerMapping:
INFO  [Systems]: 2018-04-17 14:49:54.514--- [main] Mapped "{[/user/checkAnswer],methods=[POST],produces=[application/json;charset=UTF-8]}" onto public com.mmall.common.Result<java.lang.String> com.mmall.controller.UserController.checkAnswer(com.mmall.domain.User) - org.springframework.web.servlet.mvc.method.annotation.RequestMappingHandlerMapping:
INFO  [Systems]: 2018-04-17 14:49:54.515--- [main] Mapped "{[/user/updatePassword],methods=[PATCH],produces=[application/json;charset=UTF-8]}" onto public com.mmall.common.Result<java.lang.String> com.mmall.controller.UserController.updatePassword(javax.servlet.http.HttpSession,java.lang.String,java.lang.String) - org.springframework.web.servlet.mvc.method.annotation.RequestMappingHandlerMapping:
INFO  [Systems]: 2018-04-17 14:49:54.515--- [main] Mapped "{[/user/updateUserInfo],methods=[PATCH],produces=[application/json;charset=UTF-8]}" onto public com.mmall.common.Result<com.mmall.domain.User> com.mmall.controller.UserController.updateUserInfo(javax.servlet.http.HttpSession,com.mmall.domain.User) - org.springframework.web.servlet.mvc.method.annotation.RequestMappingHandlerMapping:
INFO  [Systems]: 2018-04-17 14:49:54.516--- [main] Mapped "{[/v2/api-docs],methods=[GET],produces=[application/json || application/hal+json]}" onto public org.springframework.http.ResponseEntity<springfox.documentation.spring.web.json.Json> springfox.documentation.swagger2.web.Swagger2Controller.getDocumentation(java.lang.String,javax.servlet.http.HttpServletRequest) - org.springframework.web.servlet.mvc.method.annotation.RequestMappingHandlerMapping:
INFO  [Systems]: 2018-04-17 14:49:54.518--- [main] Mapped "{[/swagger-resources/configuration/ui]}" onto org.springframework.http.ResponseEntity<springfox.documentation.swagger.web.UiConfiguration> springfox.documentation.swagger.web.ApiResourceController.uiConfiguration() - org.springframework.web.servlet.mvc.method.annotation.RequestMappingHandlerMapping:
INFO  [Systems]: 2018-04-17 14:49:54.519--- [main] Mapped "{[/swagger-resources]}" onto org.springframework.http.ResponseEntity<java.util.List<springfox.documentation.swagger.web.SwaggerResource>> springfox.documentation.swagger.web.ApiResourceController.swaggerResources() - org.springframework.web.servlet.mvc.method.annotation.RequestMappingHandlerMapping:
INFO  [Systems]: 2018-04-17 14:49:54.519--- [main] Mapped "{[/swagger-resources/configuration/security]}" onto org.springframework.http.ResponseEntity<springfox.documentation.swagger.web.SecurityConfiguration> springfox.documentation.swagger.web.ApiResourceController.securityConfiguration() - org.springframework.web.servlet.mvc.method.annotation.RequestMappingHandlerMapping:
INFO  [Systems]: 2018-04-17 14:49:54.522--- [main] Mapped "{[/error]}" onto public org.springframework.http.ResponseEntity<java.util.Map<java.lang.String, java.lang.Object>> org.springframework.boot.autoconfigure.web.servlet.error.BasicErrorController.error(javax.servlet.http.HttpServletRequest) - org.springframework.web.servlet.mvc.method.annotation.RequestMappingHandlerMapping:
INFO  [Systems]: 2018-04-17 14:49:54.522--- [main] Mapped "{[/error],produces=[text/html]}" onto public org.springframework.web.servlet.ModelAndView org.springframework.boot.autoconfigure.web.servlet.error.BasicErrorController.errorHtml(javax.servlet.http.HttpServletRequest,javax.servlet.http.HttpServletResponse) - org.springframework.web.servlet.mvc.method.annotation.RequestMappingHandlerMapping:
INFO  [Systems]: 2018-04-17 14:49:55.056--- [main] Mapped URL path [/**/favicon.ico] onto handler of type [class org.springframework.web.servlet.resource.ResourceHttpRequestHandler] - org.springframework.web.servlet.handler.SimpleUrlHandlerMapping:
INFO  [Systems]: 2018-04-17 14:49:55.824--- [main] Looking for @ControllerAdvice: org.springframework.boot.web.servlet.context.AnnotationConfigServletWebServerApplicationContext@2e554a3b: startup date [Tue Apr 17 14:49:48 CST 2018]; root of context hierarchy - org.springframework.web.servlet.mvc.method.annotation.RequestMappingHandlerAdapter:
INFO  [Systems]: 2018-04-17 14:49:55.999--- [main] Mapped URL path [/webjars/**] onto handler of type [class org.springframework.web.servlet.resource.ResourceHttpRequestHandler] - org.springframework.web.servlet.handler.SimpleUrlHandlerMapping:
INFO  [Systems]: 2018-04-17 14:49:55.999--- [main] Mapped URL path [/**] onto handler of type [class org.springframework.web.servlet.resource.ResourceHttpRequestHandler] - org.springframework.web.servlet.handler.SimpleUrlHandlerMapping:
INFO  [Systems]: 2018-04-17 14:49:56.022--- [main] Detected @ExceptionHandler methods in exceptionHandedController - org.springframework.web.servlet.mvc.method.annotation.ExceptionHandlerExceptionResolver:
WARN  [Systems]: 2018-04-17 14:49:57.260--- [main] Exception encountered during context initialization - cancelling refresh attempt: org.springframework.beans.factory.BeanCreationException: Error creating bean with name 'gsonBuilder' defined in class path resource [org/springframework/boot/autoconfigure/gson/GsonAutoConfiguration.class]: Bean instantiation via factory method failed; nested exception is org.springframework.beans.BeanInstantiationException: Failed to instantiate [com.google.gson.GsonBuilder]: Factory method 'gsonBuilder' threw exception; nested exception is java.lang.BootstrapMethodError: java.lang.NoSuchMethodError: com.google.gson.GsonBuilder.setLenient()Lcom/google/gson/GsonBuilder; - org.springframework.boot.web.servlet.context.AnnotationConfigServletWebServerApplicationContext:
INFO  [Systems]: 2018-04-17 14:49:57.290--- [main] Unregistering JMX-exposed beans on shutdown - org.springframework.jmx.export.annotation.AnnotationMBeanExporter:
INFO  [Systems]: 2018-04-17 14:49:57.295--- [main] Stopping service [Tomcat] - org.apache.catalina.core.StandardService:
WARN  [Systems]: 2018-04-17 14:49:57.332--- [main] Error calling ApplicationEventListener - org.springframework.boot.context.event.EventPublishingRunListener:

java.lang.NoSuchMethodError: ch.qos.logback.classic.LoggerContext.removeObject(Ljava/lang/String;)V
	at org.springframework.boot.logging.logback.LogbackLoggingSystem.markAsUninitialized(LogbackLoggingSystem.java:308) ~[spring-boot-2.0.1.RELEASE.jar:2.0.1.RELEASE]
	at org.springframework.boot.logging.logback.LogbackLoggingSystem.cleanUp(LogbackLoggingSystem.java:202) ~[spring-boot-2.0.1.RELEASE.jar:2.0.1.RELEASE]
	at org.springframework.boot.context.logging.LoggingApplicationListener.onApplicationFailedEvent(LoggingApplicationListener.java:219) ~[spring-boot-2.0.1.RELEASE.jar:2.0.1.RELEASE]
	at org.springframework.boot.context.logging.LoggingApplicationListener.onApplicationEvent(LoggingApplicationListener.java:184) ~[spring-boot-2.0.1.RELEASE.jar:2.0.1.RELEASE]
	at org.springframework.context.event.SimpleApplicationEventMulticaster.doInvokeListener(SimpleApplicationEventMulticaster.java:172) [spring-context-5.0.5.RELEASE.jar:5.0.5.RELEASE]
	at org.springframework.context.event.SimpleApplicationEventMulticaster.invokeListener(SimpleApplicationEventMulticaster.java:158) [spring-context-5.0.5.RELEASE.jar:5.0.5.RELEASE]
	at org.springframework.context.event.SimpleApplicationEventMulticaster.multicastEvent(SimpleApplicationEventMulticaster.java:139) [spring-context-5.0.5.RELEASE.jar:5.0.5.RELEASE]
	at org.springframework.context.event.SimpleApplicationEventMulticaster.multicastEvent(SimpleApplicationEventMulticaster.java:127) [spring-context-5.0.5.RELEASE.jar:5.0.5.RELEASE]
	at org.springframework.boot.context.event.EventPublishingRunListener.failed(EventPublishingRunListener.java:126) [spring-boot-2.0.1.RELEASE.jar:2.0.1.RELEASE]
	at org.springframework.boot.SpringApplicationRunListeners.callFailedListener(SpringApplicationRunListeners.java:91) [spring-boot-2.0.1.RELEASE.jar:2.0.1.RELEASE]
	at org.springframework.boot.SpringApplicationRunListeners.failed(SpringApplicationRunListeners.java:84) [spring-boot-2.0.1.RELEASE.jar:2.0.1.RELEASE]
	at org.springframework.boot.SpringApplication.handleRunFailure(SpringApplication.java:812) [spring-boot-2.0.1.RELEASE.jar:2.0.1.RELEASE]
	at org.springframework.boot.SpringApplication.run(SpringApplication.java:338) [spring-boot-2.0.1.RELEASE.jar:2.0.1.RELEASE]
	at org.springframework.boot.SpringApplication.run(SpringApplication.java:1255) [spring-boot-2.0.1.RELEASE.jar:2.0.1.RELEASE]
	at org.springframework.boot.SpringApplication.run(SpringApplication.java:1243) [spring-boot-2.0.1.RELEASE.jar:2.0.1.RELEASE]
	at com.mmall.MmallApplication.main(MmallApplication.java:14) [classes/:na]

INFO  [Systems]: 2018-04-17 14:49:57.337--- [main] 

Error starting ApplicationContext. To display the conditions report re-run your application with 'debug' enabled. - org.springframework.boot.autoconfigure.logging.ConditionEvaluationReportLoggingListener:
ERROR [Systems]: 2018-04-17 14:49:57.357--- [main] Application run failed - org.springframework.boot.SpringApplication:

org.springframework.beans.factory.BeanCreationException: Error creating bean with name 'gsonBuilder' defined in class path resource [org/springframework/boot/autoconfigure/gson/GsonAutoConfiguration.class]: Bean instantiation via factory method failed; nested exception is org.springframework.beans.BeanInstantiationException: Failed to instantiate [com.google.gson.GsonBuilder]: Factory method 'gsonBuilder' threw exception; nested exception is java.lang.BootstrapMethodError: java.lang.NoSuchMethodError: com.google.gson.GsonBuilder.setLenient()Lcom/google/gson/GsonBuilder;
	at org.springframework.beans.factory.support.ConstructorResolver.instantiateUsingFactoryMethod(ConstructorResolver.java:587) ~[spring-beans-5.0.5.RELEASE.jar:5.0.5.RELEASE]
	at org.springframework.beans.factory.support.AbstractAutowireCapableBeanFactory.instantiateUsingFactoryMethod(AbstractAutowireCapableBeanFactory.java:1250) ~[spring-beans-5.0.5.RELEASE.jar:5.0.5.RELEASE]
	at org.springframework.beans.factory.support.AbstractAutowireCapableBeanFactory.createBeanInstance(AbstractAutowireCapableBeanFactory.java:1099) ~[spring-beans-5.0.5.RELEASE.jar:5.0.5.RELEASE]
	at org.springframework.beans.factory.support.AbstractAutowireCapableBeanFactory.doCreateBean(AbstractAutowireCapableBeanFactory.java:541) ~[spring-beans-5.0.5.RELEASE.jar:5.0.5.RELEASE]
	at org.springframework.beans.factory.support.AbstractAutowireCapableBeanFactory.createBean(AbstractAutowireCapableBeanFactory.java:501) ~[spring-beans-5.0.5.RELEASE.jar:5.0.5.RELEASE]
	at org.springframework.beans.factory.support.AbstractBeanFactory.lambda$doGetBean$0(AbstractBeanFactory.java:317) ~[spring-beans-5.0.5.RELEASE.jar:5.0.5.RELEASE]
	at org.springframework.beans.factory.support.DefaultSingletonBeanRegistry.getSingleton(DefaultSingletonBeanRegistry.java:228) ~[spring-beans-5.0.5.RELEASE.jar:5.0.5.RELEASE]
	at org.springframework.beans.factory.support.AbstractBeanFactory.doGetBean(AbstractBeanFactory.java:315) ~[spring-beans-5.0.5.RELEASE.jar:5.0.5.RELEASE]
	at org.springframework.beans.factory.support.AbstractBeanFactory.getBean(AbstractBeanFactory.java:199) ~[spring-beans-5.0.5.RELEASE.jar:5.0.5.RELEASE]
	at org.springframework.beans.factory.support.DefaultListableBeanFactory.preInstantiateSingletons(DefaultListableBeanFactory.java:760) ~[spring-beans-5.0.5.RELEASE.jar:5.0.5.RELEASE]
	at org.springframework.context.support.AbstractApplicationContext.finishBeanFactoryInitialization(AbstractApplicationContext.java:869) ~[spring-context-5.0.5.RELEASE.jar:5.0.5.RELEASE]
	at org.springframework.context.support.AbstractApplicationContext.refresh(AbstractApplicationContext.java:550) ~[spring-context-5.0.5.RELEASE.jar:5.0.5.RELEASE]
	at org.springframework.boot.web.servlet.context.ServletWebServerApplicationContext.refresh(ServletWebServerApplicationContext.java:140) ~[spring-boot-2.0.1.RELEASE.jar:2.0.1.RELEASE]
	at org.springframework.boot.SpringApplication.refresh(SpringApplication.java:759) [spring-boot-2.0.1.RELEASE.jar:2.0.1.RELEASE]
	at org.springframework.boot.SpringApplication.refreshContext(SpringApplication.java:395) [spring-boot-2.0.1.RELEASE.jar:2.0.1.RELEASE]
	at org.springframework.boot.SpringApplication.run(SpringApplication.java:327) [spring-boot-2.0.1.RELEASE.jar:2.0.1.RELEASE]
	at org.springframework.boot.SpringApplication.run(SpringApplication.java:1255) [spring-boot-2.0.1.RELEASE.jar:2.0.1.RELEASE]
	at org.springframework.boot.SpringApplication.run(SpringApplication.java:1243) [spring-boot-2.0.1.RELEASE.jar:2.0.1.RELEASE]
	at com.mmall.MmallApplication.main(MmallApplication.java:14) [classes/:na]
Caused by: org.springframework.beans.BeanInstantiationException: Failed to instantiate [com.google.gson.GsonBuilder]: Factory method 'gsonBuilder' threw exception; nested exception is java.lang.BootstrapMethodError: java.lang.NoSuchMethodError: com.google.gson.GsonBuilder.setLenient()Lcom/google/gson/GsonBuilder;
	at org.springframework.beans.factory.support.SimpleInstantiationStrategy.instantiate(SimpleInstantiationStrategy.java:185) ~[spring-beans-5.0.5.RELEASE.jar:5.0.5.RELEASE]
	at org.springframework.beans.factory.support.ConstructorResolver.instantiateUsingFactoryMethod(ConstructorResolver.java:579) ~[spring-beans-5.0.5.RELEASE.jar:5.0.5.RELEASE]
	... 18 common frames omitted
Caused by: java.lang.BootstrapMethodError: java.lang.NoSuchMethodError: com.google.gson.GsonBuilder.setLenient()Lcom/google/gson/GsonBuilder;
	at org.springframework.boot.autoconfigure.gson.GsonAutoConfiguration$StandardGsonBuilderCustomizer.customize(GsonAutoConfiguration.java:96) ~[spring-boot-autoconfigure-2.0.1.RELEASE.jar:2.0.1.RELEASE]
	at org.springframework.boot.autoconfigure.gson.GsonAutoConfiguration.lambda$gsonBuilder$0(GsonAutoConfiguration.java:49) ~[spring-boot-autoconfigure-2.0.1.RELEASE.jar:2.0.1.RELEASE]
	at java.util.ArrayList.forEach(ArrayList.java:1249) ~[na:1.8.0_131]
	at org.springframework.boot.autoconfigure.gson.GsonAutoConfiguration.gsonBuilder(GsonAutoConfiguration.java:49) ~[spring-boot-autoconfigure-2.0.1.RELEASE.jar:2.0.1.RELEASE]
	at org.springframework.boot.autoconfigure.gson.GsonAutoConfiguration$$EnhancerBySpringCGLIB$$dc2b5afe.CGLIB$gsonBuilder$1(<generated>) ~[spring-boot-autoconfigure-2.0.1.RELEASE.jar:2.0.1.RELEASE]
	at org.springframework.boot.autoconfigure.gson.GsonAutoConfiguration$$EnhancerBySpringCGLIB$$dc2b5afe$$FastClassBySpringCGLIB$$b52d808e.invoke(<generated>) ~[spring-boot-autoconfigure-2.0.1.RELEASE.jar:2.0.1.RELEASE]
	at org.springframework.cglib.proxy.MethodProxy.invokeSuper(MethodProxy.java:228) ~[spring-core-5.0.5.RELEASE.jar:5.0.5.RELEASE]
	at org.springframework.context.annotation.ConfigurationClassEnhancer$BeanMethodInterceptor.intercept(ConfigurationClassEnhancer.java:361) ~[spring-context-5.0.5.RELEASE.jar:5.0.5.RELEASE]
	at org.springframework.boot.autoconfigure.gson.GsonAutoConfiguration$$EnhancerBySpringCGLIB$$dc2b5afe.gsonBuilder(<generated>) ~[spring-boot-autoconfigure-2.0.1.RELEASE.jar:2.0.1.RELEASE]
	at sun.reflect.NativeMethodAccessorImpl.invoke0(Native Method) ~[na:1.8.0_131]
	at sun.reflect.NativeMethodAccessorImpl.invoke(NativeMethodAccessorImpl.java:62) ~[na:1.8.0_131]
	at sun.reflect.DelegatingMethodAccessorImpl.invoke(DelegatingMethodAccessorImpl.java:43) ~[na:1.8.0_131]
	at java.lang.reflect.Method.invoke(Method.java:498) ~[na:1.8.0_131]
	at org.springframework.beans.factory.support.SimpleInstantiationStrategy.instantiate(SimpleInstantiationStrategy.java:154) ~[spring-beans-5.0.5.RELEASE.jar:5.0.5.RELEASE]
	... 19 common frames omitted
Caused by: java.lang.NoSuchMethodError: com.google.gson.GsonBuilder.setLenient()Lcom/google/gson/GsonBuilder;
	at java.lang.invoke.MethodHandleNatives.resolve(Native Method) ~[na:1.8.0_131]
	at java.lang.invoke.MemberName$Factory.resolve(MemberName.java:975) ~[na:1.8.0_131]
	at java.lang.invoke.MemberName$Factory.resolveOrFail(MemberName.java:1000) ~[na:1.8.0_131]
	at java.lang.invoke.MethodHandles$Lookup.resolveOrFail(MethodHandles.java:1394) ~[na:1.8.0_131]
	at java.lang.invoke.MethodHandles$Lookup.linkMethodHandleConstant(MethodHandles.java:1750) ~[na:1.8.0_131]
	at java.lang.invoke.MethodHandleNatives.linkMethodHandleConstant(MethodHandleNatives.java:477) ~[na:1.8.0_131]
	... 33 common frames omitted

INFO  [Systems]: 2018-04-17 14:58:41.321--- [main] Starting MmallApplication on ZGV201U7WAB5CYS with PID 71272 (D:\workspace3\mmall\target\classes started by Administrator in D:\workspace3\mmall) - com.mmall.MmallApplication:
INFO  [Systems]: 2018-04-17 14:58:41.327--- [main] No active profile set, falling back to default profiles: default - com.mmall.MmallApplication:
INFO  [Systems]: 2018-04-17 14:58:41.429--- [main] Refreshing org.springframework.boot.web.servlet.context.AnnotationConfigServletWebServerApplicationContext@3a0d172f: startup date [Tue Apr 17 14:58:41 CST 2018]; root of context hierarchy - org.springframework.boot.web.servlet.context.AnnotationConfigServletWebServerApplicationContext:
INFO  [Systems]: 2018-04-17 14:58:42.805--- [main] Multiple Spring Data modules found, entering strict repository configuration mode! - org.springframework.data.repository.config.RepositoryConfigurationDelegate:
INFO  [Systems]: 2018-04-17 14:58:43.450--- [main] Bean 'org.springframework.ws.config.annotation.DelegatingWsConfiguration' of type [org.springframework.ws.config.annotation.DelegatingWsConfiguration$$EnhancerBySpringCGLIB$$be587a89] is not eligible for getting processed by all BeanPostProcessors (for example: not eligible for auto-proxying) - org.springframework.context.support.PostProcessorRegistrationDelegate$BeanPostProcessorChecker:
INFO  [Systems]: 2018-04-17 14:58:43.485--- [main] Supporting [WS-Addressing August 2004, WS-Addressing 1.0] - org.springframework.ws.soap.addressing.server.AnnotationActionEndpointMapping:
INFO  [Systems]: 2018-04-17 14:58:43.533--- [main] Bean 'org.springframework.transaction.annotation.ProxyTransactionManagementConfiguration' of type [org.springframework.transaction.annotation.ProxyTransactionManagementConfiguration$$EnhancerBySpringCGLIB$$19c0b58a] is not eligible for getting processed by all BeanPostProcessors (for example: not eligible for auto-proxying) - org.springframework.context.support.PostProcessorRegistrationDelegate$BeanPostProcessorChecker:
INFO  [Systems]: 2018-04-17 14:58:43.715--- [main] Bean 'org.springframework.cache.annotation.ProxyCachingConfiguration' of type [org.springframework.cache.annotation.ProxyCachingConfiguration$$EnhancerBySpringCGLIB$$62d2eba8] is not eligible for getting processed by all BeanPostProcessors (for example: not eligible for auto-proxying) - org.springframework.context.support.PostProcessorRegistrationDelegate$BeanPostProcessorChecker:
INFO  [Systems]: 2018-04-17 14:58:44.277--- [main] Tomcat initialized with port(s): 8887 (http) - org.springframework.boot.web.embedded.tomcat.TomcatWebServer:
INFO  [Systems]: 2018-04-17 14:58:44.289--- [main] Initializing ProtocolHandler ["http-nio-8887"] - org.apache.coyote.http11.Http11NioProtocol:
INFO  [Systems]: 2018-04-17 14:58:44.298--- [main] Starting service [Tomcat] - org.apache.catalina.core.StandardService:
INFO  [Systems]: 2018-04-17 14:58:44.299--- [main] Starting Servlet Engine: Apache Tomcat/8.5.29 - org.apache.catalina.core.StandardEngine:
INFO  [Systems]: 2018-04-17 14:58:44.303--- [localhost-startStop-1] The APR based Apache Tomcat Native library which allows optimal performance in production environments was not found on the java.library.path: [C:\Program Files\Java\jdk1.8.0_131\bin;C:\Windows\Sun\Java\bin;C:\Windows\system32;C:\Windows;C:\ProgramData\Oracle\Java\javapath;C:\Windows\system32;C:\Windows;C:\Windows\System32\Wbem;C:\Windows\System32\WindowsPowerShell\v1.0\;F:\tools\maven\bin;C:\Program Files\Java\jdk1.8.0_131\bin;F:\tools\Git\cmd;C:\Program Files\MySQL\mysql-5.7.21-winx64\bin;C:\Program Files\OpenVPN\bin;.] - org.apache.catalina.core.AprLifecycleListener:
INFO  [Systems]: 2018-04-17 14:58:44.407--- [localhost-startStop-1] Initializing Spring embedded WebApplicationContext - org.apache.catalina.core.ContainerBase.[Tomcat].[localhost].[/]:
INFO  [Systems]: 2018-04-17 14:58:44.407--- [localhost-startStop-1] Root WebApplicationContext: initialization completed in 2980 ms - org.springframework.web.context.ContextLoader:
INFO  [Systems]: 2018-04-17 14:58:44.728--- [localhost-startStop-1] Servlet dispatcherServlet mapped to [/] - org.springframework.boot.web.servlet.ServletRegistrationBean:
INFO  [Systems]: 2018-04-17 14:58:44.730--- [localhost-startStop-1] Servlet messageDispatcherServlet mapped to [/services/*] - org.springframework.boot.web.servlet.ServletRegistrationBean:
INFO  [Systems]: 2018-04-17 14:58:44.735--- [localhost-startStop-1] Mapping filter: 'characterEncodingFilter' to: [/*] - org.springframework.boot.web.servlet.FilterRegistrationBean:
INFO  [Systems]: 2018-04-17 14:58:44.736--- [localhost-startStop-1] Mapping filter: 'hiddenHttpMethodFilter' to: [/*] - org.springframework.boot.web.servlet.FilterRegistrationBean:
INFO  [Systems]: 2018-04-17 14:58:44.736--- [localhost-startStop-1] Mapping filter: 'httpPutFormContentFilter' to: [/*] - org.springframework.boot.web.servlet.FilterRegistrationBean:
INFO  [Systems]: 2018-04-17 14:58:44.736--- [localhost-startStop-1] Mapping filter: 'requestContextFilter' to: [/*] - org.springframework.boot.web.servlet.FilterRegistrationBean:
INFO  [Systems]: 2018-04-17 14:58:46.104--- [main] Mapped "{[/cart/add],produces=[application/json;charset=UTF-8]}" onto public com.mmall.common.Result<com.mmall.vo.CartVo> com.mmall.controller.CartController.add(javax.servlet.http.HttpSession,java.lang.Integer,java.lang.Integer) - org.springframework.web.servlet.mvc.method.annotation.RequestMappingHandlerMapping:
INFO  [Systems]: 2018-04-17 14:58:46.105--- [main] Mapped "{[/cart/update],produces=[application/json;charset=UTF-8]}" onto public com.mmall.common.Result<com.mmall.vo.CartVo> com.mmall.controller.CartController.update(javax.servlet.http.HttpSession,java.lang.Integer,java.lang.Integer) - org.springframework.web.servlet.mvc.method.annotation.RequestMappingHandlerMapping:
INFO  [Systems]: 2018-04-17 14:58:46.106--- [main] Mapped "{[/cart/list],produces=[application/json;charset=UTF-8]}" onto public com.mmall.common.Result<com.mmall.vo.CartVo> com.mmall.controller.CartController.list(javax.servlet.http.HttpSession) - org.springframework.web.servlet.mvc.method.annotation.RequestMappingHandlerMapping:
INFO  [Systems]: 2018-04-17 14:58:46.106--- [main] Mapped "{[/cart/select],produces=[application/json;charset=UTF-8]}" onto public com.mmall.common.Result<com.mmall.vo.CartVo> com.mmall.controller.CartController.select(javax.servlet.http.HttpSession,java.lang.Integer) - org.springframework.web.servlet.mvc.method.annotation.RequestMappingHandlerMapping:
INFO  [Systems]: 2018-04-17 14:58:46.106--- [main] Mapped "{[/cart/delete_product],produces=[application/json;charset=UTF-8]}" onto public com.mmall.common.Result<com.mmall.vo.CartVo> com.mmall.controller.CartController.deleteProduct(javax.servlet.http.HttpSession,java.lang.String) - org.springframework.web.servlet.mvc.method.annotation.RequestMappingHandlerMapping:
INFO  [Systems]: 2018-04-17 14:58:46.107--- [main] Mapped "{[/cart/select_all],produces=[application/json;charset=UTF-8]}" onto public com.mmall.common.Result<com.mmall.vo.CartVo> com.mmall.controller.CartController.selectAll(javax.servlet.http.HttpSession) - org.springframework.web.servlet.mvc.method.annotation.RequestMappingHandlerMapping:
INFO  [Systems]: 2018-04-17 14:58:46.108--- [main] Mapped "{[/cart/un_select_all],produces=[application/json;charset=UTF-8]}" onto public com.mmall.common.Result<com.mmall.vo.CartVo> com.mmall.controller.CartController.unSelectAll(javax.servlet.http.HttpSession) - org.springframework.web.servlet.mvc.method.annotation.RequestMappingHandlerMapping:
INFO  [Systems]: 2018-04-17 14:58:46.109--- [main] Mapped "{[/cart/un_select],produces=[application/json;charset=UTF-8]}" onto public com.mmall.common.Result<com.mmall.vo.CartVo> com.mmall.controller.CartController.unSelect(javax.servlet.http.HttpSession,java.lang.Integer) - org.springframework.web.servlet.mvc.method.annotation.RequestMappingHandlerMapping:
INFO  [Systems]: 2018-04-17 14:58:46.109--- [main] Mapped "{[/cart/get_cart_product_count],produces=[application/json;charset=UTF-8]}" onto public com.mmall.common.Result<java.lang.Integer> com.mmall.controller.CartController.getCartProductCount(javax.servlet.http.HttpSession) - org.springframework.web.servlet.mvc.method.annotation.RequestMappingHandlerMapping:
INFO  [Systems]: 2018-04-17 14:58:46.112--- [main] Mapped "{[/category/addCategory],methods=[POST],produces=[application/json;charset=UTF-8]}" onto public com.mmall.common.Result com.mmall.controller.CategoryController.addCategory(javax.servlet.http.HttpSession,java.lang.String,int) - org.springframework.web.servlet.mvc.method.annotation.RequestMappingHandlerMapping:
INFO  [Systems]: 2018-04-17 14:58:46.113--- [main] Mapped "{[/category/setCategoryName],methods=[POST],produces=[application/json;charset=UTF-8]}" onto public com.mmall.common.Result com.mmall.controller.CategoryController.setCategoryName(javax.servlet.http.HttpSession,java.lang.String,java.lang.Integer) - org.springframework.web.servlet.mvc.method.annotation.RequestMappingHandlerMapping:
INFO  [Systems]: 2018-04-17 14:58:46.113--- [main] Mapped "{[/category/getChildParableCategory],methods=[GET],produces=[application/json;charset=UTF-8]}" onto public com.mmall.common.Result<java.util.List<com.mmall.domain.Category>> com.mmall.controller.CategoryController.getChildParableCategory(javax.servlet.http.HttpSession,java.lang.Integer) - org.springframework.web.servlet.mvc.method.annotation.RequestMappingHandlerMapping:
INFO  [Systems]: 2018-04-17 14:58:46.114--- [main] Mapped "{[/category/getChildDeepCategory],methods=[GET],produces=[application/json;charset=UTF-8]}" onto public com.mmall.common.Result<java.util.List<com.mmall.domain.Category>> com.mmall.controller.CategoryController.getChildDeepCategory(javax.servlet.http.HttpSession,java.lang.Integer) - org.springframework.web.servlet.mvc.method.annotation.RequestMappingHandlerMapping:
INFO  [Systems]: 2018-04-17 14:58:46.116--- [main] Mapped "{[/order/pay],methods=[POST],produces=[application/json;charset=UTF-8]}" onto public com.mmall.common.Result com.mmall.controller.OrderController.pay(javax.servlet.http.HttpSession,java.lang.Long,javax.servlet.http.HttpServletRequest) - org.springframework.web.servlet.mvc.method.annotation.RequestMappingHandlerMapping:
INFO  [Systems]: 2018-04-17 14:58:46.117--- [main] Mapped "{[/order/alipay_callback],methods=[POST],produces=[application/json;charset=UTF-8]}" onto public java.lang.Object com.mmall.controller.OrderController.alipayCallback(javax.servlet.http.HttpServletRequest) - org.springframework.web.servlet.mvc.method.annotation.RequestMappingHandlerMapping:
INFO  [Systems]: 2018-04-17 14:58:46.119--- [main] Mapped "{[/order/query_order_pay_status.do],methods=[GET],produces=[application/json;charset=UTF-8]}" onto public com.mmall.common.Result<java.lang.Boolean> com.mmall.controller.OrderController.queryOrderPayStatus(javax.servlet.http.HttpSession,java.lang.Long) - org.springframework.web.servlet.mvc.method.annotation.RequestMappingHandlerMapping:
INFO  [Systems]: 2018-04-17 14:58:46.121--- [main] Mapped "{[/product/productList],methods=[POST],produces=[application/json;charset=UTF-8]}" onto public com.mmall.common.Result<com.github.pagehelper.PageInfo> com.mmall.controller.ProductController.list(com.mmall.common.PagerParam) - org.springframework.web.servlet.mvc.method.annotation.RequestMappingHandlerMapping:
INFO  [Systems]: 2018-04-17 14:58:46.122--- [main] Mapped "{[/product/productSave],methods=[POST],produces=[application/json;charset=UTF-8]}" onto public com.mmall.common.Result com.mmall.controller.ProductController.productSave(javax.servlet.http.HttpSession,com.mmall.domain.ProductWithBLOBs) - org.springframework.web.servlet.mvc.method.annotation.RequestMappingHandlerMapping:
INFO  [Systems]: 2018-04-17 14:58:46.122--- [main] Mapped "{[/product/upload],methods=[POST],produces=[application/json;charset=UTF-8]}" onto public com.mmall.common.Result com.mmall.controller.ProductController.upload(org.springframework.web.multipart.MultipartFile,javax.servlet.http.HttpServletRequest) - org.springframework.web.servlet.mvc.method.annotation.RequestMappingHandlerMapping:
INFO  [Systems]: 2018-04-17 14:58:46.123--- [main] Mapped "{[/product/searchProduct],methods=[POST],produces=[application/json;charset=UTF-8]}" onto public com.mmall.common.Result<com.mmall.domain.Product> com.mmall.controller.ProductController.searchProduct(java.lang.String) - org.springframework.web.servlet.mvc.method.annotation.RequestMappingHandlerMapping:
INFO  [Systems]: 2018-04-17 14:58:46.128--- [main] Mapped "{[/shipping/add],methods=[POST],produces=[application/json;charset=UTF-8]}" onto public com.mmall.common.Result com.mmall.controller.ShippingController.add(javax.servlet.http.HttpSession,com.mmall.domain.Shipping) - org.springframework.web.servlet.mvc.method.annotation.RequestMappingHandlerMapping:
INFO  [Systems]: 2018-04-17 14:58:46.128--- [main] Mapped "{[/shipping/update],methods=[PUT],produces=[application/json;charset=UTF-8]}" onto public com.mmall.common.Result com.mmall.controller.ShippingController.update(javax.servlet.http.HttpSession,com.mmall.domain.Shipping) - org.springframework.web.servlet.mvc.method.annotation.RequestMappingHandlerMapping:
INFO  [Systems]: 2018-04-17 14:58:46.129--- [main] Mapped "{[/shipping/list],methods=[GET],produces=[application/json;charset=UTF-8]}" onto public com.mmall.common.Result<com.github.pagehelper.PageInfo> com.mmall.controller.ShippingController.list(int,int,javax.servlet.http.HttpSession) - org.springframework.web.servlet.mvc.method.annotation.RequestMappingHandlerMapping:
INFO  [Systems]: 2018-04-17 14:58:46.129--- [main] Mapped "{[/shipping/select],methods=[GET],produces=[application/json;charset=UTF-8]}" onto public com.mmall.common.Result<com.mmall.domain.Shipping> com.mmall.controller.ShippingController.select(javax.servlet.http.HttpSession,java.lang.Integer) - org.springframework.web.servlet.mvc.method.annotation.RequestMappingHandlerMapping:
INFO  [Systems]: 2018-04-17 14:58:46.129--- [main] Mapped "{[/shipping/del],methods=[DELETE],produces=[application/json;charset=UTF-8]}" onto public com.mmall.common.Result com.mmall.controller.ShippingController.del(javax.servlet.http.HttpSession,java.lang.Integer) - org.springframework.web.servlet.mvc.method.annotation.RequestMappingHandlerMapping:
INFO  [Systems]: 2018-04-17 14:58:46.133--- [main] Mapped "{[/user/register],methods=[POST],produces=[application/json;charset=UTF-8]}" onto public com.mmall.common.Result<java.lang.String> com.mmall.controller.UserController.register(com.mmall.domain.User) - org.springframework.web.servlet.mvc.method.annotation.RequestMappingHandlerMapping:
INFO  [Systems]: 2018-04-17 14:58:46.133--- [main] Mapped "{[/user/getUserInfo/{userId}],methods=[GET],produces=[application/json;charset=UTF-8]}" onto public com.mmall.common.Result<com.mmall.domain.User> com.mmall.controller.UserController.getUserInfo(java.lang.Integer,javax.servlet.http.HttpSession) - org.springframework.web.servlet.mvc.method.annotation.RequestMappingHandlerMapping:
INFO  [Systems]: 2018-04-17 14:58:46.133--- [main] Mapped "{[/user/loginOut],methods=[GET],produces=[application/json;charset=UTF-8]}" onto public com.mmall.common.Result<java.lang.String> com.mmall.controller.UserController.loginOut(javax.servlet.http.HttpSession) - org.springframework.web.servlet.mvc.method.annotation.RequestMappingHandlerMapping:
INFO  [Systems]: 2018-04-17 14:58:46.134--- [main] Mapped "{[/user/login],methods=[POST],produces=[application/json;charset=UTF-8]}" onto public com.mmall.common.Result<com.mmall.domain.User> com.mmall.controller.UserController.login(java.lang.String,java.lang.String,javax.servlet.http.HttpSession) - org.springframework.web.servlet.mvc.method.annotation.RequestMappingHandlerMapping:
INFO  [Systems]: 2018-04-17 14:58:46.134--- [main] Mapped "{[/user/checkValid],methods=[GET],produces=[application/json;charset=UTF-8]}" onto public com.mmall.common.Result<java.lang.String> com.mmall.controller.UserController.checkValid(java.lang.String,java.lang.String) - org.springframework.web.servlet.mvc.method.annotation.RequestMappingHandlerMapping:
INFO  [Systems]: 2018-04-17 14:58:46.134--- [main] Mapped "{[/user/selectQuestion],methods=[GET],produces=[application/json;charset=UTF-8]}" onto public com.mmall.common.Result<java.lang.String> com.mmall.controller.UserController.selectQuestion(java.lang.String) - org.springframework.web.servlet.mvc.method.annotation.RequestMappingHandlerMapping:
INFO  [Systems]: 2018-04-17 14:58:46.136--- [main] Mapped "{[/user/checkAnswer],methods=[POST],produces=[application/json;charset=UTF-8]}" onto public com.mmall.common.Result<java.lang.String> com.mmall.controller.UserController.checkAnswer(com.mmall.domain.User) - org.springframework.web.servlet.mvc.method.annotation.RequestMappingHandlerMapping:
INFO  [Systems]: 2018-04-17 14:58:46.137--- [main] Mapped "{[/user/updatePassword],methods=[PATCH],produces=[application/json;charset=UTF-8]}" onto public com.mmall.common.Result<java.lang.String> com.mmall.controller.UserController.updatePassword(javax.servlet.http.HttpSession,java.lang.String,java.lang.String) - org.springframework.web.servlet.mvc.method.annotation.RequestMappingHandlerMapping:
INFO  [Systems]: 2018-04-17 14:58:46.138--- [main] Mapped "{[/user/updateUserInfo],methods=[PATCH],produces=[application/json;charset=UTF-8]}" onto public com.mmall.common.Result<com.mmall.domain.User> com.mmall.controller.UserController.updateUserInfo(javax.servlet.http.HttpSession,com.mmall.domain.User) - org.springframework.web.servlet.mvc.method.annotation.RequestMappingHandlerMapping:
INFO  [Systems]: 2018-04-17 14:58:46.138--- [main] Mapped "{[/user/forgetResetPassword],methods=[PATCH],produces=[application/json;charset=UTF-8]}" onto public com.mmall.common.Result<java.lang.String> com.mmall.controller.UserController.forgetResetPassword(java.lang.String,java.lang.String,java.lang.String) - org.springframework.web.servlet.mvc.method.annotation.RequestMappingHandlerMapping:
INFO  [Systems]: 2018-04-17 14:58:46.139--- [main] Mapped "{[/v2/api-docs],methods=[GET],produces=[application/json || application/hal+json]}" onto public org.springframework.http.ResponseEntity<springfox.documentation.spring.web.json.Json> springfox.documentation.swagger2.web.Swagger2Controller.getDocumentation(java.lang.String,javax.servlet.http.HttpServletRequest) - org.springframework.web.servlet.mvc.method.annotation.RequestMappingHandlerMapping:
INFO  [Systems]: 2018-04-17 14:58:46.143--- [main] Mapped "{[/swagger-resources/configuration/ui]}" onto org.springframework.http.ResponseEntity<springfox.documentation.swagger.web.UiConfiguration> springfox.documentation.swagger.web.ApiResourceController.uiConfiguration() - org.springframework.web.servlet.mvc.method.annotation.RequestMappingHandlerMapping:
INFO  [Systems]: 2018-04-17 14:58:46.145--- [main] Mapped "{[/swagger-resources]}" onto org.springframework.http.ResponseEntity<java.util.List<springfox.documentation.swagger.web.SwaggerResource>> springfox.documentation.swagger.web.ApiResourceController.swaggerResources() - org.springframework.web.servlet.mvc.method.annotation.RequestMappingHandlerMapping:
INFO  [Systems]: 2018-04-17 14:58:46.145--- [main] Mapped "{[/swagger-resources/configuration/security]}" onto org.springframework.http.ResponseEntity<springfox.documentation.swagger.web.SecurityConfiguration> springfox.documentation.swagger.web.ApiResourceController.securityConfiguration() - org.springframework.web.servlet.mvc.method.annotation.RequestMappingHandlerMapping:
INFO  [Systems]: 2018-04-17 14:58:46.148--- [main] Mapped "{[/error]}" onto public org.springframework.http.ResponseEntity<java.util.Map<java.lang.String, java.lang.Object>> org.springframework.boot.autoconfigure.web.servlet.error.BasicErrorController.error(javax.servlet.http.HttpServletRequest) - org.springframework.web.servlet.mvc.method.annotation.RequestMappingHandlerMapping:
INFO  [Systems]: 2018-04-17 14:58:46.149--- [main] Mapped "{[/error],produces=[text/html]}" onto public org.springframework.web.servlet.ModelAndView org.springframework.boot.autoconfigure.web.servlet.error.BasicErrorController.errorHtml(javax.servlet.http.HttpServletRequest,javax.servlet.http.HttpServletResponse) - org.springframework.web.servlet.mvc.method.annotation.RequestMappingHandlerMapping:
INFO  [Systems]: 2018-04-17 14:58:46.641--- [main] Mapped URL path [/**/favicon.ico] onto handler of type [class org.springframework.web.servlet.resource.ResourceHttpRequestHandler] - org.springframework.web.servlet.handler.SimpleUrlHandlerMapping:
INFO  [Systems]: 2018-04-17 14:58:47.311--- [main] Looking for @ControllerAdvice: org.springframework.boot.web.servlet.context.AnnotationConfigServletWebServerApplicationContext@3a0d172f: startup date [Tue Apr 17 14:58:41 CST 2018]; root of context hierarchy - org.springframework.web.servlet.mvc.method.annotation.RequestMappingHandlerAdapter:
INFO  [Systems]: 2018-04-17 14:58:47.445--- [main] Mapped URL path [/webjars/**] onto handler of type [class org.springframework.web.servlet.resource.ResourceHttpRequestHandler] - org.springframework.web.servlet.handler.SimpleUrlHandlerMapping:
INFO  [Systems]: 2018-04-17 14:58:47.445--- [main] Mapped URL path [/**] onto handler of type [class org.springframework.web.servlet.resource.ResourceHttpRequestHandler] - org.springframework.web.servlet.handler.SimpleUrlHandlerMapping:
INFO  [Systems]: 2018-04-17 14:58:47.469--- [main] Detected @ExceptionHandler methods in exceptionHandedController - org.springframework.web.servlet.mvc.method.annotation.ExceptionHandlerExceptionResolver:
WARN  [Systems]: 2018-04-17 14:58:48.423--- [main] Exception encountered during context initialization - cancelling refresh attempt: org.springframework.beans.factory.BeanCreationException: Error creating bean with name 'gsonBuilder' defined in class path resource [org/springframework/boot/autoconfigure/gson/GsonAutoConfiguration.class]: Bean instantiation via factory method failed; nested exception is org.springframework.beans.BeanInstantiationException: Failed to instantiate [com.google.gson.GsonBuilder]: Factory method 'gsonBuilder' threw exception; nested exception is java.lang.BootstrapMethodError: java.lang.NoSuchMethodError: com.google.gson.GsonBuilder.setLenient()Lcom/google/gson/GsonBuilder; - org.springframework.boot.web.servlet.context.AnnotationConfigServletWebServerApplicationContext:
INFO  [Systems]: 2018-04-17 14:58:48.434--- [main] Unregistering JMX-exposed beans on shutdown - org.springframework.jmx.export.annotation.AnnotationMBeanExporter:
INFO  [Systems]: 2018-04-17 14:58:48.439--- [main] Stopping service [Tomcat] - org.apache.catalina.core.StandardService:
WARN  [Systems]: 2018-04-17 14:58:48.452--- [main] Error calling ApplicationEventListener - org.springframework.boot.context.event.EventPublishingRunListener:

java.lang.NoSuchMethodError: ch.qos.logback.classic.LoggerContext.removeObject(Ljava/lang/String;)V
	at org.springframework.boot.logging.logback.LogbackLoggingSystem.markAsUninitialized(LogbackLoggingSystem.java:308) ~[spring-boot-2.0.1.RELEASE.jar:2.0.1.RELEASE]
	at org.springframework.boot.logging.logback.LogbackLoggingSystem.cleanUp(LogbackLoggingSystem.java:202) ~[spring-boot-2.0.1.RELEASE.jar:2.0.1.RELEASE]
	at org.springframework.boot.context.logging.LoggingApplicationListener.onApplicationFailedEvent(LoggingApplicationListener.java:219) ~[spring-boot-2.0.1.RELEASE.jar:2.0.1.RELEASE]
	at org.springframework.boot.context.logging.LoggingApplicationListener.onApplicationEvent(LoggingApplicationListener.java:184) ~[spring-boot-2.0.1.RELEASE.jar:2.0.1.RELEASE]
	at org.springframework.context.event.SimpleApplicationEventMulticaster.doInvokeListener(SimpleApplicationEventMulticaster.java:172) [spring-context-5.0.5.RELEASE.jar:5.0.5.RELEASE]
	at org.springframework.context.event.SimpleApplicationEventMulticaster.invokeListener(SimpleApplicationEventMulticaster.java:158) [spring-context-5.0.5.RELEASE.jar:5.0.5.RELEASE]
	at org.springframework.context.event.SimpleApplicationEventMulticaster.multicastEvent(SimpleApplicationEventMulticaster.java:139) [spring-context-5.0.5.RELEASE.jar:5.0.5.RELEASE]
	at org.springframework.context.event.SimpleApplicationEventMulticaster.multicastEvent(SimpleApplicationEventMulticaster.java:127) [spring-context-5.0.5.RELEASE.jar:5.0.5.RELEASE]
	at org.springframework.boot.context.event.EventPublishingRunListener.failed(EventPublishingRunListener.java:126) [spring-boot-2.0.1.RELEASE.jar:2.0.1.RELEASE]
	at org.springframework.boot.SpringApplicationRunListeners.callFailedListener(SpringApplicationRunListeners.java:91) [spring-boot-2.0.1.RELEASE.jar:2.0.1.RELEASE]
	at org.springframework.boot.SpringApplicationRunListeners.failed(SpringApplicationRunListeners.java:84) [spring-boot-2.0.1.RELEASE.jar:2.0.1.RELEASE]
	at org.springframework.boot.SpringApplication.handleRunFailure(SpringApplication.java:812) [spring-boot-2.0.1.RELEASE.jar:2.0.1.RELEASE]
	at org.springframework.boot.SpringApplication.run(SpringApplication.java:338) [spring-boot-2.0.1.RELEASE.jar:2.0.1.RELEASE]
	at org.springframework.boot.SpringApplication.run(SpringApplication.java:1255) [spring-boot-2.0.1.RELEASE.jar:2.0.1.RELEASE]
	at org.springframework.boot.SpringApplication.run(SpringApplication.java:1243) [spring-boot-2.0.1.RELEASE.jar:2.0.1.RELEASE]
	at com.mmall.MmallApplication.main(MmallApplication.java:14) [classes/:na]

INFO  [Systems]: 2018-04-17 14:58:48.457--- [main] 

Error starting ApplicationContext. To display the conditions report re-run your application with 'debug' enabled. - org.springframework.boot.autoconfigure.logging.ConditionEvaluationReportLoggingListener:
ERROR [Systems]: 2018-04-17 14:58:48.465--- [main] Application run failed - org.springframework.boot.SpringApplication:

org.springframework.beans.factory.BeanCreationException: Error creating bean with name 'gsonBuilder' defined in class path resource [org/springframework/boot/autoconfigure/gson/GsonAutoConfiguration.class]: Bean instantiation via factory method failed; nested exception is org.springframework.beans.BeanInstantiationException: Failed to instantiate [com.google.gson.GsonBuilder]: Factory method 'gsonBuilder' threw exception; nested exception is java.lang.BootstrapMethodError: java.lang.NoSuchMethodError: com.google.gson.GsonBuilder.setLenient()Lcom/google/gson/GsonBuilder;
	at org.springframework.beans.factory.support.ConstructorResolver.instantiateUsingFactoryMethod(ConstructorResolver.java:587) ~[spring-beans-5.0.5.RELEASE.jar:5.0.5.RELEASE]
	at org.springframework.beans.factory.support.AbstractAutowireCapableBeanFactory.instantiateUsingFactoryMethod(AbstractAutowireCapableBeanFactory.java:1250) ~[spring-beans-5.0.5.RELEASE.jar:5.0.5.RELEASE]
	at org.springframework.beans.factory.support.AbstractAutowireCapableBeanFactory.createBeanInstance(AbstractAutowireCapableBeanFactory.java:1099) ~[spring-beans-5.0.5.RELEASE.jar:5.0.5.RELEASE]
	at org.springframework.beans.factory.support.AbstractAutowireCapableBeanFactory.doCreateBean(AbstractAutowireCapableBeanFactory.java:541) ~[spring-beans-5.0.5.RELEASE.jar:5.0.5.RELEASE]
	at org.springframework.beans.factory.support.AbstractAutowireCapableBeanFactory.createBean(AbstractAutowireCapableBeanFactory.java:501) ~[spring-beans-5.0.5.RELEASE.jar:5.0.5.RELEASE]
	at org.springframework.beans.factory.support.AbstractBeanFactory.lambda$doGetBean$0(AbstractBeanFactory.java:317) ~[spring-beans-5.0.5.RELEASE.jar:5.0.5.RELEASE]
	at org.springframework.beans.factory.support.DefaultSingletonBeanRegistry.getSingleton(DefaultSingletonBeanRegistry.java:228) ~[spring-beans-5.0.5.RELEASE.jar:5.0.5.RELEASE]
	at org.springframework.beans.factory.support.AbstractBeanFactory.doGetBean(AbstractBeanFactory.java:315) ~[spring-beans-5.0.5.RELEASE.jar:5.0.5.RELEASE]
	at org.springframework.beans.factory.support.AbstractBeanFactory.getBean(AbstractBeanFactory.java:199) ~[spring-beans-5.0.5.RELEASE.jar:5.0.5.RELEASE]
	at org.springframework.beans.factory.support.DefaultListableBeanFactory.preInstantiateSingletons(DefaultListableBeanFactory.java:760) ~[spring-beans-5.0.5.RELEASE.jar:5.0.5.RELEASE]
	at org.springframework.context.support.AbstractApplicationContext.finishBeanFactoryInitialization(AbstractApplicationContext.java:869) ~[spring-context-5.0.5.RELEASE.jar:5.0.5.RELEASE]
	at org.springframework.context.support.AbstractApplicationContext.refresh(AbstractApplicationContext.java:550) ~[spring-context-5.0.5.RELEASE.jar:5.0.5.RELEASE]
	at org.springframework.boot.web.servlet.context.ServletWebServerApplicationContext.refresh(ServletWebServerApplicationContext.java:140) ~[spring-boot-2.0.1.RELEASE.jar:2.0.1.RELEASE]
	at org.springframework.boot.SpringApplication.refresh(SpringApplication.java:759) [spring-boot-2.0.1.RELEASE.jar:2.0.1.RELEASE]
	at org.springframework.boot.SpringApplication.refreshContext(SpringApplication.java:395) [spring-boot-2.0.1.RELEASE.jar:2.0.1.RELEASE]
	at org.springframework.boot.SpringApplication.run(SpringApplication.java:327) [spring-boot-2.0.1.RELEASE.jar:2.0.1.RELEASE]
	at org.springframework.boot.SpringApplication.run(SpringApplication.java:1255) [spring-boot-2.0.1.RELEASE.jar:2.0.1.RELEASE]
	at org.springframework.boot.SpringApplication.run(SpringApplication.java:1243) [spring-boot-2.0.1.RELEASE.jar:2.0.1.RELEASE]
	at com.mmall.MmallApplication.main(MmallApplication.java:14) [classes/:na]
Caused by: org.springframework.beans.BeanInstantiationException: Failed to instantiate [com.google.gson.GsonBuilder]: Factory method 'gsonBuilder' threw exception; nested exception is java.lang.BootstrapMethodError: java.lang.NoSuchMethodError: com.google.gson.GsonBuilder.setLenient()Lcom/google/gson/GsonBuilder;
	at org.springframework.beans.factory.support.SimpleInstantiationStrategy.instantiate(SimpleInstantiationStrategy.java:185) ~[spring-beans-5.0.5.RELEASE.jar:5.0.5.RELEASE]
	at org.springframework.beans.factory.support.ConstructorResolver.instantiateUsingFactoryMethod(ConstructorResolver.java:579) ~[spring-beans-5.0.5.RELEASE.jar:5.0.5.RELEASE]
	... 18 common frames omitted
Caused by: java.lang.BootstrapMethodError: java.lang.NoSuchMethodError: com.google.gson.GsonBuilder.setLenient()Lcom/google/gson/GsonBuilder;
	at org.springframework.boot.autoconfigure.gson.GsonAutoConfiguration$StandardGsonBuilderCustomizer.customize(GsonAutoConfiguration.java:96) ~[spring-boot-autoconfigure-2.0.1.RELEASE.jar:2.0.1.RELEASE]
	at org.springframework.boot.autoconfigure.gson.GsonAutoConfiguration.lambda$gsonBuilder$0(GsonAutoConfiguration.java:49) ~[spring-boot-autoconfigure-2.0.1.RELEASE.jar:2.0.1.RELEASE]
	at java.util.ArrayList.forEach(ArrayList.java:1249) ~[na:1.8.0_131]
	at org.springframework.boot.autoconfigure.gson.GsonAutoConfiguration.gsonBuilder(GsonAutoConfiguration.java:49) ~[spring-boot-autoconfigure-2.0.1.RELEASE.jar:2.0.1.RELEASE]
	at org.springframework.boot.autoconfigure.gson.GsonAutoConfiguration$$EnhancerBySpringCGLIB$$587bc914.CGLIB$gsonBuilder$1(<generated>) ~[spring-boot-autoconfigure-2.0.1.RELEASE.jar:2.0.1.RELEASE]
	at org.springframework.boot.autoconfigure.gson.GsonAutoConfiguration$$EnhancerBySpringCGLIB$$587bc914$$FastClassBySpringCGLIB$$c8c6d71b.invoke(<generated>) ~[spring-boot-autoconfigure-2.0.1.RELEASE.jar:2.0.1.RELEASE]
	at org.springframework.cglib.proxy.MethodProxy.invokeSuper(MethodProxy.java:228) ~[spring-core-5.0.5.RELEASE.jar:5.0.5.RELEASE]
	at org.springframework.context.annotation.ConfigurationClassEnhancer$BeanMethodInterceptor.intercept(ConfigurationClassEnhancer.java:361) ~[spring-context-5.0.5.RELEASE.jar:5.0.5.RELEASE]
	at org.springframework.boot.autoconfigure.gson.GsonAutoConfiguration$$EnhancerBySpringCGLIB$$587bc914.gsonBuilder(<generated>) ~[spring-boot-autoconfigure-2.0.1.RELEASE.jar:2.0.1.RELEASE]
	at sun.reflect.NativeMethodAccessorImpl.invoke0(Native Method) ~[na:1.8.0_131]
	at sun.reflect.NativeMethodAccessorImpl.invoke(NativeMethodAccessorImpl.java:62) ~[na:1.8.0_131]
	at sun.reflect.DelegatingMethodAccessorImpl.invoke(DelegatingMethodAccessorImpl.java:43) ~[na:1.8.0_131]
	at java.lang.reflect.Method.invoke(Method.java:498) ~[na:1.8.0_131]
	at org.springframework.beans.factory.support.SimpleInstantiationStrategy.instantiate(SimpleInstantiationStrategy.java:154) ~[spring-beans-5.0.5.RELEASE.jar:5.0.5.RELEASE]
	... 19 common frames omitted
Caused by: java.lang.NoSuchMethodError: com.google.gson.GsonBuilder.setLenient()Lcom/google/gson/GsonBuilder;
	at java.lang.invoke.MethodHandleNatives.resolve(Native Method) ~[na:1.8.0_131]
	at java.lang.invoke.MemberName$Factory.resolve(MemberName.java:975) ~[na:1.8.0_131]
	at java.lang.invoke.MemberName$Factory.resolveOrFail(MemberName.java:1000) ~[na:1.8.0_131]
	at java.lang.invoke.MethodHandles$Lookup.resolveOrFail(MethodHandles.java:1394) ~[na:1.8.0_131]
	at java.lang.invoke.MethodHandles$Lookup.linkMethodHandleConstant(MethodHandles.java:1750) ~[na:1.8.0_131]
	at java.lang.invoke.MethodHandleNatives.linkMethodHandleConstant(MethodHandleNatives.java:477) ~[na:1.8.0_131]
	... 33 common frames omitted

INFO  [Systems]: 2018-04-17 15:00:00.583--- [main] Starting MmallApplication on ZGV201U7WAB5CYS with PID 69888 (D:\workspace3\mmall\target\classes started by Administrator in D:\workspace3\mmall) - com.mmall.MmallApplication:
INFO  [Systems]: 2018-04-17 15:00:00.592--- [main] No active profile set, falling back to default profiles: default - com.mmall.MmallApplication:
INFO  [Systems]: 2018-04-17 15:00:00.658--- [main] Refreshing org.springframework.boot.web.servlet.context.AnnotationConfigServletWebServerApplicationContext@5553d0f5: startup date [Tue Apr 17 15:00:00 CST 2018]; root of context hierarchy - org.springframework.boot.web.servlet.context.AnnotationConfigServletWebServerApplicationContext:
INFO  [Systems]: 2018-04-17 15:00:02.112--- [main] Multiple Spring Data modules found, entering strict repository configuration mode! - org.springframework.data.repository.config.RepositoryConfigurationDelegate:
INFO  [Systems]: 2018-04-17 15:00:02.742--- [main] Bean 'org.springframework.ws.config.annotation.DelegatingWsConfiguration' of type [org.springframework.ws.config.annotation.DelegatingWsConfiguration$$EnhancerBySpringCGLIB$$ebf03d7] is not eligible for getting processed by all BeanPostProcessors (for example: not eligible for auto-proxying) - org.springframework.context.support.PostProcessorRegistrationDelegate$BeanPostProcessorChecker:
INFO  [Systems]: 2018-04-17 15:00:02.799--- [main] Supporting [WS-Addressing August 2004, WS-Addressing 1.0] - org.springframework.ws.soap.addressing.server.AnnotationActionEndpointMapping:
INFO  [Systems]: 2018-04-17 15:00:02.867--- [main] Bean 'org.springframework.transaction.annotation.ProxyTransactionManagementConfiguration' of type [org.springframework.transaction.annotation.ProxyTransactionManagementConfiguration$$EnhancerBySpringCGLIB$$6a273ed8] is not eligible for getting processed by all BeanPostProcessors (for example: not eligible for auto-proxying) - org.springframework.context.support.PostProcessorRegistrationDelegate$BeanPostProcessorChecker:
INFO  [Systems]: 2018-04-17 15:00:03.023--- [main] Bean 'org.springframework.cache.annotation.ProxyCachingConfiguration' of type [org.springframework.cache.annotation.ProxyCachingConfiguration$$EnhancerBySpringCGLIB$$b33974f6] is not eligible for getting processed by all BeanPostProcessors (for example: not eligible for auto-proxying) - org.springframework.context.support.PostProcessorRegistrationDelegate$BeanPostProcessorChecker:
INFO  [Systems]: 2018-04-17 15:00:03.588--- [main] Tomcat initialized with port(s): 8887 (http) - org.springframework.boot.web.embedded.tomcat.TomcatWebServer:
INFO  [Systems]: 2018-04-17 15:00:03.600--- [main] Initializing ProtocolHandler ["http-nio-8887"] - org.apache.coyote.http11.Http11NioProtocol:
INFO  [Systems]: 2018-04-17 15:00:03.608--- [main] Starting service [Tomcat] - org.apache.catalina.core.StandardService:
INFO  [Systems]: 2018-04-17 15:00:03.609--- [main] Starting Servlet Engine: Apache Tomcat/8.5.29 - org.apache.catalina.core.StandardEngine:
INFO  [Systems]: 2018-04-17 15:00:03.613--- [localhost-startStop-1] The APR based Apache Tomcat Native library which allows optimal performance in production environments was not found on the java.library.path: [C:\Program Files\Java\jdk1.8.0_131\bin;C:\Windows\Sun\Java\bin;C:\Windows\system32;C:\Windows;C:\ProgramData\Oracle\Java\javapath;C:\Windows\system32;C:\Windows;C:\Windows\System32\Wbem;C:\Windows\System32\WindowsPowerShell\v1.0\;F:\tools\maven\bin;C:\Program Files\Java\jdk1.8.0_131\bin;F:\tools\Git\cmd;C:\Program Files\MySQL\mysql-5.7.21-winx64\bin;C:\Program Files\OpenVPN\bin;.] - org.apache.catalina.core.AprLifecycleListener:
INFO  [Systems]: 2018-04-17 15:00:03.701--- [localhost-startStop-1] Initializing Spring embedded WebApplicationContext - org.apache.catalina.core.ContainerBase.[Tomcat].[localhost].[/]:
INFO  [Systems]: 2018-04-17 15:00:03.701--- [localhost-startStop-1] Root WebApplicationContext: initialization completed in 3043 ms - org.springframework.web.context.ContextLoader:
INFO  [Systems]: 2018-04-17 15:00:03.992--- [localhost-startStop-1] Servlet dispatcherServlet mapped to [/] - org.springframework.boot.web.servlet.ServletRegistrationBean:
INFO  [Systems]: 2018-04-17 15:00:03.994--- [localhost-startStop-1] Servlet messageDispatcherServlet mapped to [/services/*] - org.springframework.boot.web.servlet.ServletRegistrationBean:
INFO  [Systems]: 2018-04-17 15:00:03.999--- [localhost-startStop-1] Mapping filter: 'characterEncodingFilter' to: [/*] - org.springframework.boot.web.servlet.FilterRegistrationBean:
INFO  [Systems]: 2018-04-17 15:00:03.999--- [localhost-startStop-1] Mapping filter: 'hiddenHttpMethodFilter' to: [/*] - org.springframework.boot.web.servlet.FilterRegistrationBean:
INFO  [Systems]: 2018-04-17 15:00:04.000--- [localhost-startStop-1] Mapping filter: 'httpPutFormContentFilter' to: [/*] - org.springframework.boot.web.servlet.FilterRegistrationBean:
INFO  [Systems]: 2018-04-17 15:00:04.000--- [localhost-startStop-1] Mapping filter: 'requestContextFilter' to: [/*] - org.springframework.boot.web.servlet.FilterRegistrationBean:
INFO  [Systems]: 2018-04-17 15:00:05.360--- [main] Mapped "{[/cart/add],produces=[application/json;charset=UTF-8]}" onto public com.mmall.common.Result<com.mmall.vo.CartVo> com.mmall.controller.CartController.add(javax.servlet.http.HttpSession,java.lang.Integer,java.lang.Integer) - org.springframework.web.servlet.mvc.method.annotation.RequestMappingHandlerMapping:
INFO  [Systems]: 2018-04-17 15:00:05.361--- [main] Mapped "{[/cart/update],produces=[application/json;charset=UTF-8]}" onto public com.mmall.common.Result<com.mmall.vo.CartVo> com.mmall.controller.CartController.update(javax.servlet.http.HttpSession,java.lang.Integer,java.lang.Integer) - org.springframework.web.servlet.mvc.method.annotation.RequestMappingHandlerMapping:
INFO  [Systems]: 2018-04-17 15:00:05.361--- [main] Mapped "{[/cart/list],produces=[application/json;charset=UTF-8]}" onto public com.mmall.common.Result<com.mmall.vo.CartVo> com.mmall.controller.CartController.list(javax.servlet.http.HttpSession) - org.springframework.web.servlet.mvc.method.annotation.RequestMappingHandlerMapping:
INFO  [Systems]: 2018-04-17 15:00:05.361--- [main] Mapped "{[/cart/select],produces=[application/json;charset=UTF-8]}" onto public com.mmall.common.Result<com.mmall.vo.CartVo> com.mmall.controller.CartController.select(javax.servlet.http.HttpSession,java.lang.Integer) - org.springframework.web.servlet.mvc.method.annotation.RequestMappingHandlerMapping:
INFO  [Systems]: 2018-04-17 15:00:05.361--- [main] Mapped "{[/cart/delete_product],produces=[application/json;charset=UTF-8]}" onto public com.mmall.common.Result<com.mmall.vo.CartVo> com.mmall.controller.CartController.deleteProduct(javax.servlet.http.HttpSession,java.lang.String) - org.springframework.web.servlet.mvc.method.annotation.RequestMappingHandlerMapping:
INFO  [Systems]: 2018-04-17 15:00:05.362--- [main] Mapped "{[/cart/select_all],produces=[application/json;charset=UTF-8]}" onto public com.mmall.common.Result<com.mmall.vo.CartVo> com.mmall.controller.CartController.selectAll(javax.servlet.http.HttpSession) - org.springframework.web.servlet.mvc.method.annotation.RequestMappingHandlerMapping:
INFO  [Systems]: 2018-04-17 15:00:05.363--- [main] Mapped "{[/cart/un_select_all],produces=[application/json;charset=UTF-8]}" onto public com.mmall.common.Result<com.mmall.vo.CartVo> com.mmall.controller.CartController.unSelectAll(javax.servlet.http.HttpSession) - org.springframework.web.servlet.mvc.method.annotation.RequestMappingHandlerMapping:
INFO  [Systems]: 2018-04-17 15:00:05.363--- [main] Mapped "{[/cart/un_select],produces=[application/json;charset=UTF-8]}" onto public com.mmall.common.Result<com.mmall.vo.CartVo> com.mmall.controller.CartController.unSelect(javax.servlet.http.HttpSession,java.lang.Integer) - org.springframework.web.servlet.mvc.method.annotation.RequestMappingHandlerMapping:
INFO  [Systems]: 2018-04-17 15:00:05.363--- [main] Mapped "{[/cart/get_cart_product_count],produces=[application/json;charset=UTF-8]}" onto public com.mmall.common.Result<java.lang.Integer> com.mmall.controller.CartController.getCartProductCount(javax.servlet.http.HttpSession) - org.springframework.web.servlet.mvc.method.annotation.RequestMappingHandlerMapping:
INFO  [Systems]: 2018-04-17 15:00:05.366--- [main] Mapped "{[/category/addCategory],methods=[POST],produces=[application/json;charset=UTF-8]}" onto public com.mmall.common.Result com.mmall.controller.CategoryController.addCategory(javax.servlet.http.HttpSession,java.lang.String,int) - org.springframework.web.servlet.mvc.method.annotation.RequestMappingHandlerMapping:
INFO  [Systems]: 2018-04-17 15:00:05.366--- [main] Mapped "{[/category/setCategoryName],methods=[POST],produces=[application/json;charset=UTF-8]}" onto public com.mmall.common.Result com.mmall.controller.CategoryController.setCategoryName(javax.servlet.http.HttpSession,java.lang.String,java.lang.Integer) - org.springframework.web.servlet.mvc.method.annotation.RequestMappingHandlerMapping:
INFO  [Systems]: 2018-04-17 15:00:05.367--- [main] Mapped "{[/category/getChildParableCategory],methods=[GET],produces=[application/json;charset=UTF-8]}" onto public com.mmall.common.Result<java.util.List<com.mmall.domain.Category>> com.mmall.controller.CategoryController.getChildParableCategory(javax.servlet.http.HttpSession,java.lang.Integer) - org.springframework.web.servlet.mvc.method.annotation.RequestMappingHandlerMapping:
INFO  [Systems]: 2018-04-17 15:00:05.367--- [main] Mapped "{[/category/getChildDeepCategory],methods=[GET],produces=[application/json;charset=UTF-8]}" onto public com.mmall.common.Result<java.util.List<com.mmall.domain.Category>> com.mmall.controller.CategoryController.getChildDeepCategory(javax.servlet.http.HttpSession,java.lang.Integer) - org.springframework.web.servlet.mvc.method.annotation.RequestMappingHandlerMapping:
INFO  [Systems]: 2018-04-17 15:00:05.368--- [main] Mapped "{[/order/pay],methods=[POST],produces=[application/json;charset=UTF-8]}" onto public com.mmall.common.Result com.mmall.controller.OrderController.pay(javax.servlet.http.HttpSession,java.lang.Long,javax.servlet.http.HttpServletRequest) - org.springframework.web.servlet.mvc.method.annotation.RequestMappingHandlerMapping:
INFO  [Systems]: 2018-04-17 15:00:05.370--- [main] Mapped "{[/order/alipay_callback],methods=[POST],produces=[application/json;charset=UTF-8]}" onto public java.lang.Object com.mmall.controller.OrderController.alipayCallback(javax.servlet.http.HttpServletRequest) - org.springframework.web.servlet.mvc.method.annotation.RequestMappingHandlerMapping:
INFO  [Systems]: 2018-04-17 15:00:05.370--- [main] Mapped "{[/order/query_order_pay_status.do],methods=[GET],produces=[application/json;charset=UTF-8]}" onto public com.mmall.common.Result<java.lang.Boolean> com.mmall.controller.OrderController.queryOrderPayStatus(javax.servlet.http.HttpSession,java.lang.Long) - org.springframework.web.servlet.mvc.method.annotation.RequestMappingHandlerMapping:
INFO  [Systems]: 2018-04-17 15:00:05.372--- [main] Mapped "{[/product/productList],methods=[POST],produces=[application/json;charset=UTF-8]}" onto public com.mmall.common.Result<com.github.pagehelper.PageInfo> com.mmall.controller.ProductController.list(com.mmall.common.PagerParam) - org.springframework.web.servlet.mvc.method.annotation.RequestMappingHandlerMapping:
INFO  [Systems]: 2018-04-17 15:00:05.372--- [main] Mapped "{[/product/productSave],methods=[POST],produces=[application/json;charset=UTF-8]}" onto public com.mmall.common.Result com.mmall.controller.ProductController.productSave(javax.servlet.http.HttpSession,com.mmall.domain.ProductWithBLOBs) - org.springframework.web.servlet.mvc.method.annotation.RequestMappingHandlerMapping:
INFO  [Systems]: 2018-04-17 15:00:05.372--- [main] Mapped "{[/product/upload],methods=[POST],produces=[application/json;charset=UTF-8]}" onto public com.mmall.common.Result com.mmall.controller.ProductController.upload(org.springframework.web.multipart.MultipartFile,javax.servlet.http.HttpServletRequest) - org.springframework.web.servlet.mvc.method.annotation.RequestMappingHandlerMapping:
INFO  [Systems]: 2018-04-17 15:00:05.372--- [main] Mapped "{[/product/searchProduct],methods=[POST],produces=[application/json;charset=UTF-8]}" onto public com.mmall.common.Result<com.mmall.domain.Product> com.mmall.controller.ProductController.searchProduct(java.lang.String) - org.springframework.web.servlet.mvc.method.annotation.RequestMappingHandlerMapping:
INFO  [Systems]: 2018-04-17 15:00:05.375--- [main] Mapped "{[/shipping/add],methods=[POST],produces=[application/json;charset=UTF-8]}" onto public com.mmall.common.Result com.mmall.controller.ShippingController.add(javax.servlet.http.HttpSession,com.mmall.domain.Shipping) - org.springframework.web.servlet.mvc.method.annotation.RequestMappingHandlerMapping:
INFO  [Systems]: 2018-04-17 15:00:05.375--- [main] Mapped "{[/shipping/update],methods=[PUT],produces=[application/json;charset=UTF-8]}" onto public com.mmall.common.Result com.mmall.controller.ShippingController.update(javax.servlet.http.HttpSession,com.mmall.domain.Shipping) - org.springframework.web.servlet.mvc.method.annotation.RequestMappingHandlerMapping:
INFO  [Systems]: 2018-04-17 15:00:05.377--- [main] Mapped "{[/shipping/list],methods=[GET],produces=[application/json;charset=UTF-8]}" onto public com.mmall.common.Result<com.github.pagehelper.PageInfo> com.mmall.controller.ShippingController.list(int,int,javax.servlet.http.HttpSession) - org.springframework.web.servlet.mvc.method.annotation.RequestMappingHandlerMapping:
INFO  [Systems]: 2018-04-17 15:00:05.377--- [main] Mapped "{[/shipping/select],methods=[GET],produces=[application/json;charset=UTF-8]}" onto public com.mmall.common.Result<com.mmall.domain.Shipping> com.mmall.controller.ShippingController.select(javax.servlet.http.HttpSession,java.lang.Integer) - org.springframework.web.servlet.mvc.method.annotation.RequestMappingHandlerMapping:
INFO  [Systems]: 2018-04-17 15:00:05.377--- [main] Mapped "{[/shipping/del],methods=[DELETE],produces=[application/json;charset=UTF-8]}" onto public com.mmall.common.Result com.mmall.controller.ShippingController.del(javax.servlet.http.HttpSession,java.lang.Integer) - org.springframework.web.servlet.mvc.method.annotation.RequestMappingHandlerMapping:
INFO  [Systems]: 2018-04-17 15:00:05.380--- [main] Mapped "{[/user/register],methods=[POST],produces=[application/json;charset=UTF-8]}" onto public com.mmall.common.Result<java.lang.String> com.mmall.controller.UserController.register(com.mmall.domain.User) - org.springframework.web.servlet.mvc.method.annotation.RequestMappingHandlerMapping:
INFO  [Systems]: 2018-04-17 15:00:05.381--- [main] Mapped "{[/user/getUserInfo/{userId}],methods=[GET],produces=[application/json;charset=UTF-8]}" onto public com.mmall.common.Result<com.mmall.domain.User> com.mmall.controller.UserController.getUserInfo(java.lang.Integer,javax.servlet.http.HttpSession) - org.springframework.web.servlet.mvc.method.annotation.RequestMappingHandlerMapping:
INFO  [Systems]: 2018-04-17 15:00:05.381--- [main] Mapped "{[/user/loginOut],methods=[GET],produces=[application/json;charset=UTF-8]}" onto public com.mmall.common.Result<java.lang.String> com.mmall.controller.UserController.loginOut(javax.servlet.http.HttpSession) - org.springframework.web.servlet.mvc.method.annotation.RequestMappingHandlerMapping:
INFO  [Systems]: 2018-04-17 15:00:05.382--- [main] Mapped "{[/user/login],methods=[POST],produces=[application/json;charset=UTF-8]}" onto public com.mmall.common.Result<com.mmall.domain.User> com.mmall.controller.UserController.login(java.lang.String,java.lang.String,javax.servlet.http.HttpSession) - org.springframework.web.servlet.mvc.method.annotation.RequestMappingHandlerMapping:
INFO  [Systems]: 2018-04-17 15:00:05.382--- [main] Mapped "{[/user/checkValid],methods=[GET],produces=[application/json;charset=UTF-8]}" onto public com.mmall.common.Result<java.lang.String> com.mmall.controller.UserController.checkValid(java.lang.String,java.lang.String) - org.springframework.web.servlet.mvc.method.annotation.RequestMappingHandlerMapping:
INFO  [Systems]: 2018-04-17 15:00:05.382--- [main] Mapped "{[/user/selectQuestion],methods=[GET],produces=[application/json;charset=UTF-8]}" onto public com.mmall.common.Result<java.lang.String> com.mmall.controller.UserController.selectQuestion(java.lang.String) - org.springframework.web.servlet.mvc.method.annotation.RequestMappingHandlerMapping:
INFO  [Systems]: 2018-04-17 15:00:05.384--- [main] Mapped "{[/user/checkAnswer],methods=[POST],produces=[application/json;charset=UTF-8]}" onto public com.mmall.common.Result<java.lang.String> com.mmall.controller.UserController.checkAnswer(com.mmall.domain.User) - org.springframework.web.servlet.mvc.method.annotation.RequestMappingHandlerMapping:
INFO  [Systems]: 2018-04-17 15:00:05.384--- [main] Mapped "{[/user/updatePassword],methods=[PATCH],produces=[application/json;charset=UTF-8]}" onto public com.mmall.common.Result<java.lang.String> com.mmall.controller.UserController.updatePassword(javax.servlet.http.HttpSession,java.lang.String,java.lang.String) - org.springframework.web.servlet.mvc.method.annotation.RequestMappingHandlerMapping:
INFO  [Systems]: 2018-04-17 15:00:05.384--- [main] Mapped "{[/user/updateUserInfo],methods=[PATCH],produces=[application/json;charset=UTF-8]}" onto public com.mmall.common.Result<com.mmall.domain.User> com.mmall.controller.UserController.updateUserInfo(javax.servlet.http.HttpSession,com.mmall.domain.User) - org.springframework.web.servlet.mvc.method.annotation.RequestMappingHandlerMapping:
INFO  [Systems]: 2018-04-17 15:00:05.385--- [main] Mapped "{[/user/forgetResetPassword],methods=[PATCH],produces=[application/json;charset=UTF-8]}" onto public com.mmall.common.Result<java.lang.String> com.mmall.controller.UserController.forgetResetPassword(java.lang.String,java.lang.String,java.lang.String) - org.springframework.web.servlet.mvc.method.annotation.RequestMappingHandlerMapping:
INFO  [Systems]: 2018-04-17 15:00:05.386--- [main] Mapped "{[/v2/api-docs],methods=[GET],produces=[application/json || application/hal+json]}" onto public org.springframework.http.ResponseEntity<springfox.documentation.spring.web.json.Json> springfox.documentation.swagger2.web.Swagger2Controller.getDocumentation(java.lang.String,javax.servlet.http.HttpServletRequest) - org.springframework.web.servlet.mvc.method.annotation.RequestMappingHandlerMapping:
INFO  [Systems]: 2018-04-17 15:00:05.388--- [main] Mapped "{[/swagger-resources/configuration/security]}" onto org.springframework.http.ResponseEntity<springfox.documentation.swagger.web.SecurityConfiguration> springfox.documentation.swagger.web.ApiResourceController.securityConfiguration() - org.springframework.web.servlet.mvc.method.annotation.RequestMappingHandlerMapping:
INFO  [Systems]: 2018-04-17 15:00:05.389--- [main] Mapped "{[/swagger-resources/configuration/ui]}" onto org.springframework.http.ResponseEntity<springfox.documentation.swagger.web.UiConfiguration> springfox.documentation.swagger.web.ApiResourceController.uiConfiguration() - org.springframework.web.servlet.mvc.method.annotation.RequestMappingHandlerMapping:
INFO  [Systems]: 2018-04-17 15:00:05.390--- [main] Mapped "{[/swagger-resources]}" onto org.springframework.http.ResponseEntity<java.util.List<springfox.documentation.swagger.web.SwaggerResource>> springfox.documentation.swagger.web.ApiResourceController.swaggerResources() - org.springframework.web.servlet.mvc.method.annotation.RequestMappingHandlerMapping:
INFO  [Systems]: 2018-04-17 15:00:05.392--- [main] Mapped "{[/error]}" onto public org.springframework.http.ResponseEntity<java.util.Map<java.lang.String, java.lang.Object>> org.springframework.boot.autoconfigure.web.servlet.error.BasicErrorController.error(javax.servlet.http.HttpServletRequest) - org.springframework.web.servlet.mvc.method.annotation.RequestMappingHandlerMapping:
INFO  [Systems]: 2018-04-17 15:00:05.392--- [main] Mapped "{[/error],produces=[text/html]}" onto public org.springframework.web.servlet.ModelAndView org.springframework.boot.autoconfigure.web.servlet.error.BasicErrorController.errorHtml(javax.servlet.http.HttpServletRequest,javax.servlet.http.HttpServletResponse) - org.springframework.web.servlet.mvc.method.annotation.RequestMappingHandlerMapping:
INFO  [Systems]: 2018-04-17 15:00:05.881--- [main] Mapped URL path [/**/favicon.ico] onto handler of type [class org.springframework.web.servlet.resource.ResourceHttpRequestHandler] - org.springframework.web.servlet.handler.SimpleUrlHandlerMapping:
INFO  [Systems]: 2018-04-17 15:00:06.537--- [main] Looking for @ControllerAdvice: org.springframework.boot.web.servlet.context.AnnotationConfigServletWebServerApplicationContext@5553d0f5: startup date [Tue Apr 17 15:00:00 CST 2018]; root of context hierarchy - org.springframework.web.servlet.mvc.method.annotation.RequestMappingHandlerAdapter:
INFO  [Systems]: 2018-04-17 15:00:06.670--- [main] Mapped URL path [/webjars/**] onto handler of type [class org.springframework.web.servlet.resource.ResourceHttpRequestHandler] - org.springframework.web.servlet.handler.SimpleUrlHandlerMapping:
INFO  [Systems]: 2018-04-17 15:00:06.671--- [main] Mapped URL path [/**] onto handler of type [class org.springframework.web.servlet.resource.ResourceHttpRequestHandler] - org.springframework.web.servlet.handler.SimpleUrlHandlerMapping:
INFO  [Systems]: 2018-04-17 15:00:06.700--- [main] Detected @ExceptionHandler methods in exceptionHandedController - org.springframework.web.servlet.mvc.method.annotation.ExceptionHandlerExceptionResolver:
INFO  [Systems]: 2018-04-17 15:00:08.277--- [main] Registering beans for JMX exposure on startup - org.springframework.jmx.export.annotation.AnnotationMBeanExporter:
INFO  [Systems]: 2018-04-17 15:00:08.279--- [main] Bean with name 'dataSource' has been autodetected for JMX exposure - org.springframework.jmx.export.annotation.AnnotationMBeanExporter:
INFO  [Systems]: 2018-04-17 15:00:08.288--- [main] Located MBean 'dataSource': registering with JMX server as MBean [com.zaxxer.hikari:name=dataSource,type=HikariDataSource] - org.springframework.jmx.export.annotation.AnnotationMBeanExporter:
INFO  [Systems]: 2018-04-17 15:00:08.308--- [main] Starting beans in phase 2147483647 - org.springframework.context.support.DefaultLifecycleProcessor:
INFO  [Systems]: 2018-04-17 15:00:08.308--- [main] Context refreshed - springfox.documentation.spring.web.plugins.DocumentationPluginsBootstrapper:
INFO  [Systems]: 2018-04-17 15:00:08.353--- [main] Found 1 custom documentation plugin(s) - springfox.documentation.spring.web.plugins.DocumentationPluginsBootstrapper:
INFO  [Systems]: 2018-04-17 15:00:08.366--- [main] Scanning for api listing references - springfox.documentation.spring.web.scanners.ApiListingReferenceScanner:
INFO  [Systems]: 2018-04-17 15:00:08.916--- [main] Generating unique operation named: listUsingPOST_1 - springfox.documentation.spring.web.readers.operation.CachingOperationNameGenerator:
INFO  [Systems]: 2018-04-17 15:00:08.943--- [main] Generating unique operation named: addUsingPOST_1 - springfox.documentation.spring.web.readers.operation.CachingOperationNameGenerator:
INFO  [Systems]: 2018-04-17 15:00:08.951--- [main] Generating unique operation named: listUsingGET_1 - springfox.documentation.spring.web.readers.operation.CachingOperationNameGenerator:
INFO  [Systems]: 2018-04-17 15:00:08.958--- [main] Generating unique operation named: selectUsingGET_1 - springfox.documentation.spring.web.readers.operation.CachingOperationNameGenerator:
INFO  [Systems]: 2018-04-17 15:00:08.962--- [main] Generating unique operation named: updateUsingPUT_1 - springfox.documentation.spring.web.readers.operation.CachingOperationNameGenerator:
INFO  [Systems]: 2018-04-17 15:00:09.077--- [main] Starting ProtocolHandler ["http-nio-8887"] - org.apache.coyote.http11.Http11NioProtocol:
INFO  [Systems]: 2018-04-17 15:00:09.087--- [main] Using a shared selector for servlet write/read - org.apache.tomcat.util.net.NioSelectorPool:
INFO  [Systems]: 2018-04-17 15:00:09.105--- [main] Tomcat started on port(s): 8887 (http) with context path '' - org.springframework.boot.web.embedded.tomcat.TomcatWebServer:
INFO  [Systems]: 2018-04-17 15:00:09.109--- [main] Started MmallApplication in 9.356 seconds (JVM running for 10.342) - com.mmall.MmallApplication:
INFO  [Systems]: 2018-04-17 15:04:25.193--- [http-nio-8887-exec-1] Initializing Spring FrameworkServlet 'dispatcherServlet' - org.apache.catalina.core.ContainerBase.[Tomcat].[localhost].[/]:
INFO  [Systems]: 2018-04-17 15:04:25.193--- [http-nio-8887-exec-1] FrameworkServlet 'dispatcherServlet': initialization started - org.springframework.web.servlet.DispatcherServlet:
INFO  [Systems]: 2018-04-17 15:04:25.245--- [http-nio-8887-exec-1] FrameworkServlet 'dispatcherServlet': initialization completed in 52 ms - org.springframework.web.servlet.DispatcherServlet:
