INFO  [Systems]: 2018-04-18 15:13:44.907--- [main] Starting MmallApplication on ZGV201U7WAB5CYS with PID 23032 (D:\workspace3\mmall\target\classes started by Administrator in D:\workspace3\mmall) - com.mmall.MmallApplication:
INFO  [Systems]: 2018-04-18 15:13:44.929--- [main] No active profile set, falling back to default profiles: default - com.mmall.MmallApplication:
INFO  [Systems]: 2018-04-18 15:13:45.064--- [main] Refreshing org.springframework.boot.web.servlet.context.AnnotationConfigServletWebServerApplicationContext@4b9df8a: startup date [Wed Apr 18 15:13:45 CST 2018]; root of context hierarchy - org.springframework.boot.web.servlet.context.AnnotationConfigServletWebServerApplicationContext:
INFO  [Systems]: 2018-04-18 15:13:46.574--- [main] Multiple Spring Data modules found, entering strict repository configuration mode! - org.springframework.data.repository.config.RepositoryConfigurationDelegate:
INFO  [Systems]: 2018-04-18 15:13:47.155--- [main] Bean 'org.springframework.ws.config.annotation.DelegatingWsConfiguration' of type [org.springframework.ws.config.annotation.DelegatingWsConfiguration$$EnhancerBySpringCGLIB$$1b6df0be] is not eligible for getting processed by all BeanPostProcessors (for example: not eligible for auto-proxying) - org.springframework.context.support.PostProcessorRegistrationDelegate$BeanPostProcessorChecker:
INFO  [Systems]: 2018-04-18 15:13:47.246--- [main] Supporting [WS-Addressing August 2004, WS-Addressing 1.0] - org.springframework.ws.soap.addressing.server.AnnotationActionEndpointMapping:
INFO  [Systems]: 2018-04-18 15:13:47.319--- [main] Bean 'org.springframework.transaction.annotation.ProxyTransactionManagementConfiguration' of type [org.springframework.transaction.annotation.ProxyTransactionManagementConfiguration$$EnhancerBySpringCGLIB$$76d62bbf] is not eligible for getting processed by all BeanPostProcessors (for example: not eligible for auto-proxying) - org.springframework.context.support.PostProcessorRegistrationDelegate$BeanPostProcessorChecker:
INFO  [Systems]: 2018-04-18 15:13:47.492--- [main] Bean 'org.springframework.cache.annotation.ProxyCachingConfiguration' of type [org.springframework.cache.annotation.ProxyCachingConfiguration$$EnhancerBySpringCGLIB$$bfe861dd] is not eligible for getting processed by all BeanPostProcessors (for example: not eligible for auto-proxying) - org.springframework.context.support.PostProcessorRegistrationDelegate$BeanPostProcessorChecker:
INFO  [Systems]: 2018-04-18 15:13:48.244--- [main] Tomcat initialized with port(s): 8887 (http) - org.springframework.boot.web.embedded.tomcat.TomcatWebServer:
INFO  [Systems]: 2018-04-18 15:13:48.278--- [main] Initializing ProtocolHandler ["http-nio-8887"] - org.apache.coyote.http11.Http11NioProtocol:
INFO  [Systems]: 2018-04-18 15:13:48.295--- [main] Starting service [Tomcat] - org.apache.catalina.core.StandardService:
INFO  [Systems]: 2018-04-18 15:13:48.296--- [main] Starting Servlet Engine: Apache Tomcat/8.5.29 - org.apache.catalina.core.StandardEngine:
INFO  [Systems]: 2018-04-18 15:13:48.304--- [localhost-startStop-1] The APR based Apache Tomcat Native library which allows optimal performance in production environments was not found on the java.library.path: [C:\Program Files\Java\jdk1.8.0_131\bin;C:\Windows\Sun\Java\bin;C:\Windows\system32;C:\Windows;C:\ProgramData\Oracle\Java\javapath;C:\Windows\system32;C:\Windows;C:\Windows\System32\Wbem;C:\Windows\System32\WindowsPowerShell\v1.0\;F:\tools\maven\bin;C:\Program Files\Java\jdk1.8.0_131\bin;F:\tools\Git\cmd;C:\Program Files\MySQL\mysql-5.7.21-winx64\bin;C:\Program Files\OpenVPN\bin;.] - org.apache.catalina.core.AprLifecycleListener:
INFO  [Systems]: 2018-04-18 15:13:48.429--- [localhost-startStop-1] Initializing Spring embedded WebApplicationContext - org.apache.catalina.core.ContainerBase.[Tomcat].[localhost].[/]:
INFO  [Systems]: 2018-04-18 15:13:48.429--- [localhost-startStop-1] Root WebApplicationContext: initialization completed in 3365 ms - org.springframework.web.context.ContextLoader:
INFO  [Systems]: 2018-04-18 15:13:48.715--- [localhost-startStop-1] Servlet dispatcherServlet mapped to [/] - org.springframework.boot.web.servlet.ServletRegistrationBean:
INFO  [Systems]: 2018-04-18 15:13:48.717--- [localhost-startStop-1] Servlet messageDispatcherServlet mapped to [/services/*] - org.springframework.boot.web.servlet.ServletRegistrationBean:
INFO  [Systems]: 2018-04-18 15:13:48.722--- [localhost-startStop-1] Mapping filter: 'characterEncodingFilter' to: [/*] - org.springframework.boot.web.servlet.FilterRegistrationBean:
INFO  [Systems]: 2018-04-18 15:13:48.722--- [localhost-startStop-1] Mapping filter: 'hiddenHttpMethodFilter' to: [/*] - org.springframework.boot.web.servlet.FilterRegistrationBean:
INFO  [Systems]: 2018-04-18 15:13:48.722--- [localhost-startStop-1] Mapping filter: 'httpPutFormContentFilter' to: [/*] - org.springframework.boot.web.servlet.FilterRegistrationBean:
INFO  [Systems]: 2018-04-18 15:13:48.722--- [localhost-startStop-1] Mapping filter: 'requestContextFilter' to: [/*] - org.springframework.boot.web.servlet.FilterRegistrationBean:
INFO  [Systems]: 2018-04-18 15:13:50.465--- [main] Mapped "{[/cart/add],produces=[application/json;charset=UTF-8]}" onto public com.mmall.common.Result<com.mmall.vo.CartVo> com.mmall.controller.CartController.add(javax.servlet.http.HttpSession,java.lang.Integer,java.lang.Integer) - org.springframework.web.servlet.mvc.method.annotation.RequestMappingHandlerMapping:
INFO  [Systems]: 2018-04-18 15:13:50.466--- [main] Mapped "{[/cart/update],produces=[application/json;charset=UTF-8]}" onto public com.mmall.common.Result<com.mmall.vo.CartVo> com.mmall.controller.CartController.update(javax.servlet.http.HttpSession,java.lang.Integer,java.lang.Integer) - org.springframework.web.servlet.mvc.method.annotation.RequestMappingHandlerMapping:
INFO  [Systems]: 2018-04-18 15:13:50.467--- [main] Mapped "{[/cart/list],produces=[application/json;charset=UTF-8]}" onto public com.mmall.common.Result<com.mmall.vo.CartVo> com.mmall.controller.CartController.list(javax.servlet.http.HttpSession) - org.springframework.web.servlet.mvc.method.annotation.RequestMappingHandlerMapping:
INFO  [Systems]: 2018-04-18 15:13:50.467--- [main] Mapped "{[/cart/select],produces=[application/json;charset=UTF-8]}" onto public com.mmall.common.Result<com.mmall.vo.CartVo> com.mmall.controller.CartController.select(javax.servlet.http.HttpSession,java.lang.Integer) - org.springframework.web.servlet.mvc.method.annotation.RequestMappingHandlerMapping:
INFO  [Systems]: 2018-04-18 15:13:50.468--- [main] Mapped "{[/cart/delete_product],produces=[application/json;charset=UTF-8]}" onto public com.mmall.common.Result<com.mmall.vo.CartVo> com.mmall.controller.CartController.deleteProduct(javax.servlet.http.HttpSession,java.lang.String) - org.springframework.web.servlet.mvc.method.annotation.RequestMappingHandlerMapping:
INFO  [Systems]: 2018-04-18 15:13:50.468--- [main] Mapped "{[/cart/select_all],produces=[application/json;charset=UTF-8]}" onto public com.mmall.common.Result<com.mmall.vo.CartVo> com.mmall.controller.CartController.selectAll(javax.servlet.http.HttpSession) - org.springframework.web.servlet.mvc.method.annotation.RequestMappingHandlerMapping:
INFO  [Systems]: 2018-04-18 15:13:50.468--- [main] Mapped "{[/cart/un_select_all],produces=[application/json;charset=UTF-8]}" onto public com.mmall.common.Result<com.mmall.vo.CartVo> com.mmall.controller.CartController.unSelectAll(javax.servlet.http.HttpSession) - org.springframework.web.servlet.mvc.method.annotation.RequestMappingHandlerMapping:
INFO  [Systems]: 2018-04-18 15:13:50.472--- [main] Mapped "{[/cart/un_select],produces=[application/json;charset=UTF-8]}" onto public com.mmall.common.Result<com.mmall.vo.CartVo> com.mmall.controller.CartController.unSelect(javax.servlet.http.HttpSession,java.lang.Integer) - org.springframework.web.servlet.mvc.method.annotation.RequestMappingHandlerMapping:
INFO  [Systems]: 2018-04-18 15:13:50.472--- [main] Mapped "{[/cart/get_cart_product_count],produces=[application/json;charset=UTF-8]}" onto public com.mmall.common.Result<java.lang.Integer> com.mmall.controller.CartController.getCartProductCount(javax.servlet.http.HttpSession) - org.springframework.web.servlet.mvc.method.annotation.RequestMappingHandlerMapping:
INFO  [Systems]: 2018-04-18 15:13:50.475--- [main] Mapped "{[/category/addCategory],methods=[POST],produces=[application/json;charset=UTF-8]}" onto public com.mmall.common.Result com.mmall.controller.CategoryController.addCategory(javax.servlet.http.HttpSession,java.lang.String,int) - org.springframework.web.servlet.mvc.method.annotation.RequestMappingHandlerMapping:
INFO  [Systems]: 2018-04-18 15:13:50.475--- [main] Mapped "{[/category/setCategoryName],methods=[POST],produces=[application/json;charset=UTF-8]}" onto public com.mmall.common.Result com.mmall.controller.CategoryController.setCategoryName(javax.servlet.http.HttpSession,java.lang.String,java.lang.Integer) - org.springframework.web.servlet.mvc.method.annotation.RequestMappingHandlerMapping:
INFO  [Systems]: 2018-04-18 15:13:50.476--- [main] Mapped "{[/category/getChildParableCategory],methods=[GET],produces=[application/json;charset=UTF-8]}" onto public com.mmall.common.Result<java.util.List<com.mmall.domain.Category>> com.mmall.controller.CategoryController.getChildParableCategory(javax.servlet.http.HttpSession,java.lang.Integer) - org.springframework.web.servlet.mvc.method.annotation.RequestMappingHandlerMapping:
INFO  [Systems]: 2018-04-18 15:13:50.476--- [main] Mapped "{[/category/getChildDeepCategory],methods=[GET],produces=[application/json;charset=UTF-8]}" onto public com.mmall.common.Result<java.util.List<com.mmall.domain.Category>> com.mmall.controller.CategoryController.getChildDeepCategory(javax.servlet.http.HttpSession,java.lang.Integer) - org.springframework.web.servlet.mvc.method.annotation.RequestMappingHandlerMapping:
INFO  [Systems]: 2018-04-18 15:13:50.478--- [main] Mapped "{[/order/create],methods=[POST],produces=[application/json;charset=UTF-8]}" onto public com.mmall.common.Result com.mmall.controller.OrderController.create(javax.servlet.http.HttpSession,java.lang.Integer) - org.springframework.web.servlet.mvc.method.annotation.RequestMappingHandlerMapping:
INFO  [Systems]: 2018-04-18 15:13:50.479--- [main] Mapped "{[/order/list.do],methods=[GET],produces=[application/json;charset=UTF-8]}" onto public com.mmall.common.Result com.mmall.controller.OrderController.list(javax.servlet.http.HttpSession,int,int) - org.springframework.web.servlet.mvc.method.annotation.RequestMappingHandlerMapping:
INFO  [Systems]: 2018-04-18 15:13:50.479--- [main] Mapped "{[/order/cancel],methods=[POST],produces=[application/json;charset=UTF-8]}" onto public com.mmall.common.Result com.mmall.controller.OrderController.cancel(javax.servlet.http.HttpSession,java.lang.Long) - org.springframework.web.servlet.mvc.method.annotation.RequestMappingHandlerMapping:
INFO  [Systems]: 2018-04-18 15:13:50.480--- [main] Mapped "{[/order/detail.do],methods=[GET],produces=[application/json;charset=UTF-8]}" onto public com.mmall.common.Result com.mmall.controller.OrderController.detail(javax.servlet.http.HttpSession,java.lang.Long) - org.springframework.web.servlet.mvc.method.annotation.RequestMappingHandlerMapping:
INFO  [Systems]: 2018-04-18 15:13:50.480--- [main] Mapped "{[/order/pay],methods=[POST],produces=[application/json;charset=UTF-8]}" onto public com.mmall.common.Result com.mmall.controller.OrderController.pay(javax.servlet.http.HttpSession,java.lang.Long,javax.servlet.http.HttpServletRequest) - org.springframework.web.servlet.mvc.method.annotation.RequestMappingHandlerMapping:
INFO  [Systems]: 2018-04-18 15:13:50.480--- [main] Mapped "{[/order/alipay_callback],methods=[POST],produces=[application/json;charset=UTF-8]}" onto public java.lang.Object com.mmall.controller.OrderController.alipayCallback(javax.servlet.http.HttpServletRequest) - org.springframework.web.servlet.mvc.method.annotation.RequestMappingHandlerMapping:
INFO  [Systems]: 2018-04-18 15:13:50.480--- [main] Mapped "{[/order/get_order_cart_product],methods=[GET],produces=[application/json;charset=UTF-8]}" onto public com.mmall.common.Result com.mmall.controller.OrderController.getOrderCartProduct(javax.servlet.http.HttpSession) - org.springframework.web.servlet.mvc.method.annotation.RequestMappingHandlerMapping:
INFO  [Systems]: 2018-04-18 15:13:50.481--- [main] Mapped "{[/order/query_order_pay_status.do],methods=[GET],produces=[application/json;charset=UTF-8]}" onto public com.mmall.common.Result<java.lang.Boolean> com.mmall.controller.OrderController.queryOrderPayStatus(javax.servlet.http.HttpSession,java.lang.Long) - org.springframework.web.servlet.mvc.method.annotation.RequestMappingHandlerMapping:
INFO  [Systems]: 2018-04-18 15:13:50.482--- [main] Mapped "{[/product/productList],methods=[POST],produces=[application/json;charset=UTF-8]}" onto public com.mmall.common.Result<com.github.pagehelper.PageInfo> com.mmall.controller.ProductController.list(com.mmall.common.PagerParam) - org.springframework.web.servlet.mvc.method.annotation.RequestMappingHandlerMapping:
INFO  [Systems]: 2018-04-18 15:13:50.482--- [main] Mapped "{[/product/productSave],methods=[POST],produces=[application/json;charset=UTF-8]}" onto public com.mmall.common.Result com.mmall.controller.ProductController.productSave(javax.servlet.http.HttpSession,com.mmall.domain.ProductWithBLOBs) - org.springframework.web.servlet.mvc.method.annotation.RequestMappingHandlerMapping:
INFO  [Systems]: 2018-04-18 15:13:50.482--- [main] Mapped "{[/product/upload],methods=[POST],produces=[application/json;charset=UTF-8]}" onto public com.mmall.common.Result com.mmall.controller.ProductController.upload(org.springframework.web.multipart.MultipartFile,javax.servlet.http.HttpServletRequest) - org.springframework.web.servlet.mvc.method.annotation.RequestMappingHandlerMapping:
INFO  [Systems]: 2018-04-18 15:13:50.483--- [main] Mapped "{[/product/searchProduct],methods=[POST],produces=[application/json;charset=UTF-8]}" onto public com.mmall.common.Result<com.mmall.domain.Product> com.mmall.controller.ProductController.searchProduct(java.lang.String) - org.springframework.web.servlet.mvc.method.annotation.RequestMappingHandlerMapping:
INFO  [Systems]: 2018-04-18 15:13:50.485--- [main] Mapped "{[/shipping/add],methods=[POST],produces=[application/json;charset=UTF-8]}" onto public com.mmall.common.Result com.mmall.controller.ShippingController.add(javax.servlet.http.HttpSession,com.mmall.domain.Shipping) - org.springframework.web.servlet.mvc.method.annotation.RequestMappingHandlerMapping:
INFO  [Systems]: 2018-04-18 15:13:50.486--- [main] Mapped "{[/shipping/update],methods=[PUT],produces=[application/json;charset=UTF-8]}" onto public com.mmall.common.Result com.mmall.controller.ShippingController.update(javax.servlet.http.HttpSession,com.mmall.domain.Shipping) - org.springframework.web.servlet.mvc.method.annotation.RequestMappingHandlerMapping:
INFO  [Systems]: 2018-04-18 15:13:50.486--- [main] Mapped "{[/shipping/list],methods=[GET],produces=[application/json;charset=UTF-8]}" onto public com.mmall.common.Result<com.github.pagehelper.PageInfo> com.mmall.controller.ShippingController.list(int,int,javax.servlet.http.HttpSession) - org.springframework.web.servlet.mvc.method.annotation.RequestMappingHandlerMapping:
INFO  [Systems]: 2018-04-18 15:13:50.486--- [main] Mapped "{[/shipping/select],methods=[GET],produces=[application/json;charset=UTF-8]}" onto public com.mmall.common.Result<com.mmall.domain.Shipping> com.mmall.controller.ShippingController.select(javax.servlet.http.HttpSession,java.lang.Integer) - org.springframework.web.servlet.mvc.method.annotation.RequestMappingHandlerMapping:
INFO  [Systems]: 2018-04-18 15:13:50.487--- [main] Mapped "{[/shipping/del],methods=[DELETE],produces=[application/json;charset=UTF-8]}" onto public com.mmall.common.Result com.mmall.controller.ShippingController.del(javax.servlet.http.HttpSession,java.lang.Integer) - org.springframework.web.servlet.mvc.method.annotation.RequestMappingHandlerMapping:
INFO  [Systems]: 2018-04-18 15:13:50.490--- [main] Mapped "{[/user/register],methods=[POST],produces=[application/json;charset=UTF-8]}" onto public com.mmall.common.Result<java.lang.String> com.mmall.controller.UserController.register(com.mmall.domain.User) - org.springframework.web.servlet.mvc.method.annotation.RequestMappingHandlerMapping:
INFO  [Systems]: 2018-04-18 15:13:50.490--- [main] Mapped "{[/user/getUserInfo/{userId}],methods=[GET],produces=[application/json;charset=UTF-8]}" onto public com.mmall.common.Result<com.mmall.domain.User> com.mmall.controller.UserController.getUserInfo(java.lang.Integer,javax.servlet.http.HttpSession) - org.springframework.web.servlet.mvc.method.annotation.RequestMappingHandlerMapping:
INFO  [Systems]: 2018-04-18 15:13:50.490--- [main] Mapped "{[/user/loginOut],methods=[GET],produces=[application/json;charset=UTF-8]}" onto public com.mmall.common.Result<java.lang.String> com.mmall.controller.UserController.loginOut(javax.servlet.http.HttpSession) - org.springframework.web.servlet.mvc.method.annotation.RequestMappingHandlerMapping:
INFO  [Systems]: 2018-04-18 15:13:50.491--- [main] Mapped "{[/user/login],methods=[POST],produces=[application/json;charset=UTF-8]}" onto public com.mmall.common.Result<com.mmall.domain.User> com.mmall.controller.UserController.login(java.lang.String,java.lang.String,javax.servlet.http.HttpSession) - org.springframework.web.servlet.mvc.method.annotation.RequestMappingHandlerMapping:
INFO  [Systems]: 2018-04-18 15:13:50.491--- [main] Mapped "{[/user/checkValid],methods=[GET],produces=[application/json;charset=UTF-8]}" onto public com.mmall.common.Result<java.lang.String> com.mmall.controller.UserController.checkValid(java.lang.String,java.lang.String) - org.springframework.web.servlet.mvc.method.annotation.RequestMappingHandlerMapping:
INFO  [Systems]: 2018-04-18 15:13:50.491--- [main] Mapped "{[/user/selectQuestion],methods=[GET],produces=[application/json;charset=UTF-8]}" onto public com.mmall.common.Result<java.lang.String> com.mmall.controller.UserController.selectQuestion(java.lang.String) - org.springframework.web.servlet.mvc.method.annotation.RequestMappingHandlerMapping:
INFO  [Systems]: 2018-04-18 15:13:50.492--- [main] Mapped "{[/user/checkAnswer],methods=[POST],produces=[application/json;charset=UTF-8]}" onto public com.mmall.common.Result<java.lang.String> com.mmall.controller.UserController.checkAnswer(com.mmall.domain.User) - org.springframework.web.servlet.mvc.method.annotation.RequestMappingHandlerMapping:
INFO  [Systems]: 2018-04-18 15:13:50.492--- [main] Mapped "{[/user/updatePassword],methods=[PATCH],produces=[application/json;charset=UTF-8]}" onto public com.mmall.common.Result<java.lang.String> com.mmall.controller.UserController.updatePassword(javax.servlet.http.HttpSession,java.lang.String,java.lang.String) - org.springframework.web.servlet.mvc.method.annotation.RequestMappingHandlerMapping:
INFO  [Systems]: 2018-04-18 15:13:50.493--- [main] Mapped "{[/user/updateUserInfo],methods=[PATCH],produces=[application/json;charset=UTF-8]}" onto public com.mmall.common.Result<com.mmall.domain.User> com.mmall.controller.UserController.updateUserInfo(javax.servlet.http.HttpSession,com.mmall.domain.User) - org.springframework.web.servlet.mvc.method.annotation.RequestMappingHandlerMapping:
INFO  [Systems]: 2018-04-18 15:13:50.493--- [main] Mapped "{[/user/forgetResetPassword],methods=[PATCH],produces=[application/json;charset=UTF-8]}" onto public com.mmall.common.Result<java.lang.String> com.mmall.controller.UserController.forgetResetPassword(java.lang.String,java.lang.String,java.lang.String) - org.springframework.web.servlet.mvc.method.annotation.RequestMappingHandlerMapping:
INFO  [Systems]: 2018-04-18 15:13:50.494--- [main] Mapped "{[/v2/api-docs],methods=[GET],produces=[application/json || application/hal+json]}" onto public org.springframework.http.ResponseEntity<springfox.documentation.spring.web.json.Json> springfox.documentation.swagger2.web.Swagger2Controller.getDocumentation(java.lang.String,javax.servlet.http.HttpServletRequest) - org.springframework.web.servlet.mvc.method.annotation.RequestMappingHandlerMapping:
INFO  [Systems]: 2018-04-18 15:13:50.499--- [main] Mapped "{[/swagger-resources/configuration/security]}" onto org.springframework.http.ResponseEntity<springfox.documentation.swagger.web.SecurityConfiguration> springfox.documentation.swagger.web.ApiResourceController.securityConfiguration() - org.springframework.web.servlet.mvc.method.annotation.RequestMappingHandlerMapping:
INFO  [Systems]: 2018-04-18 15:13:50.500--- [main] Mapped "{[/swagger-resources/configuration/ui]}" onto org.springframework.http.ResponseEntity<springfox.documentation.swagger.web.UiConfiguration> springfox.documentation.swagger.web.ApiResourceController.uiConfiguration() - org.springframework.web.servlet.mvc.method.annotation.RequestMappingHandlerMapping:
INFO  [Systems]: 2018-04-18 15:13:50.501--- [main] Mapped "{[/swagger-resources]}" onto org.springframework.http.ResponseEntity<java.util.List<springfox.documentation.swagger.web.SwaggerResource>> springfox.documentation.swagger.web.ApiResourceController.swaggerResources() - org.springframework.web.servlet.mvc.method.annotation.RequestMappingHandlerMapping:
INFO  [Systems]: 2018-04-18 15:13:50.503--- [main] Mapped "{[/error]}" onto public org.springframework.http.ResponseEntity<java.util.Map<java.lang.String, java.lang.Object>> org.springframework.boot.autoconfigure.web.servlet.error.BasicErrorController.error(javax.servlet.http.HttpServletRequest) - org.springframework.web.servlet.mvc.method.annotation.RequestMappingHandlerMapping:
INFO  [Systems]: 2018-04-18 15:13:50.503--- [main] Mapped "{[/error],produces=[text/html]}" onto public org.springframework.web.servlet.ModelAndView org.springframework.boot.autoconfigure.web.servlet.error.BasicErrorController.errorHtml(javax.servlet.http.HttpServletRequest,javax.servlet.http.HttpServletResponse) - org.springframework.web.servlet.mvc.method.annotation.RequestMappingHandlerMapping:
INFO  [Systems]: 2018-04-18 15:13:51.052--- [main] Mapped URL path [/**/favicon.ico] onto handler of type [class org.springframework.web.servlet.resource.ResourceHttpRequestHandler] - org.springframework.web.servlet.handler.SimpleUrlHandlerMapping:
INFO  [Systems]: 2018-04-18 15:13:51.743--- [main] Looking for @ControllerAdvice: org.springframework.boot.web.servlet.context.AnnotationConfigServletWebServerApplicationContext@4b9df8a: startup date [Wed Apr 18 15:13:45 CST 2018]; root of context hierarchy - org.springframework.web.servlet.mvc.method.annotation.RequestMappingHandlerAdapter:
INFO  [Systems]: 2018-04-18 15:13:51.876--- [main] Mapped URL path [/webjars/**] onto handler of type [class org.springframework.web.servlet.resource.ResourceHttpRequestHandler] - org.springframework.web.servlet.handler.SimpleUrlHandlerMapping:
INFO  [Systems]: 2018-04-18 15:13:51.877--- [main] Mapped URL path [/**] onto handler of type [class org.springframework.web.servlet.resource.ResourceHttpRequestHandler] - org.springframework.web.servlet.handler.SimpleUrlHandlerMapping:
INFO  [Systems]: 2018-04-18 15:13:51.899--- [main] Detected @ExceptionHandler methods in exceptionHandedController - org.springframework.web.servlet.mvc.method.annotation.ExceptionHandlerExceptionResolver:
INFO  [Systems]: 2018-04-18 15:13:53.565--- [main] Registering beans for JMX exposure on startup - org.springframework.jmx.export.annotation.AnnotationMBeanExporter:
INFO  [Systems]: 2018-04-18 15:13:53.566--- [main] Bean with name 'dataSource' has been autodetected for JMX exposure - org.springframework.jmx.export.annotation.AnnotationMBeanExporter:
INFO  [Systems]: 2018-04-18 15:13:53.573--- [main] Located MBean 'dataSource': registering with JMX server as MBean [com.zaxxer.hikari:name=dataSource,type=HikariDataSource] - org.springframework.jmx.export.annotation.AnnotationMBeanExporter:
INFO  [Systems]: 2018-04-18 15:13:53.592--- [main] Starting beans in phase 2147483647 - org.springframework.context.support.DefaultLifecycleProcessor:
INFO  [Systems]: 2018-04-18 15:13:53.593--- [main] Context refreshed - springfox.documentation.spring.web.plugins.DocumentationPluginsBootstrapper:
INFO  [Systems]: 2018-04-18 15:13:53.620--- [main] Found 1 custom documentation plugin(s) - springfox.documentation.spring.web.plugins.DocumentationPluginsBootstrapper:
INFO  [Systems]: 2018-04-18 15:13:53.634--- [main] Scanning for api listing references - springfox.documentation.spring.web.scanners.ApiListingReferenceScanner:
INFO  [Systems]: 2018-04-18 15:13:54.440--- [main] Generating unique operation named: listUsingGET_1 - springfox.documentation.spring.web.readers.operation.CachingOperationNameGenerator:
INFO  [Systems]: 2018-04-18 15:13:54.461--- [main] Generating unique operation named: listUsingPOST_1 - springfox.documentation.spring.web.readers.operation.CachingOperationNameGenerator:
INFO  [Systems]: 2018-04-18 15:13:54.486--- [main] Generating unique operation named: addUsingPOST_1 - springfox.documentation.spring.web.readers.operation.CachingOperationNameGenerator:
INFO  [Systems]: 2018-04-18 15:13:54.493--- [main] Generating unique operation named: listUsingGET_2 - springfox.documentation.spring.web.readers.operation.CachingOperationNameGenerator:
INFO  [Systems]: 2018-04-18 15:13:54.501--- [main] Generating unique operation named: selectUsingGET_1 - springfox.documentation.spring.web.readers.operation.CachingOperationNameGenerator:
INFO  [Systems]: 2018-04-18 15:13:54.505--- [main] Generating unique operation named: updateUsingPUT_1 - springfox.documentation.spring.web.readers.operation.CachingOperationNameGenerator:
INFO  [Systems]: 2018-04-18 15:13:54.769--- [main] Starting ProtocolHandler ["http-nio-8887"] - org.apache.coyote.http11.Http11NioProtocol:
INFO  [Systems]: 2018-04-18 15:13:54.779--- [main] Using a shared selector for servlet write/read - org.apache.tomcat.util.net.NioSelectorPool:
INFO  [Systems]: 2018-04-18 15:13:54.999--- [main] Tomcat started on port(s): 8887 (http) with context path '' - org.springframework.boot.web.embedded.tomcat.TomcatWebServer:
INFO  [Systems]: 2018-04-18 15:13:55.004--- [main] Started MmallApplication in 11.468 seconds (JVM running for 13.213) - com.mmall.MmallApplication:
INFO  [Systems]: 2018-04-18 15:14:06.518--- [http-nio-8887-exec-1] Initializing Spring FrameworkServlet 'dispatcherServlet' - org.apache.catalina.core.ContainerBase.[Tomcat].[localhost].[/]:
INFO  [Systems]: 2018-04-18 15:14:06.518--- [http-nio-8887-exec-1] FrameworkServlet 'dispatcherServlet': initialization started - org.springframework.web.servlet.DispatcherServlet:
INFO  [Systems]: 2018-04-18 15:14:06.558--- [http-nio-8887-exec-1] FrameworkServlet 'dispatcherServlet': initialization completed in 39 ms - org.springframework.web.servlet.DispatcherServlet:
INFO  [Systems]: 2018-04-18 15:15:53.488--- [main] Starting MmallApplication on ZGV201U7WAB5CYS with PID 24816 (D:\workspace3\mmall\target\classes started by Administrator in D:\workspace3\mmall) - com.mmall.MmallApplication:
INFO  [Systems]: 2018-04-18 15:15:53.493--- [main] No active profile set, falling back to default profiles: default - com.mmall.MmallApplication:
INFO  [Systems]: 2018-04-18 15:15:53.658--- [main] Refreshing org.springframework.boot.web.servlet.context.AnnotationConfigServletWebServerApplicationContext@5ef6ae06: startup date [Wed Apr 18 15:15:53 CST 2018]; root of context hierarchy - org.springframework.boot.web.servlet.context.AnnotationConfigServletWebServerApplicationContext:
INFO  [Systems]: 2018-04-18 15:15:54.887--- [main] Multiple Spring Data modules found, entering strict repository configuration mode! - org.springframework.data.repository.config.RepositoryConfigurationDelegate:
INFO  [Systems]: 2018-04-18 15:15:55.335--- [main] Bean 'org.springframework.ws.config.annotation.DelegatingWsConfiguration' of type [org.springframework.ws.config.annotation.DelegatingWsConfiguration$$EnhancerBySpringCGLIB$$6e02bf94] is not eligible for getting processed by all BeanPostProcessors (for example: not eligible for auto-proxying) - org.springframework.context.support.PostProcessorRegistrationDelegate$BeanPostProcessorChecker:
INFO  [Systems]: 2018-04-18 15:15:55.370--- [main] Supporting [WS-Addressing August 2004, WS-Addressing 1.0] - org.springframework.ws.soap.addressing.server.AnnotationActionEndpointMapping:
INFO  [Systems]: 2018-04-18 15:15:55.419--- [main] Bean 'org.springframework.transaction.annotation.ProxyTransactionManagementConfiguration' of type [org.springframework.transaction.annotation.ProxyTransactionManagementConfiguration$$EnhancerBySpringCGLIB$$c96afa95] is not eligible for getting processed by all BeanPostProcessors (for example: not eligible for auto-proxying) - org.springframework.context.support.PostProcessorRegistrationDelegate$BeanPostProcessorChecker:
INFO  [Systems]: 2018-04-18 15:15:55.573--- [main] Bean 'org.springframework.cache.annotation.ProxyCachingConfiguration' of type [org.springframework.cache.annotation.ProxyCachingConfiguration$$EnhancerBySpringCGLIB$$127d30b3] is not eligible for getting processed by all BeanPostProcessors (for example: not eligible for auto-proxying) - org.springframework.context.support.PostProcessorRegistrationDelegate$BeanPostProcessorChecker:
INFO  [Systems]: 2018-04-18 15:15:56.722--- [main] Tomcat initialized with port(s): 8887 (http) - org.springframework.boot.web.embedded.tomcat.TomcatWebServer:
INFO  [Systems]: 2018-04-18 15:15:56.740--- [main] Initializing ProtocolHandler ["http-nio-8887"] - org.apache.coyote.http11.Http11NioProtocol:
INFO  [Systems]: 2018-04-18 15:15:56.761--- [main] Starting service [Tomcat] - org.apache.catalina.core.StandardService:
INFO  [Systems]: 2018-04-18 15:15:56.761--- [main] Starting Servlet Engine: Apache Tomcat/8.5.29 - org.apache.catalina.core.StandardEngine:
INFO  [Systems]: 2018-04-18 15:15:56.791--- [localhost-startStop-1] The APR based Apache Tomcat Native library which allows optimal performance in production environments was not found on the java.library.path: [C:\Program Files\Java\jdk1.8.0_131\bin;C:\Windows\Sun\Java\bin;C:\Windows\system32;C:\Windows;C:\ProgramData\Oracle\Java\javapath;C:\Windows\system32;C:\Windows;C:\Windows\System32\Wbem;C:\Windows\System32\WindowsPowerShell\v1.0\;F:\tools\maven\bin;C:\Program Files\Java\jdk1.8.0_131\bin;F:\tools\Git\cmd;C:\Program Files\MySQL\mysql-5.7.21-winx64\bin;C:\Program Files\OpenVPN\bin;.] - org.apache.catalina.core.AprLifecycleListener:
INFO  [Systems]: 2018-04-18 15:15:56.904--- [localhost-startStop-1] Initializing Spring embedded WebApplicationContext - org.apache.catalina.core.ContainerBase.[Tomcat].[localhost].[/]:
INFO  [Systems]: 2018-04-18 15:15:56.905--- [localhost-startStop-1] Root WebApplicationContext: initialization completed in 3246 ms - org.springframework.web.context.ContextLoader:
INFO  [Systems]: 2018-04-18 15:15:57.233--- [localhost-startStop-1] Servlet dispatcherServlet mapped to [/] - org.springframework.boot.web.servlet.ServletRegistrationBean:
INFO  [Systems]: 2018-04-18 15:15:57.235--- [localhost-startStop-1] Servlet messageDispatcherServlet mapped to [/services/*] - org.springframework.boot.web.servlet.ServletRegistrationBean:
INFO  [Systems]: 2018-04-18 15:15:57.240--- [localhost-startStop-1] Mapping filter: 'characterEncodingFilter' to: [/*] - org.springframework.boot.web.servlet.FilterRegistrationBean:
INFO  [Systems]: 2018-04-18 15:15:57.240--- [localhost-startStop-1] Mapping filter: 'hiddenHttpMethodFilter' to: [/*] - org.springframework.boot.web.servlet.FilterRegistrationBean:
INFO  [Systems]: 2018-04-18 15:15:57.241--- [localhost-startStop-1] Mapping filter: 'httpPutFormContentFilter' to: [/*] - org.springframework.boot.web.servlet.FilterRegistrationBean:
INFO  [Systems]: 2018-04-18 15:15:57.241--- [localhost-startStop-1] Mapping filter: 'requestContextFilter' to: [/*] - org.springframework.boot.web.servlet.FilterRegistrationBean:
INFO  [Systems]: 2018-04-18 15:15:59.013--- [main] Mapped "{[/cart/add],methods=[POST],produces=[application/json;charset=UTF-8]}" onto public com.mmall.common.Result<com.mmall.vo.CartVo> com.mmall.controller.CartController.add(javax.servlet.http.HttpSession,java.lang.Integer,java.lang.Integer) - org.springframework.web.servlet.mvc.method.annotation.RequestMappingHandlerMapping:
INFO  [Systems]: 2018-04-18 15:15:59.015--- [main] Mapped "{[/cart/update],methods=[PUT],produces=[application/json;charset=UTF-8]}" onto public com.mmall.common.Result<com.mmall.vo.CartVo> com.mmall.controller.CartController.update(javax.servlet.http.HttpSession,java.lang.Integer,java.lang.Integer) - org.springframework.web.servlet.mvc.method.annotation.RequestMappingHandlerMapping:
INFO  [Systems]: 2018-04-18 15:15:59.016--- [main] Mapped "{[/cart/list],methods=[GET],produces=[application/json;charset=UTF-8]}" onto public com.mmall.common.Result<com.mmall.vo.CartVo> com.mmall.controller.CartController.list(javax.servlet.http.HttpSession) - org.springframework.web.servlet.mvc.method.annotation.RequestMappingHandlerMapping:
INFO  [Systems]: 2018-04-18 15:15:59.016--- [main] Mapped "{[/cart/select],methods=[GET],produces=[application/json;charset=UTF-8]}" onto public com.mmall.common.Result<com.mmall.vo.CartVo> com.mmall.controller.CartController.select(javax.servlet.http.HttpSession,java.lang.Integer) - org.springframework.web.servlet.mvc.method.annotation.RequestMappingHandlerMapping:
INFO  [Systems]: 2018-04-18 15:15:59.017--- [main] Mapped "{[/cart/delete_product],methods=[DELETE],produces=[application/json;charset=UTF-8]}" onto public com.mmall.common.Result<com.mmall.vo.CartVo> com.mmall.controller.CartController.deleteProduct(javax.servlet.http.HttpSession,java.lang.String) - org.springframework.web.servlet.mvc.method.annotation.RequestMappingHandlerMapping:
INFO  [Systems]: 2018-04-18 15:15:59.018--- [main] Mapped "{[/cart/select_all],methods=[GET],produces=[application/json;charset=UTF-8]}" onto public com.mmall.common.Result<com.mmall.vo.CartVo> com.mmall.controller.CartController.selectAll(javax.servlet.http.HttpSession) - org.springframework.web.servlet.mvc.method.annotation.RequestMappingHandlerMapping:
INFO  [Systems]: 2018-04-18 15:15:59.018--- [main] Mapped "{[/cart/un_select_all],methods=[GET],produces=[application/json;charset=UTF-8]}" onto public com.mmall.common.Result<com.mmall.vo.CartVo> com.mmall.controller.CartController.unSelectAll(javax.servlet.http.HttpSession) - org.springframework.web.servlet.mvc.method.annotation.RequestMappingHandlerMapping:
INFO  [Systems]: 2018-04-18 15:15:59.020--- [main] Mapped "{[/cart/un_select],methods=[GET],produces=[application/json;charset=UTF-8]}" onto public com.mmall.common.Result<com.mmall.vo.CartVo> com.mmall.controller.CartController.unSelect(javax.servlet.http.HttpSession,java.lang.Integer) - org.springframework.web.servlet.mvc.method.annotation.RequestMappingHandlerMapping:
INFO  [Systems]: 2018-04-18 15:15:59.021--- [main] Mapped "{[/cart/get_cart_product_count],methods=[GET],produces=[application/json;charset=UTF-8]}" onto public com.mmall.common.Result<java.lang.Integer> com.mmall.controller.CartController.getCartProductCount(javax.servlet.http.HttpSession) - org.springframework.web.servlet.mvc.method.annotation.RequestMappingHandlerMapping:
INFO  [Systems]: 2018-04-18 15:15:59.023--- [main] Mapped "{[/category/addCategory],methods=[POST],produces=[application/json;charset=UTF-8]}" onto public com.mmall.common.Result com.mmall.controller.CategoryController.addCategory(javax.servlet.http.HttpSession,java.lang.String,int) - org.springframework.web.servlet.mvc.method.annotation.RequestMappingHandlerMapping:
INFO  [Systems]: 2018-04-18 15:15:59.023--- [main] Mapped "{[/category/setCategoryName],methods=[POST],produces=[application/json;charset=UTF-8]}" onto public com.mmall.common.Result com.mmall.controller.CategoryController.setCategoryName(javax.servlet.http.HttpSession,java.lang.String,java.lang.Integer) - org.springframework.web.servlet.mvc.method.annotation.RequestMappingHandlerMapping:
INFO  [Systems]: 2018-04-18 15:15:59.024--- [main] Mapped "{[/category/getChildParableCategory],methods=[GET],produces=[application/json;charset=UTF-8]}" onto public com.mmall.common.Result<java.util.List<com.mmall.domain.Category>> com.mmall.controller.CategoryController.getChildParableCategory(javax.servlet.http.HttpSession,java.lang.Integer) - org.springframework.web.servlet.mvc.method.annotation.RequestMappingHandlerMapping:
INFO  [Systems]: 2018-04-18 15:15:59.024--- [main] Mapped "{[/category/getChildDeepCategory],methods=[GET],produces=[application/json;charset=UTF-8]}" onto public com.mmall.common.Result<java.util.List<com.mmall.domain.Category>> com.mmall.controller.CategoryController.getChildDeepCategory(javax.servlet.http.HttpSession,java.lang.Integer) - org.springframework.web.servlet.mvc.method.annotation.RequestMappingHandlerMapping:
INFO  [Systems]: 2018-04-18 15:15:59.027--- [main] Mapped "{[/order/create],methods=[POST],produces=[application/json;charset=UTF-8]}" onto public com.mmall.common.Result com.mmall.controller.OrderController.create(javax.servlet.http.HttpSession,java.lang.Integer) - org.springframework.web.servlet.mvc.method.annotation.RequestMappingHandlerMapping:
INFO  [Systems]: 2018-04-18 15:15:59.028--- [main] Mapped "{[/order/list.do],methods=[GET],produces=[application/json;charset=UTF-8]}" onto public com.mmall.common.Result com.mmall.controller.OrderController.list(javax.servlet.http.HttpSession,int,int) - org.springframework.web.servlet.mvc.method.annotation.RequestMappingHandlerMapping:
INFO  [Systems]: 2018-04-18 15:15:59.028--- [main] Mapped "{[/order/cancel],methods=[POST],produces=[application/json;charset=UTF-8]}" onto public com.mmall.common.Result com.mmall.controller.OrderController.cancel(javax.servlet.http.HttpSession,java.lang.Long) - org.springframework.web.servlet.mvc.method.annotation.RequestMappingHandlerMapping:
INFO  [Systems]: 2018-04-18 15:15:59.029--- [main] Mapped "{[/order/detail.do],methods=[GET],produces=[application/json;charset=UTF-8]}" onto public com.mmall.common.Result com.mmall.controller.OrderController.detail(javax.servlet.http.HttpSession,java.lang.Long) - org.springframework.web.servlet.mvc.method.annotation.RequestMappingHandlerMapping:
INFO  [Systems]: 2018-04-18 15:15:59.029--- [main] Mapped "{[/order/pay],methods=[POST],produces=[application/json;charset=UTF-8]}" onto public com.mmall.common.Result com.mmall.controller.OrderController.pay(javax.servlet.http.HttpSession,java.lang.Long,javax.servlet.http.HttpServletRequest) - org.springframework.web.servlet.mvc.method.annotation.RequestMappingHandlerMapping:
INFO  [Systems]: 2018-04-18 15:15:59.029--- [main] Mapped "{[/order/alipay_callback],methods=[POST],produces=[application/json;charset=UTF-8]}" onto public java.lang.Object com.mmall.controller.OrderController.alipayCallback(javax.servlet.http.HttpServletRequest) - org.springframework.web.servlet.mvc.method.annotation.RequestMappingHandlerMapping:
INFO  [Systems]: 2018-04-18 15:15:59.029--- [main] Mapped "{[/order/get_order_cart_product],methods=[GET],produces=[application/json;charset=UTF-8]}" onto public com.mmall.common.Result com.mmall.controller.OrderController.getOrderCartProduct(javax.servlet.http.HttpSession) - org.springframework.web.servlet.mvc.method.annotation.RequestMappingHandlerMapping:
INFO  [Systems]: 2018-04-18 15:15:59.030--- [main] Mapped "{[/order/query_order_pay_status.do],methods=[GET],produces=[application/json;charset=UTF-8]}" onto public com.mmall.common.Result<java.lang.Boolean> com.mmall.controller.OrderController.queryOrderPayStatus(javax.servlet.http.HttpSession,java.lang.Long) - org.springframework.web.servlet.mvc.method.annotation.RequestMappingHandlerMapping:
INFO  [Systems]: 2018-04-18 15:15:59.031--- [main] Mapped "{[/product/productList],methods=[POST],produces=[application/json;charset=UTF-8]}" onto public com.mmall.common.Result<com.github.pagehelper.PageInfo> com.mmall.controller.ProductController.list(com.mmall.common.PagerParam) - org.springframework.web.servlet.mvc.method.annotation.RequestMappingHandlerMapping:
INFO  [Systems]: 2018-04-18 15:15:59.031--- [main] Mapped "{[/product/productSave],methods=[POST],produces=[application/json;charset=UTF-8]}" onto public com.mmall.common.Result com.mmall.controller.ProductController.productSave(javax.servlet.http.HttpSession,com.mmall.domain.ProductWithBLOBs) - org.springframework.web.servlet.mvc.method.annotation.RequestMappingHandlerMapping:
INFO  [Systems]: 2018-04-18 15:15:59.032--- [main] Mapped "{[/product/upload],methods=[POST],produces=[application/json;charset=UTF-8]}" onto public com.mmall.common.Result com.mmall.controller.ProductController.upload(org.springframework.web.multipart.MultipartFile,javax.servlet.http.HttpServletRequest) - org.springframework.web.servlet.mvc.method.annotation.RequestMappingHandlerMapping:
INFO  [Systems]: 2018-04-18 15:15:59.032--- [main] Mapped "{[/product/searchProduct],methods=[POST],produces=[application/json;charset=UTF-8]}" onto public com.mmall.common.Result<com.mmall.domain.Product> com.mmall.controller.ProductController.searchProduct(java.lang.String) - org.springframework.web.servlet.mvc.method.annotation.RequestMappingHandlerMapping:
INFO  [Systems]: 2018-04-18 15:15:59.033--- [main] Mapped "{[/shipping/add],methods=[POST],produces=[application/json;charset=UTF-8]}" onto public com.mmall.common.Result com.mmall.controller.ShippingController.add(javax.servlet.http.HttpSession,com.mmall.domain.Shipping) - org.springframework.web.servlet.mvc.method.annotation.RequestMappingHandlerMapping:
INFO  [Systems]: 2018-04-18 15:15:59.034--- [main] Mapped "{[/shipping/update],methods=[PUT],produces=[application/json;charset=UTF-8]}" onto public com.mmall.common.Result com.mmall.controller.ShippingController.update(javax.servlet.http.HttpSession,com.mmall.domain.Shipping) - org.springframework.web.servlet.mvc.method.annotation.RequestMappingHandlerMapping:
INFO  [Systems]: 2018-04-18 15:15:59.034--- [main] Mapped "{[/shipping/list],methods=[GET],produces=[application/json;charset=UTF-8]}" onto public com.mmall.common.Result<com.github.pagehelper.PageInfo> com.mmall.controller.ShippingController.list(int,int,javax.servlet.http.HttpSession) - org.springframework.web.servlet.mvc.method.annotation.RequestMappingHandlerMapping:
INFO  [Systems]: 2018-04-18 15:15:59.034--- [main] Mapped "{[/shipping/select],methods=[GET],produces=[application/json;charset=UTF-8]}" onto public com.mmall.common.Result<com.mmall.domain.Shipping> com.mmall.controller.ShippingController.select(javax.servlet.http.HttpSession,java.lang.Integer) - org.springframework.web.servlet.mvc.method.annotation.RequestMappingHandlerMapping:
INFO  [Systems]: 2018-04-18 15:15:59.034--- [main] Mapped "{[/shipping/del],methods=[DELETE],produces=[application/json;charset=UTF-8]}" onto public com.mmall.common.Result com.mmall.controller.ShippingController.del(javax.servlet.http.HttpSession,java.lang.Integer) - org.springframework.web.servlet.mvc.method.annotation.RequestMappingHandlerMapping:
INFO  [Systems]: 2018-04-18 15:15:59.039--- [main] Mapped "{[/user/register],methods=[POST],produces=[application/json;charset=UTF-8]}" onto public com.mmall.common.Result<java.lang.String> com.mmall.controller.UserController.register(com.mmall.domain.User) - org.springframework.web.servlet.mvc.method.annotation.RequestMappingHandlerMapping:
INFO  [Systems]: 2018-04-18 15:15:59.040--- [main] Mapped "{[/user/getUserInfo/{userId}],methods=[GET],produces=[application/json;charset=UTF-8]}" onto public com.mmall.common.Result<com.mmall.domain.User> com.mmall.controller.UserController.getUserInfo(java.lang.Integer,javax.servlet.http.HttpSession) - org.springframework.web.servlet.mvc.method.annotation.RequestMappingHandlerMapping:
INFO  [Systems]: 2018-04-18 15:15:59.040--- [main] Mapped "{[/user/loginOut],methods=[GET],produces=[application/json;charset=UTF-8]}" onto public com.mmall.common.Result<java.lang.String> com.mmall.controller.UserController.loginOut(javax.servlet.http.HttpSession) - org.springframework.web.servlet.mvc.method.annotation.RequestMappingHandlerMapping:
INFO  [Systems]: 2018-04-18 15:15:59.041--- [main] Mapped "{[/user/login],methods=[POST],produces=[application/json;charset=UTF-8]}" onto public com.mmall.common.Result<com.mmall.domain.User> com.mmall.controller.UserController.login(java.lang.String,java.lang.String,javax.servlet.http.HttpSession) - org.springframework.web.servlet.mvc.method.annotation.RequestMappingHandlerMapping:
INFO  [Systems]: 2018-04-18 15:15:59.041--- [main] Mapped "{[/user/checkValid],methods=[GET],produces=[application/json;charset=UTF-8]}" onto public com.mmall.common.Result<java.lang.String> com.mmall.controller.UserController.checkValid(java.lang.String,java.lang.String) - org.springframework.web.servlet.mvc.method.annotation.RequestMappingHandlerMapping:
INFO  [Systems]: 2018-04-18 15:15:59.041--- [main] Mapped "{[/user/selectQuestion],methods=[GET],produces=[application/json;charset=UTF-8]}" onto public com.mmall.common.Result<java.lang.String> com.mmall.controller.UserController.selectQuestion(java.lang.String) - org.springframework.web.servlet.mvc.method.annotation.RequestMappingHandlerMapping:
INFO  [Systems]: 2018-04-18 15:15:59.042--- [main] Mapped "{[/user/checkAnswer],methods=[POST],produces=[application/json;charset=UTF-8]}" onto public com.mmall.common.Result<java.lang.String> com.mmall.controller.UserController.checkAnswer(com.mmall.domain.User) - org.springframework.web.servlet.mvc.method.annotation.RequestMappingHandlerMapping:
INFO  [Systems]: 2018-04-18 15:15:59.042--- [main] Mapped "{[/user/updatePassword],methods=[PATCH],produces=[application/json;charset=UTF-8]}" onto public com.mmall.common.Result<java.lang.String> com.mmall.controller.UserController.updatePassword(javax.servlet.http.HttpSession,java.lang.String,java.lang.String) - org.springframework.web.servlet.mvc.method.annotation.RequestMappingHandlerMapping:
INFO  [Systems]: 2018-04-18 15:15:59.042--- [main] Mapped "{[/user/updateUserInfo],methods=[PATCH],produces=[application/json;charset=UTF-8]}" onto public com.mmall.common.Result<com.mmall.domain.User> com.mmall.controller.UserController.updateUserInfo(javax.servlet.http.HttpSession,com.mmall.domain.User) - org.springframework.web.servlet.mvc.method.annotation.RequestMappingHandlerMapping:
INFO  [Systems]: 2018-04-18 15:15:59.042--- [main] Mapped "{[/user/forgetResetPassword],methods=[PATCH],produces=[application/json;charset=UTF-8]}" onto public com.mmall.common.Result<java.lang.String> com.mmall.controller.UserController.forgetResetPassword(java.lang.String,java.lang.String,java.lang.String) - org.springframework.web.servlet.mvc.method.annotation.RequestMappingHandlerMapping:
INFO  [Systems]: 2018-04-18 15:15:59.043--- [main] Mapped "{[/v2/api-docs],methods=[GET],produces=[application/json || application/hal+json]}" onto public org.springframework.http.ResponseEntity<springfox.documentation.spring.web.json.Json> springfox.documentation.swagger2.web.Swagger2Controller.getDocumentation(java.lang.String,javax.servlet.http.HttpServletRequest) - org.springframework.web.servlet.mvc.method.annotation.RequestMappingHandlerMapping:
INFO  [Systems]: 2018-04-18 15:15:59.046--- [main] Mapped "{[/swagger-resources/configuration/security]}" onto org.springframework.http.ResponseEntity<springfox.documentation.swagger.web.SecurityConfiguration> springfox.documentation.swagger.web.ApiResourceController.securityConfiguration() - org.springframework.web.servlet.mvc.method.annotation.RequestMappingHandlerMapping:
INFO  [Systems]: 2018-04-18 15:15:59.046--- [main] Mapped "{[/swagger-resources/configuration/ui]}" onto org.springframework.http.ResponseEntity<springfox.documentation.swagger.web.UiConfiguration> springfox.documentation.swagger.web.ApiResourceController.uiConfiguration() - org.springframework.web.servlet.mvc.method.annotation.RequestMappingHandlerMapping:
INFO  [Systems]: 2018-04-18 15:15:59.047--- [main] Mapped "{[/swagger-resources]}" onto org.springframework.http.ResponseEntity<java.util.List<springfox.documentation.swagger.web.SwaggerResource>> springfox.documentation.swagger.web.ApiResourceController.swaggerResources() - org.springframework.web.servlet.mvc.method.annotation.RequestMappingHandlerMapping:
INFO  [Systems]: 2018-04-18 15:15:59.049--- [main] Mapped "{[/error]}" onto public org.springframework.http.ResponseEntity<java.util.Map<java.lang.String, java.lang.Object>> org.springframework.boot.autoconfigure.web.servlet.error.BasicErrorController.error(javax.servlet.http.HttpServletRequest) - org.springframework.web.servlet.mvc.method.annotation.RequestMappingHandlerMapping:
INFO  [Systems]: 2018-04-18 15:15:59.049--- [main] Mapped "{[/error],produces=[text/html]}" onto public org.springframework.web.servlet.ModelAndView org.springframework.boot.autoconfigure.web.servlet.error.BasicErrorController.errorHtml(javax.servlet.http.HttpServletRequest,javax.servlet.http.HttpServletResponse) - org.springframework.web.servlet.mvc.method.annotation.RequestMappingHandlerMapping:
INFO  [Systems]: 2018-04-18 15:15:59.508--- [main] Mapped URL path [/**/favicon.ico] onto handler of type [class org.springframework.web.servlet.resource.ResourceHttpRequestHandler] - org.springframework.web.servlet.handler.SimpleUrlHandlerMapping:
INFO  [Systems]: 2018-04-18 15:16:00.200--- [main] Looking for @ControllerAdvice: org.springframework.boot.web.servlet.context.AnnotationConfigServletWebServerApplicationContext@5ef6ae06: startup date [Wed Apr 18 15:15:53 CST 2018]; root of context hierarchy - org.springframework.web.servlet.mvc.method.annotation.RequestMappingHandlerAdapter:
INFO  [Systems]: 2018-04-18 15:16:00.377--- [main] Mapped URL path [/webjars/**] onto handler of type [class org.springframework.web.servlet.resource.ResourceHttpRequestHandler] - org.springframework.web.servlet.handler.SimpleUrlHandlerMapping:
INFO  [Systems]: 2018-04-18 15:16:00.378--- [main] Mapped URL path [/**] onto handler of type [class org.springframework.web.servlet.resource.ResourceHttpRequestHandler] - org.springframework.web.servlet.handler.SimpleUrlHandlerMapping:
INFO  [Systems]: 2018-04-18 15:16:00.402--- [main] Detected @ExceptionHandler methods in exceptionHandedController - org.springframework.web.servlet.mvc.method.annotation.ExceptionHandlerExceptionResolver:
INFO  [Systems]: 2018-04-18 15:16:01.984--- [main] Registering beans for JMX exposure on startup - org.springframework.jmx.export.annotation.AnnotationMBeanExporter:
INFO  [Systems]: 2018-04-18 15:16:01.986--- [main] Bean with name 'dataSource' has been autodetected for JMX exposure - org.springframework.jmx.export.annotation.AnnotationMBeanExporter:
INFO  [Systems]: 2018-04-18 15:16:01.996--- [main] Located MBean 'dataSource': registering with JMX server as MBean [com.zaxxer.hikari:name=dataSource,type=HikariDataSource] - org.springframework.jmx.export.annotation.AnnotationMBeanExporter:
INFO  [Systems]: 2018-04-18 15:16:02.004--- [main] Starting beans in phase 2147483647 - org.springframework.context.support.DefaultLifecycleProcessor:
INFO  [Systems]: 2018-04-18 15:16:02.004--- [main] Context refreshed - springfox.documentation.spring.web.plugins.DocumentationPluginsBootstrapper:
INFO  [Systems]: 2018-04-18 15:16:02.030--- [main] Found 1 custom documentation plugin(s) - springfox.documentation.spring.web.plugins.DocumentationPluginsBootstrapper:
INFO  [Systems]: 2018-04-18 15:16:02.054--- [main] Scanning for api listing references - springfox.documentation.spring.web.scanners.ApiListingReferenceScanner:
INFO  [Systems]: 2018-04-18 15:16:02.362--- [main] Generating unique operation named: listUsingGET_1 - springfox.documentation.spring.web.readers.operation.CachingOperationNameGenerator:
INFO  [Systems]: 2018-04-18 15:16:02.412--- [main] Generating unique operation named: addUsingPOST_1 - springfox.documentation.spring.web.readers.operation.CachingOperationNameGenerator:
INFO  [Systems]: 2018-04-18 15:16:02.420--- [main] Generating unique operation named: listUsingGET_2 - springfox.documentation.spring.web.readers.operation.CachingOperationNameGenerator:
INFO  [Systems]: 2018-04-18 15:16:02.427--- [main] Generating unique operation named: selectUsingGET_1 - springfox.documentation.spring.web.readers.operation.CachingOperationNameGenerator:
INFO  [Systems]: 2018-04-18 15:16:02.430--- [main] Generating unique operation named: updateUsingPUT_1 - springfox.documentation.spring.web.readers.operation.CachingOperationNameGenerator:
INFO  [Systems]: 2018-04-18 15:16:02.531--- [main] Starting ProtocolHandler ["http-nio-8887"] - org.apache.coyote.http11.Http11NioProtocol:
INFO  [Systems]: 2018-04-18 15:16:02.540--- [main] Using a shared selector for servlet write/read - org.apache.tomcat.util.net.NioSelectorPool:
INFO  [Systems]: 2018-04-18 15:16:02.558--- [main] Tomcat started on port(s): 8887 (http) with context path '' - org.springframework.boot.web.embedded.tomcat.TomcatWebServer:
INFO  [Systems]: 2018-04-18 15:16:02.563--- [main] Started MmallApplication in 9.935 seconds (JVM running for 10.885) - com.mmall.MmallApplication:
INFO  [Systems]: 2018-04-18 15:16:19.523--- [main] Starting MmallApplication on ZGV201U7WAB5CYS with PID 25432 (D:\workspace3\mmall\target\classes started by Administrator in D:\workspace3\mmall) - com.mmall.MmallApplication:
INFO  [Systems]: 2018-04-18 15:16:19.526--- [main] No active profile set, falling back to default profiles: default - com.mmall.MmallApplication:
INFO  [Systems]: 2018-04-18 15:16:19.582--- [main] Refreshing org.springframework.boot.web.servlet.context.AnnotationConfigServletWebServerApplicationContext@5b619d14: startup date [Wed Apr 18 15:16:19 CST 2018]; root of context hierarchy - org.springframework.boot.web.servlet.context.AnnotationConfigServletWebServerApplicationContext:
INFO  [Systems]: 2018-04-18 15:16:20.783--- [main] Multiple Spring Data modules found, entering strict repository configuration mode! - org.springframework.data.repository.config.RepositoryConfigurationDelegate:
INFO  [Systems]: 2018-04-18 15:16:21.527--- [main] Bean 'org.springframework.ws.config.annotation.DelegatingWsConfiguration' of type [org.springframework.ws.config.annotation.DelegatingWsConfiguration$$EnhancerBySpringCGLIB$$1567b14a] is not eligible for getting processed by all BeanPostProcessors (for example: not eligible for auto-proxying) - org.springframework.context.support.PostProcessorRegistrationDelegate$BeanPostProcessorChecker:
INFO  [Systems]: 2018-04-18 15:16:21.561--- [main] Supporting [WS-Addressing August 2004, WS-Addressing 1.0] - org.springframework.ws.soap.addressing.server.AnnotationActionEndpointMapping:
INFO  [Systems]: 2018-04-18 15:16:21.610--- [main] Bean 'org.springframework.transaction.annotation.ProxyTransactionManagementConfiguration' of type [org.springframework.transaction.annotation.ProxyTransactionManagementConfiguration$$EnhancerBySpringCGLIB$$70cfec4b] is not eligible for getting processed by all BeanPostProcessors (for example: not eligible for auto-proxying) - org.springframework.context.support.PostProcessorRegistrationDelegate$BeanPostProcessorChecker:
INFO  [Systems]: 2018-04-18 15:16:21.755--- [main] Bean 'org.springframework.cache.annotation.ProxyCachingConfiguration' of type [org.springframework.cache.annotation.ProxyCachingConfiguration$$EnhancerBySpringCGLIB$$b9e22269] is not eligible for getting processed by all BeanPostProcessors (for example: not eligible for auto-proxying) - org.springframework.context.support.PostProcessorRegistrationDelegate$BeanPostProcessorChecker:
INFO  [Systems]: 2018-04-18 15:16:22.423--- [main] Tomcat initialized with port(s): 8887 (http) - org.springframework.boot.web.embedded.tomcat.TomcatWebServer:
INFO  [Systems]: 2018-04-18 15:16:22.441--- [main] Initializing ProtocolHandler ["http-nio-8887"] - org.apache.coyote.http11.Http11NioProtocol:
INFO  [Systems]: 2018-04-18 15:16:22.455--- [main] Starting service [Tomcat] - org.apache.catalina.core.StandardService:
INFO  [Systems]: 2018-04-18 15:16:22.455--- [main] Starting Servlet Engine: Apache Tomcat/8.5.29 - org.apache.catalina.core.StandardEngine:
INFO  [Systems]: 2018-04-18 15:16:22.461--- [localhost-startStop-1] The APR based Apache Tomcat Native library which allows optimal performance in production environments was not found on the java.library.path: [C:\Program Files\Java\jdk1.8.0_131\bin;C:\Windows\Sun\Java\bin;C:\Windows\system32;C:\Windows;C:\ProgramData\Oracle\Java\javapath;C:\Windows\system32;C:\Windows;C:\Windows\System32\Wbem;C:\Windows\System32\WindowsPowerShell\v1.0\;F:\tools\maven\bin;C:\Program Files\Java\jdk1.8.0_131\bin;F:\tools\Git\cmd;C:\Program Files\MySQL\mysql-5.7.21-winx64\bin;C:\Program Files\OpenVPN\bin;.] - org.apache.catalina.core.AprLifecycleListener:
INFO  [Systems]: 2018-04-18 15:16:22.575--- [localhost-startStop-1] Initializing Spring embedded WebApplicationContext - org.apache.catalina.core.ContainerBase.[Tomcat].[localhost].[/]:
INFO  [Systems]: 2018-04-18 15:16:22.575--- [localhost-startStop-1] Root WebApplicationContext: initialization completed in 2993 ms - org.springframework.web.context.ContextLoader:
INFO  [Systems]: 2018-04-18 15:16:22.946--- [localhost-startStop-1] Servlet dispatcherServlet mapped to [/] - org.springframework.boot.web.servlet.ServletRegistrationBean:
INFO  [Systems]: 2018-04-18 15:16:22.948--- [localhost-startStop-1] Servlet messageDispatcherServlet mapped to [/services/*] - org.springframework.boot.web.servlet.ServletRegistrationBean:
INFO  [Systems]: 2018-04-18 15:16:22.952--- [localhost-startStop-1] Mapping filter: 'characterEncodingFilter' to: [/*] - org.springframework.boot.web.servlet.FilterRegistrationBean:
INFO  [Systems]: 2018-04-18 15:16:22.952--- [localhost-startStop-1] Mapping filter: 'hiddenHttpMethodFilter' to: [/*] - org.springframework.boot.web.servlet.FilterRegistrationBean:
INFO  [Systems]: 2018-04-18 15:16:22.952--- [localhost-startStop-1] Mapping filter: 'httpPutFormContentFilter' to: [/*] - org.springframework.boot.web.servlet.FilterRegistrationBean:
INFO  [Systems]: 2018-04-18 15:16:22.952--- [localhost-startStop-1] Mapping filter: 'requestContextFilter' to: [/*] - org.springframework.boot.web.servlet.FilterRegistrationBean:
INFO  [Systems]: 2018-04-18 15:16:24.332--- [main] Mapped "{[/cart/add],methods=[POST],produces=[application/json;charset=UTF-8]}" onto public com.mmall.common.Result<com.mmall.vo.CartVo> com.mmall.controller.CartController.add(javax.servlet.http.HttpSession,java.lang.Integer,java.lang.Integer) - org.springframework.web.servlet.mvc.method.annotation.RequestMappingHandlerMapping:
INFO  [Systems]: 2018-04-18 15:16:24.333--- [main] Mapped "{[/cart/update],methods=[PUT],produces=[application/json;charset=UTF-8]}" onto public com.mmall.common.Result<com.mmall.vo.CartVo> com.mmall.controller.CartController.update(javax.servlet.http.HttpSession,java.lang.Integer,java.lang.Integer) - org.springframework.web.servlet.mvc.method.annotation.RequestMappingHandlerMapping:
INFO  [Systems]: 2018-04-18 15:16:24.333--- [main] Mapped "{[/cart/list],methods=[GET],produces=[application/json;charset=UTF-8]}" onto public com.mmall.common.Result<com.mmall.vo.CartVo> com.mmall.controller.CartController.list(javax.servlet.http.HttpSession) - org.springframework.web.servlet.mvc.method.annotation.RequestMappingHandlerMapping:
INFO  [Systems]: 2018-04-18 15:16:24.333--- [main] Mapped "{[/cart/select],methods=[GET],produces=[application/json;charset=UTF-8]}" onto public com.mmall.common.Result<com.mmall.vo.CartVo> com.mmall.controller.CartController.select(javax.servlet.http.HttpSession,java.lang.Integer) - org.springframework.web.servlet.mvc.method.annotation.RequestMappingHandlerMapping:
INFO  [Systems]: 2018-04-18 15:16:24.334--- [main] Mapped "{[/cart/delete_product],methods=[DELETE],produces=[application/json;charset=UTF-8]}" onto public com.mmall.common.Result<com.mmall.vo.CartVo> com.mmall.controller.CartController.deleteProduct(javax.servlet.http.HttpSession,java.lang.String) - org.springframework.web.servlet.mvc.method.annotation.RequestMappingHandlerMapping:
INFO  [Systems]: 2018-04-18 15:16:24.334--- [main] Mapped "{[/cart/select_all],methods=[GET],produces=[application/json;charset=UTF-8]}" onto public com.mmall.common.Result<com.mmall.vo.CartVo> com.mmall.controller.CartController.selectAll(javax.servlet.http.HttpSession) - org.springframework.web.servlet.mvc.method.annotation.RequestMappingHandlerMapping:
INFO  [Systems]: 2018-04-18 15:16:24.334--- [main] Mapped "{[/cart/un_select_all],methods=[GET],produces=[application/json;charset=UTF-8]}" onto public com.mmall.common.Result<com.mmall.vo.CartVo> com.mmall.controller.CartController.unSelectAll(javax.servlet.http.HttpSession) - org.springframework.web.servlet.mvc.method.annotation.RequestMappingHandlerMapping:
INFO  [Systems]: 2018-04-18 15:16:24.334--- [main] Mapped "{[/cart/un_select],methods=[GET],produces=[application/json;charset=UTF-8]}" onto public com.mmall.common.Result<com.mmall.vo.CartVo> com.mmall.controller.CartController.unSelect(javax.servlet.http.HttpSession,java.lang.Integer) - org.springframework.web.servlet.mvc.method.annotation.RequestMappingHandlerMapping:
INFO  [Systems]: 2018-04-18 15:16:24.335--- [main] Mapped "{[/cart/get_cart_product_count],methods=[GET],produces=[application/json;charset=UTF-8]}" onto public com.mmall.common.Result<java.lang.Integer> com.mmall.controller.CartController.getCartProductCount(javax.servlet.http.HttpSession) - org.springframework.web.servlet.mvc.method.annotation.RequestMappingHandlerMapping:
INFO  [Systems]: 2018-04-18 15:16:24.336--- [main] Mapped "{[/category/addCategory],methods=[POST],produces=[application/json;charset=UTF-8]}" onto public com.mmall.common.Result com.mmall.controller.CategoryController.addCategory(javax.servlet.http.HttpSession,java.lang.String,int) - org.springframework.web.servlet.mvc.method.annotation.RequestMappingHandlerMapping:
INFO  [Systems]: 2018-04-18 15:16:24.336--- [main] Mapped "{[/category/setCategoryName],methods=[POST],produces=[application/json;charset=UTF-8]}" onto public com.mmall.common.Result com.mmall.controller.CategoryController.setCategoryName(javax.servlet.http.HttpSession,java.lang.String,java.lang.Integer) - org.springframework.web.servlet.mvc.method.annotation.RequestMappingHandlerMapping:
INFO  [Systems]: 2018-04-18 15:16:24.336--- [main] Mapped "{[/category/getChildParableCategory],methods=[GET],produces=[application/json;charset=UTF-8]}" onto public com.mmall.common.Result<java.util.List<com.mmall.domain.Category>> com.mmall.controller.CategoryController.getChildParableCategory(javax.servlet.http.HttpSession,java.lang.Integer) - org.springframework.web.servlet.mvc.method.annotation.RequestMappingHandlerMapping:
INFO  [Systems]: 2018-04-18 15:16:24.337--- [main] Mapped "{[/category/getChildDeepCategory],methods=[GET],produces=[application/json;charset=UTF-8]}" onto public com.mmall.common.Result<java.util.List<com.mmall.domain.Category>> com.mmall.controller.CategoryController.getChildDeepCategory(javax.servlet.http.HttpSession,java.lang.Integer) - org.springframework.web.servlet.mvc.method.annotation.RequestMappingHandlerMapping:
INFO  [Systems]: 2018-04-18 15:16:24.339--- [main] Mapped "{[/order/create],methods=[POST],produces=[application/json;charset=UTF-8]}" onto public com.mmall.common.Result com.mmall.controller.OrderController.create(javax.servlet.http.HttpSession,java.lang.Integer) - org.springframework.web.servlet.mvc.method.annotation.RequestMappingHandlerMapping:
INFO  [Systems]: 2018-04-18 15:16:24.339--- [main] Mapped "{[/order/list],methods=[GET],produces=[application/json;charset=UTF-8]}" onto public com.mmall.common.Result com.mmall.controller.OrderController.list(javax.servlet.http.HttpSession,int,int) - org.springframework.web.servlet.mvc.method.annotation.RequestMappingHandlerMapping:
INFO  [Systems]: 2018-04-18 15:16:24.339--- [main] Mapped "{[/order/cancel],methods=[POST],produces=[application/json;charset=UTF-8]}" onto public com.mmall.common.Result com.mmall.controller.OrderController.cancel(javax.servlet.http.HttpSession,java.lang.Long) - org.springframework.web.servlet.mvc.method.annotation.RequestMappingHandlerMapping:
INFO  [Systems]: 2018-04-18 15:16:24.339--- [main] Mapped "{[/order/detail],methods=[GET],produces=[application/json;charset=UTF-8]}" onto public com.mmall.common.Result com.mmall.controller.OrderController.detail(javax.servlet.http.HttpSession,java.lang.Long) - org.springframework.web.servlet.mvc.method.annotation.RequestMappingHandlerMapping:
INFO  [Systems]: 2018-04-18 15:16:24.340--- [main] Mapped "{[/order/pay],methods=[POST],produces=[application/json;charset=UTF-8]}" onto public com.mmall.common.Result com.mmall.controller.OrderController.pay(javax.servlet.http.HttpSession,java.lang.Long,javax.servlet.http.HttpServletRequest) - org.springframework.web.servlet.mvc.method.annotation.RequestMappingHandlerMapping:
INFO  [Systems]: 2018-04-18 15:16:24.340--- [main] Mapped "{[/order/alipay_callback],methods=[POST],produces=[application/json;charset=UTF-8]}" onto public java.lang.Object com.mmall.controller.OrderController.alipayCallback(javax.servlet.http.HttpServletRequest) - org.springframework.web.servlet.mvc.method.annotation.RequestMappingHandlerMapping:
INFO  [Systems]: 2018-04-18 15:16:24.340--- [main] Mapped "{[/order/get_order_cart_product],methods=[GET],produces=[application/json;charset=UTF-8]}" onto public com.mmall.common.Result com.mmall.controller.OrderController.getOrderCartProduct(javax.servlet.http.HttpSession) - org.springframework.web.servlet.mvc.method.annotation.RequestMappingHandlerMapping:
INFO  [Systems]: 2018-04-18 15:16:24.340--- [main] Mapped "{[/order/query_order_pay_status.do],methods=[GET],produces=[application/json;charset=UTF-8]}" onto public com.mmall.common.Result<java.lang.Boolean> com.mmall.controller.OrderController.queryOrderPayStatus(javax.servlet.http.HttpSession,java.lang.Long) - org.springframework.web.servlet.mvc.method.annotation.RequestMappingHandlerMapping:
INFO  [Systems]: 2018-04-18 15:16:24.342--- [main] Mapped "{[/product/productList],methods=[POST],produces=[application/json;charset=UTF-8]}" onto public com.mmall.common.Result<com.github.pagehelper.PageInfo> com.mmall.controller.ProductController.list(com.mmall.common.PagerParam) - org.springframework.web.servlet.mvc.method.annotation.RequestMappingHandlerMapping:
INFO  [Systems]: 2018-04-18 15:16:24.342--- [main] Mapped "{[/product/productSave],methods=[POST],produces=[application/json;charset=UTF-8]}" onto public com.mmall.common.Result com.mmall.controller.ProductController.productSave(javax.servlet.http.HttpSession,com.mmall.domain.ProductWithBLOBs) - org.springframework.web.servlet.mvc.method.annotation.RequestMappingHandlerMapping:
INFO  [Systems]: 2018-04-18 15:16:24.342--- [main] Mapped "{[/product/upload],methods=[POST],produces=[application/json;charset=UTF-8]}" onto public com.mmall.common.Result com.mmall.controller.ProductController.upload(org.springframework.web.multipart.MultipartFile,javax.servlet.http.HttpServletRequest) - org.springframework.web.servlet.mvc.method.annotation.RequestMappingHandlerMapping:
INFO  [Systems]: 2018-04-18 15:16:24.342--- [main] Mapped "{[/product/searchProduct],methods=[POST],produces=[application/json;charset=UTF-8]}" onto public com.mmall.common.Result<com.mmall.domain.Product> com.mmall.controller.ProductController.searchProduct(java.lang.String) - org.springframework.web.servlet.mvc.method.annotation.RequestMappingHandlerMapping:
INFO  [Systems]: 2018-04-18 15:16:24.344--- [main] Mapped "{[/shipping/add],methods=[POST],produces=[application/json;charset=UTF-8]}" onto public com.mmall.common.Result com.mmall.controller.ShippingController.add(javax.servlet.http.HttpSession,com.mmall.domain.Shipping) - org.springframework.web.servlet.mvc.method.annotation.RequestMappingHandlerMapping:
INFO  [Systems]: 2018-04-18 15:16:24.344--- [main] Mapped "{[/shipping/update],methods=[PUT],produces=[application/json;charset=UTF-8]}" onto public com.mmall.common.Result com.mmall.controller.ShippingController.update(javax.servlet.http.HttpSession,com.mmall.domain.Shipping) - org.springframework.web.servlet.mvc.method.annotation.RequestMappingHandlerMapping:
INFO  [Systems]: 2018-04-18 15:16:24.344--- [main] Mapped "{[/shipping/list],methods=[GET],produces=[application/json;charset=UTF-8]}" onto public com.mmall.common.Result<com.github.pagehelper.PageInfo> com.mmall.controller.ShippingController.list(int,int,javax.servlet.http.HttpSession) - org.springframework.web.servlet.mvc.method.annotation.RequestMappingHandlerMapping:
INFO  [Systems]: 2018-04-18 15:16:24.344--- [main] Mapped "{[/shipping/select],methods=[GET],produces=[application/json;charset=UTF-8]}" onto public com.mmall.common.Result<com.mmall.domain.Shipping> com.mmall.controller.ShippingController.select(javax.servlet.http.HttpSession,java.lang.Integer) - org.springframework.web.servlet.mvc.method.annotation.RequestMappingHandlerMapping:
INFO  [Systems]: 2018-04-18 15:16:24.345--- [main] Mapped "{[/shipping/del],methods=[DELETE],produces=[application/json;charset=UTF-8]}" onto public com.mmall.common.Result com.mmall.controller.ShippingController.del(javax.servlet.http.HttpSession,java.lang.Integer) - org.springframework.web.servlet.mvc.method.annotation.RequestMappingHandlerMapping:
INFO  [Systems]: 2018-04-18 15:16:24.350--- [main] Mapped "{[/user/register],methods=[POST],produces=[application/json;charset=UTF-8]}" onto public com.mmall.common.Result<java.lang.String> com.mmall.controller.UserController.register(com.mmall.domain.User) - org.springframework.web.servlet.mvc.method.annotation.RequestMappingHandlerMapping:
INFO  [Systems]: 2018-04-18 15:16:24.350--- [main] Mapped "{[/user/getUserInfo/{userId}],methods=[GET],produces=[application/json;charset=UTF-8]}" onto public com.mmall.common.Result<com.mmall.domain.User> com.mmall.controller.UserController.getUserInfo(java.lang.Integer,javax.servlet.http.HttpSession) - org.springframework.web.servlet.mvc.method.annotation.RequestMappingHandlerMapping:
INFO  [Systems]: 2018-04-18 15:16:24.351--- [main] Mapped "{[/user/loginOut],methods=[GET],produces=[application/json;charset=UTF-8]}" onto public com.mmall.common.Result<java.lang.String> com.mmall.controller.UserController.loginOut(javax.servlet.http.HttpSession) - org.springframework.web.servlet.mvc.method.annotation.RequestMappingHandlerMapping:
INFO  [Systems]: 2018-04-18 15:16:24.351--- [main] Mapped "{[/user/login],methods=[POST],produces=[application/json;charset=UTF-8]}" onto public com.mmall.common.Result<com.mmall.domain.User> com.mmall.controller.UserController.login(java.lang.String,java.lang.String,javax.servlet.http.HttpSession) - org.springframework.web.servlet.mvc.method.annotation.RequestMappingHandlerMapping:
INFO  [Systems]: 2018-04-18 15:16:24.351--- [main] Mapped "{[/user/checkValid],methods=[GET],produces=[application/json;charset=UTF-8]}" onto public com.mmall.common.Result<java.lang.String> com.mmall.controller.UserController.checkValid(java.lang.String,java.lang.String) - org.springframework.web.servlet.mvc.method.annotation.RequestMappingHandlerMapping:
INFO  [Systems]: 2018-04-18 15:16:24.352--- [main] Mapped "{[/user/selectQuestion],methods=[GET],produces=[application/json;charset=UTF-8]}" onto public com.mmall.common.Result<java.lang.String> com.mmall.controller.UserController.selectQuestion(java.lang.String) - org.springframework.web.servlet.mvc.method.annotation.RequestMappingHandlerMapping:
INFO  [Systems]: 2018-04-18 15:16:24.352--- [main] Mapped "{[/user/checkAnswer],methods=[POST],produces=[application/json;charset=UTF-8]}" onto public com.mmall.common.Result<java.lang.String> com.mmall.controller.UserController.checkAnswer(com.mmall.domain.User) - org.springframework.web.servlet.mvc.method.annotation.RequestMappingHandlerMapping:
INFO  [Systems]: 2018-04-18 15:16:24.352--- [main] Mapped "{[/user/updatePassword],methods=[PATCH],produces=[application/json;charset=UTF-8]}" onto public com.mmall.common.Result<java.lang.String> com.mmall.controller.UserController.updatePassword(javax.servlet.http.HttpSession,java.lang.String,java.lang.String) - org.springframework.web.servlet.mvc.method.annotation.RequestMappingHandlerMapping:
INFO  [Systems]: 2018-04-18 15:16:24.353--- [main] Mapped "{[/user/updateUserInfo],methods=[PATCH],produces=[application/json;charset=UTF-8]}" onto public com.mmall.common.Result<com.mmall.domain.User> com.mmall.controller.UserController.updateUserInfo(javax.servlet.http.HttpSession,com.mmall.domain.User) - org.springframework.web.servlet.mvc.method.annotation.RequestMappingHandlerMapping:
INFO  [Systems]: 2018-04-18 15:16:24.353--- [main] Mapped "{[/user/forgetResetPassword],methods=[PATCH],produces=[application/json;charset=UTF-8]}" onto public com.mmall.common.Result<java.lang.String> com.mmall.controller.UserController.forgetResetPassword(java.lang.String,java.lang.String,java.lang.String) - org.springframework.web.servlet.mvc.method.annotation.RequestMappingHandlerMapping:
INFO  [Systems]: 2018-04-18 15:16:24.353--- [main] Mapped "{[/v2/api-docs],methods=[GET],produces=[application/json || application/hal+json]}" onto public org.springframework.http.ResponseEntity<springfox.documentation.spring.web.json.Json> springfox.documentation.swagger2.web.Swagger2Controller.getDocumentation(java.lang.String,javax.servlet.http.HttpServletRequest) - org.springframework.web.servlet.mvc.method.annotation.RequestMappingHandlerMapping:
INFO  [Systems]: 2018-04-18 15:16:24.356--- [main] Mapped "{[/swagger-resources/configuration/security]}" onto org.springframework.http.ResponseEntity<springfox.documentation.swagger.web.SecurityConfiguration> springfox.documentation.swagger.web.ApiResourceController.securityConfiguration() - org.springframework.web.servlet.mvc.method.annotation.RequestMappingHandlerMapping:
INFO  [Systems]: 2018-04-18 15:16:24.357--- [main] Mapped "{[/swagger-resources/configuration/ui]}" onto org.springframework.http.ResponseEntity<springfox.documentation.swagger.web.UiConfiguration> springfox.documentation.swagger.web.ApiResourceController.uiConfiguration() - org.springframework.web.servlet.mvc.method.annotation.RequestMappingHandlerMapping:
INFO  [Systems]: 2018-04-18 15:16:24.358--- [main] Mapped "{[/swagger-resources]}" onto org.springframework.http.ResponseEntity<java.util.List<springfox.documentation.swagger.web.SwaggerResource>> springfox.documentation.swagger.web.ApiResourceController.swaggerResources() - org.springframework.web.servlet.mvc.method.annotation.RequestMappingHandlerMapping:
INFO  [Systems]: 2018-04-18 15:16:24.360--- [main] Mapped "{[/error]}" onto public org.springframework.http.ResponseEntity<java.util.Map<java.lang.String, java.lang.Object>> org.springframework.boot.autoconfigure.web.servlet.error.BasicErrorController.error(javax.servlet.http.HttpServletRequest) - org.springframework.web.servlet.mvc.method.annotation.RequestMappingHandlerMapping:
INFO  [Systems]: 2018-04-18 15:16:24.360--- [main] Mapped "{[/error],produces=[text/html]}" onto public org.springframework.web.servlet.ModelAndView org.springframework.boot.autoconfigure.web.servlet.error.BasicErrorController.errorHtml(javax.servlet.http.HttpServletRequest,javax.servlet.http.HttpServletResponse) - org.springframework.web.servlet.mvc.method.annotation.RequestMappingHandlerMapping:
INFO  [Systems]: 2018-04-18 15:16:24.877--- [main] Mapped URL path [/**/favicon.ico] onto handler of type [class org.springframework.web.servlet.resource.ResourceHttpRequestHandler] - org.springframework.web.servlet.handler.SimpleUrlHandlerMapping:
INFO  [Systems]: 2018-04-18 15:16:25.504--- [main] Looking for @ControllerAdvice: org.springframework.boot.web.servlet.context.AnnotationConfigServletWebServerApplicationContext@5b619d14: startup date [Wed Apr 18 15:16:19 CST 2018]; root of context hierarchy - org.springframework.web.servlet.mvc.method.annotation.RequestMappingHandlerAdapter:
INFO  [Systems]: 2018-04-18 15:16:25.661--- [main] Mapped URL path [/webjars/**] onto handler of type [class org.springframework.web.servlet.resource.ResourceHttpRequestHandler] - org.springframework.web.servlet.handler.SimpleUrlHandlerMapping:
INFO  [Systems]: 2018-04-18 15:16:25.662--- [main] Mapped URL path [/**] onto handler of type [class org.springframework.web.servlet.resource.ResourceHttpRequestHandler] - org.springframework.web.servlet.handler.SimpleUrlHandlerMapping:
INFO  [Systems]: 2018-04-18 15:16:25.684--- [main] Detected @ExceptionHandler methods in exceptionHandedController - org.springframework.web.servlet.mvc.method.annotation.ExceptionHandlerExceptionResolver:
INFO  [Systems]: 2018-04-18 15:16:27.139--- [main] Registering beans for JMX exposure on startup - org.springframework.jmx.export.annotation.AnnotationMBeanExporter:
INFO  [Systems]: 2018-04-18 15:16:27.141--- [main] Bean with name 'dataSource' has been autodetected for JMX exposure - org.springframework.jmx.export.annotation.AnnotationMBeanExporter:
INFO  [Systems]: 2018-04-18 15:16:27.148--- [main] Located MBean 'dataSource': registering with JMX server as MBean [com.zaxxer.hikari:name=dataSource,type=HikariDataSource] - org.springframework.jmx.export.annotation.AnnotationMBeanExporter:
INFO  [Systems]: 2018-04-18 15:16:27.153--- [main] Starting beans in phase 2147483647 - org.springframework.context.support.DefaultLifecycleProcessor:
INFO  [Systems]: 2018-04-18 15:16:27.153--- [main] Context refreshed - springfox.documentation.spring.web.plugins.DocumentationPluginsBootstrapper:
INFO  [Systems]: 2018-04-18 15:16:27.171--- [main] Found 1 custom documentation plugin(s) - springfox.documentation.spring.web.plugins.DocumentationPluginsBootstrapper:
INFO  [Systems]: 2018-04-18 15:16:27.183--- [main] Scanning for api listing references - springfox.documentation.spring.web.scanners.ApiListingReferenceScanner:
INFO  [Systems]: 2018-04-18 15:16:27.457--- [main] Generating unique operation named: listUsingGET_1 - springfox.documentation.spring.web.readers.operation.CachingOperationNameGenerator:
INFO  [Systems]: 2018-04-18 15:16:27.513--- [main] Generating unique operation named: addUsingPOST_1 - springfox.documentation.spring.web.readers.operation.CachingOperationNameGenerator:
INFO  [Systems]: 2018-04-18 15:16:27.522--- [main] Generating unique operation named: listUsingGET_2 - springfox.documentation.spring.web.readers.operation.CachingOperationNameGenerator:
INFO  [Systems]: 2018-04-18 15:16:27.531--- [main] Generating unique operation named: selectUsingGET_1 - springfox.documentation.spring.web.readers.operation.CachingOperationNameGenerator:
INFO  [Systems]: 2018-04-18 15:16:27.535--- [main] Generating unique operation named: updateUsingPUT_1 - springfox.documentation.spring.web.readers.operation.CachingOperationNameGenerator:
INFO  [Systems]: 2018-04-18 15:16:27.642--- [main] Starting ProtocolHandler ["http-nio-8887"] - org.apache.coyote.http11.Http11NioProtocol:
INFO  [Systems]: 2018-04-18 15:16:27.652--- [main] Using a shared selector for servlet write/read - org.apache.tomcat.util.net.NioSelectorPool:
INFO  [Systems]: 2018-04-18 15:16:27.673--- [main] Tomcat started on port(s): 8887 (http) with context path '' - org.springframework.boot.web.embedded.tomcat.TomcatWebServer:
INFO  [Systems]: 2018-04-18 15:16:27.679--- [main] Started MmallApplication in 9.455 seconds (JVM running for 10.532) - com.mmall.MmallApplication:
INFO  [Systems]: 2018-04-18 15:17:03.761--- [http-nio-8887-exec-1] Initializing Spring FrameworkServlet 'dispatcherServlet' - org.apache.catalina.core.ContainerBase.[Tomcat].[localhost].[/]:
INFO  [Systems]: 2018-04-18 15:17:03.761--- [http-nio-8887-exec-1] FrameworkServlet 'dispatcherServlet': initialization started - org.springframework.web.servlet.DispatcherServlet:
INFO  [Systems]: 2018-04-18 15:17:03.842--- [http-nio-8887-exec-1] FrameworkServlet 'dispatcherServlet': initialization completed in 80 ms - org.springframework.web.servlet.DispatcherServlet:
